
Showing logs for build [32mseldonio-mlserver-pr-93-pr-buil-xldcs-2[0m stage [32mlint[0m and container [32mstep-credential-initializer-4rnpq[0m
{"level":"info","ts":1609938532.5214639,"logger":"fallback-logger","caller":"logging/config.go:69","msg":"Fetch GitHub commit ID from kodata failed: open /var/run/ko/refs/heads/0.8.0-ns-support: no such file or directory"}
{"level":"info","ts":1609938532.5219996,"logger":"fallback-logger","caller":"creds-init/main.go:40","msg":"Credentials initialized."}

Showing logs for build [32mseldonio-mlserver-pr-93-pr-buil-xldcs-2[0m stage [32mlint[0m and container [32mstep-working-dir-initializer-lxzq7[0m
{"level":"info","ts":1609938533.381674,"logger":"fallback-logger","caller":"logging/config.go:69","msg":"Fetch GitHub commit ID from kodata failed: open /var/run/ko/HEAD: no such file or directory"}
{"level":"info","ts":1609938533.3837948,"logger":"fallback-logger","caller":"bash/main.go:64","msg":"Successfully executed command \"sh -c mkdir -p /workspace/source\"; output "}

Showing logs for build [32mseldonio-mlserver-pr-93-pr-buil-xldcs-2[0m stage [32mlint[0m and container [32mstep-place-tools[0m

Showing logs for build [32mseldonio-mlserver-pr-93-pr-buil-xldcs-2[0m stage [32mlint[0m and container [32mstep-git-source-seldonio-mlserver-pr-93-pr-buil-xldcs-8pxx7[0m
{"level":"info","ts":1609938538.6355126,"logger":"fallback-logger","caller":"logging/config.go:69","msg":"Fetch GitHub commit ID from kodata failed: open /var/run/ko/refs/heads/0.8.0-ns-support: no such file or directory"}
{"level":"info","ts":1609938540.853653,"logger":"fallback-logger","caller":"git/git.go:103","msg":"Successfully cloned https://github.com/SeldonIO/MLServer.git @ master in path /workspace/source"}

Showing logs for build [32mseldonio-mlserver-pr-93-pr-buil-xldcs-2[0m stage [32mlint[0m and container [32mstep-setup-builder-home[0m

Showing logs for build [32mseldonio-mlserver-pr-93-pr-buil-xldcs-2[0m stage [32mlint[0m and container [32mstep-git-merge[0m
Using SHAs from PULL_REFS=master:e0fd1cef57a61ed188bbd5ea658635302103e12b,93:4daca05097198138652a4d50448d453a55ea6774
DEBUG: LC_ALL=C JX_LOG_LEVEL=error git fetch origin --unshallow 4daca05097198138652a4d50448d453a55ea6774: e0fd1cef57a61ed188bbd5ea658635302103e12b:
DEBUG: ran git fetch --unshallow origin 4daca05097198138652a4d50448d453a55ea6774: e0fd1cef57a61ed188bbd5ea658635302103e12b: in 
DEBUG: JX_LOG_LEVEL=error LC_ALL=C git branch
DEBUG: LC_ALL=C JX_LOG_LEVEL=error git checkout master
DEBUG: ran git checkout master in 
DEBUG: LC_ALL=C JX_LOG_LEVEL=error git reset --hard e0fd1cef57a61ed188bbd5ea658635302103e12b
DEBUG: ran git reset --hard e0fd1cef57a61ed188bbd5ea658635302103e12b in 
DEBUG: JX_LOG_LEVEL=error LC_ALL=C git clean -fd .
DEBUG: ran clean --force -d . in 
DEBUG: LC_ALL=C JX_LOG_LEVEL=error git merge 4daca05097198138652a4d50448d453a55ea6774
DEBUG: ran git merge 4daca05097198138652a4d50448d453a55ea6774 in 
DEBUG: LC_ALL=C JX_LOG_LEVEL=error git log --format=%H%x1f%an%x1f%ae%x1f%cn%x1f%ce%x1f%s%n%b%x1e e0fd1cef57a61ed188bbd5ea658635302103e12b..HEAD
Merged SHA 86aed976a3ab423078aeecdea8fad4dfba3f5a34 with commit message 'Merge commit '4daca05097198138652a4d50448d453a55ea6774'' into base branch master
Merged SHA 4daca05097198138652a4d50448d453a55ea6774 with commit message 'Bump twine from 3.2.0 to 3.3.0' into base branch master

Showing logs for build [32mseldonio-mlserver-pr-93-pr-buil-xldcs-2[0m stage [32mlint[0m and container [32mstep-step2[0m
pip install -r requirements-dev.txt
Collecting grpcio-tools==1.34.0
  Downloading grpcio_tools-1.34.0-cp36-cp36m-manylinux2014_x86_64.whl (2.5 MB)
Collecting datamodel-code-generator==0.6.9
  Downloading datamodel_code_generator-0.6.9-py3-none-any.whl (151 kB)
Collecting pytest==6.2.0
  Downloading pytest-6.2.0-py3-none-any.whl (279 kB)
Collecting pytest-asyncio==0.14.0
  Downloading pytest_asyncio-0.14.0-py3-none-any.whl (11 kB)
Collecting tox==3.20.0
  Downloading tox-3.20.0-py2.py3-none-any.whl (83 kB)
Collecting flake8==3.8.3
  Downloading flake8-3.8.3-py2.py3-none-any.whl (72 kB)
Collecting flake8-black==0.2.1
  Downloading flake8-black-0.2.1.tar.gz (9.1 kB)
Collecting mypy==0.790
  Downloading mypy-0.790-cp36-cp36m-manylinux1_x86_64.whl (21.0 MB)
Collecting mypy-protobuf==1.23
  Downloading mypy_protobuf-1.23-py3-none-any.whl (7.4 kB)
Collecting black==20.8b1
  Downloading black-20.8b1.tar.gz (1.1 MB)
  Installing build dependencies: started
  Installing build dependencies: finished with status 'done'
  Getting requirements to build wheel: started
  Getting requirements to build wheel: finished with status 'done'
    Preparing wheel metadata: started
    Preparing wheel metadata: finished with status 'done'
Collecting twine==3.3.0
  Downloading twine-3.3.0-py3-none-any.whl (34 kB)
Collecting pip-licenses==3.1.0
  Downloading pip_licenses-3.1.0-py3-none-any.whl (15 kB)
Requirement already satisfied: setuptools in /usr/local/lib/python3.6/site-packages (from grpcio-tools==1.34.0->-r requirements-dev.txt (line 2)) (50.3.0)
Collecting grpcio>=1.34.0
  Downloading grpcio-1.34.0-cp36-cp36m-manylinux2014_x86_64.whl (4.0 MB)
Requirement already satisfied: protobuf<4.0dev,>=3.5.0.post1 in /usr/local/lib/python3.6/site-packages (from grpcio-tools==1.34.0->-r requirements-dev.txt (line 2)) (3.13.0)
Collecting isort<6.0,>=4.3.21
  Downloading isort-5.7.0-py3-none-any.whl (104 kB)
Collecting PySnooper<1.0.0,>=0.4.1
  Downloading PySnooper-0.4.2-py2.py3-none-any.whl (14 kB)
Collecting pydantic[email]<2.0,>=1.5.1; python_version < "3.9"
  Downloading pydantic-1.7.3-cp36-cp36m-manylinux2014_x86_64.whl (9.2 MB)
Requirement already satisfied: jinja2<3.0,>=2.10.1 in /usr/local/lib/python3.6/site-packages (from datamodel-code-generator==0.6.9->-r requirements-dev.txt (line 3)) (2.11.2)
Collecting genson<2.0,>=1.2.1
  Downloading genson-1.2.2.tar.gz (34 kB)
Collecting prance<1.0,>=0.18.2
  Downloading prance-0.20.0-py2.py3-none-any.whl (34 kB)
Collecting argcomplete<2.0,>=1.10
  Downloading argcomplete-1.12.2-py2.py3-none-any.whl (38 kB)
Collecting toml<1.0.0,>=0.10.0
  Downloading toml-0.10.2-py2.py3-none-any.whl (16 kB)
Collecting inflect<5.0,>=4.1.0
  Downloading inflect-4.1.1-py3-none-any.whl (31 kB)
Collecting openapi-spec-validator<0.3,>=0.2.8
  Downloading openapi_spec_validator-0.2.9-py3-none-any.whl (25 kB)
Requirement already satisfied: pluggy<1.0.0a1,>=0.12 in /usr/local/lib/python3.6/site-packages (from pytest==6.2.0->-r requirements-dev.txt (line 6)) (0.13.1)
Collecting iniconfig
  Downloading iniconfig-1.1.1-py2.py3-none-any.whl (5.0 kB)
Requirement already satisfied: attrs>=19.2.0 in /usr/local/lib/python3.6/site-packages (from pytest==6.2.0->-r requirements-dev.txt (line 6)) (20.2.0)
Requirement already satisfied: py>=1.8.2 in /usr/local/lib/python3.6/site-packages (from pytest==6.2.0->-r requirements-dev.txt (line 6)) (1.9.0)
Requirement already satisfied: packaging in /usr/local/lib/python3.6/site-packages (from pytest==6.2.0->-r requirements-dev.txt (line 6)) (20.4)
Requirement already satisfied: importlib-metadata>=0.12; python_version < "3.8" in /usr/local/lib/python3.6/site-packages (from pytest==6.2.0->-r requirements-dev.txt (line 6)) (1.7.0)
Collecting filelock>=3.0.0
  Downloading filelock-3.0.12-py3-none-any.whl (7.6 kB)
Collecting virtualenv!=20.0.0,!=20.0.1,!=20.0.2,!=20.0.3,!=20.0.4,!=20.0.5,!=20.0.6,!=20.0.7,>=16.0.0
  Downloading virtualenv-20.2.2-py2.py3-none-any.whl (5.7 MB)
Requirement already satisfied: six>=1.14.0 in /usr/local/lib/python3.6/site-packages (from tox==3.20.0->-r requirements-dev.txt (line 8)) (1.15.0)
Collecting pyflakes<2.3.0,>=2.2.0
  Downloading pyflakes-2.2.0-py2.py3-none-any.whl (66 kB)
Collecting mccabe<0.7.0,>=0.6.0
  Downloading mccabe-0.6.1-py2.py3-none-any.whl (8.6 kB)
Collecting pycodestyle<2.7.0,>=2.6.0a1
  Downloading pycodestyle-2.6.0-py2.py3-none-any.whl (41 kB)
Collecting mypy-extensions<0.5.0,>=0.4.3
  Downloading mypy_extensions-0.4.3-py2.py3-none-any.whl (4.5 kB)
Requirement already satisfied: typing-extensions>=3.7.4 in /usr/local/lib/python3.6/site-packages (from mypy==0.790->-r requirements-dev.txt (line 13)) (3.7.4.3)
Collecting typed-ast<1.5.0,>=1.4.0
  Downloading typed_ast-1.4.2-cp36-cp36m-manylinux1_x86_64.whl (743 kB)
Collecting appdirs
  Downloading appdirs-1.4.4-py2.py3-none-any.whl (9.6 kB)
Collecting dataclasses>=0.6; python_version < "3.7"
  Downloading dataclasses-0.8-py3-none-any.whl (19 kB)
Collecting regex>=2020.1.8
  Downloading regex-2020.11.13-cp36-cp36m-manylinux2014_x86_64.whl (723 kB)
Collecting click>=7.1.2
  Downloading click-7.1.2-py2.py3-none-any.whl (82 kB)
Collecting pathspec<1,>=0.6
  Downloading pathspec-0.8.1-py2.py3-none-any.whl (28 kB)
Collecting pkginfo>=1.4.2
  Downloading pkginfo-1.6.1-py2.py3-none-any.whl (25 kB)
Requirement already satisfied: requests>=2.20 in /usr/local/lib/python3.6/site-packages (from twine==3.3.0->-r requirements-dev.txt (line 18)) (2.24.0)
Collecting rfc3986>=1.4.0
  Downloading rfc3986-1.4.0-py2.py3-none-any.whl (31 kB)
Requirement already satisfied: tqdm>=4.14 in /usr/local/lib/python3.6/site-packages (from twine==3.3.0->-r requirements-dev.txt (line 18)) (4.49.0)
Collecting keyring>=15.1
  Downloading keyring-21.8.0-py3-none-any.whl (32 kB)
Collecting colorama>=0.4.3
  Downloading colorama-0.4.4-py2.py3-none-any.whl (16 kB)
Collecting requests-toolbelt!=0.9.0,>=0.8.0
  Downloading requests_toolbelt-0.9.1-py2.py3-none-any.whl (54 kB)
Collecting readme-renderer>=21.0
  Downloading readme_renderer-28.0-py2.py3-none-any.whl (15 kB)
Collecting PTable
  Downloading PTable-0.9.2.tar.gz (31 kB)
Collecting email-validator>=1.0.3; extra == "email"
  Downloading email_validator-1.1.2-py2.py3-none-any.whl (17 kB)
Requirement already satisfied: MarkupSafe>=0.23 in /usr/local/lib/python3.6/site-packages (from jinja2<3.0,>=2.10.1->datamodel-code-generator==0.6.9->-r requirements-dev.txt (line 3)) (1.1.1)
Collecting semver~=2.9
  Downloading semver-2.13.0-py2.py3-none-any.whl (12 kB)
Requirement already satisfied: PyYAML~=5.3 in /usr/local/lib/python3.6/site-packages (from prance<1.0,>=0.18.2->datamodel-code-generator==0.6.9->-r requirements-dev.txt (line 3)) (5.3.1)
Requirement already satisfied: chardet~=3.0 in /usr/local/lib/python3.6/site-packages (from prance<1.0,>=0.18.2->datamodel-code-generator==0.6.9->-r requirements-dev.txt (line 3)) (3.0.4)
Requirement already satisfied: jsonschema in /usr/local/lib/python3.6/site-packages (from openapi-spec-validator<0.3,>=0.2.8->datamodel-code-generator==0.6.9->-r requirements-dev.txt (line 3)) (3.2.0)
Requirement already satisfied: pyparsing>=2.0.2 in /usr/local/lib/python3.6/site-packages (from packaging->pytest==6.2.0->-r requirements-dev.txt (line 6)) (2.4.7)
Requirement already satisfied: zipp>=0.5 in /usr/local/lib/python3.6/site-packages (from importlib-metadata>=0.12; python_version < "3.8"->pytest==6.2.0->-r requirements-dev.txt (line 6)) (3.1.0)
Collecting importlib-resources>=1.0; python_version < "3.7"
  Downloading importlib_resources-4.1.1-py3-none-any.whl (22 kB)
Collecting distlib<1,>=0.3.1
  Downloading distlib-0.3.1-py2.py3-none-any.whl (335 kB)
Requirement already satisfied: urllib3!=1.25.0,!=1.25.1,<1.26,>=1.21.1 in /usr/local/lib/python3.6/site-packages (from requests>=2.20->twine==3.3.0->-r requirements-dev.txt (line 18)) (1.25.10)
Requirement already satisfied: certifi>=2017.4.17 in /usr/local/lib/python3.6/site-packages (from requests>=2.20->twine==3.3.0->-r requirements-dev.txt (line 18)) (2020.6.20)
Requirement already satisfied: idna<3,>=2.5 in /usr/local/lib/python3.6/site-packages (from requests>=2.20->twine==3.3.0->-r requirements-dev.txt (line 18)) (2.10)
Collecting SecretStorage>=3.2; sys_platform == "linux"
  Downloading SecretStorage-3.3.0-py3-none-any.whl (14 kB)
Collecting jeepney>=0.4.2; sys_platform == "linux"
  Downloading jeepney-0.6.0-py3-none-any.whl (45 kB)
Requirement already satisfied: Pygments>=2.5.1 in /usr/local/lib/python3.6/site-packages (from readme-renderer>=21.0->twine==3.3.0->-r requirements-dev.txt (line 18)) (2.7.1)
Requirement already satisfied: bleach>=2.1.0 in /usr/local/lib/python3.6/site-packages (from readme-renderer>=21.0->twine==3.3.0->-r requirements-dev.txt (line 18)) (3.2.0)
Collecting docutils>=0.13.1
  Downloading docutils-0.16-py2.py3-none-any.whl (548 kB)
Collecting dnspython>=1.15.0
  Downloading dnspython-2.0.0-py3-none-any.whl (208 kB)
Requirement already satisfied: pyrsistent>=0.14.0 in /usr/local/lib/python3.6/site-packages (from jsonschema->openapi-spec-validator<0.3,>=0.2.8->datamodel-code-generator==0.6.9->-r requirements-dev.txt (line 3)) (0.17.3)
Collecting cryptography>=2.0
  Downloading cryptography-3.3.1-cp36-abi3-manylinux2010_x86_64.whl (2.6 MB)
Requirement already satisfied: webencodings in /usr/local/lib/python3.6/site-packages (from bleach>=2.1.0->readme-renderer>=21.0->twine==3.3.0->-r requirements-dev.txt (line 18)) (0.5.1)
Requirement already satisfied: cffi>=1.12 in /usr/local/lib/python3.6/site-packages (from cryptography>=2.0->SecretStorage>=3.2; sys_platform == "linux"->keyring>=15.1->twine==3.3.0->-r requirements-dev.txt (line 18)) (1.14.2)
Requirement already satisfied: pycparser in /usr/local/lib/python3.6/site-packages (from cffi>=1.12->cryptography>=2.0->SecretStorage>=3.2; sys_platform == "linux"->keyring>=15.1->twine==3.3.0->-r requirements-dev.txt (line 18)) (2.20)
Building wheels for collected packages: flake8-black, black, genson, PTable
  Building wheel for flake8-black (setup.py): started
  Building wheel for flake8-black (setup.py): finished with status 'done'
  Created wheel for flake8-black: filename=flake8_black-0.2.1-py2.py3-none-any.whl size=8873 sha256=51096361dc8035eff3d12932591ac8ba7d0476395eb41a2d25e00646a3c95895
  Stored in directory: /builder/home/.cache/pip/wheels/f3/71/20/4bcba7c464da12f8e2d5009d9da66d732d32498be89b8f9d10
  Building wheel for black (PEP 517): started
  Building wheel for black (PEP 517): finished with status 'done'
  Created wheel for black: filename=black-20.8b1-py3-none-any.whl size=124184 sha256=dcbf9f9aa3424addba9f89277351413c93e1e97ae523e8429f02b295b3f42f2b
  Stored in directory: /builder/home/.cache/pip/wheels/dd/c8/94/e774504958e4667180d81202d1d45cdc35d6222ae39229871b
  Building wheel for genson (setup.py): started
  Building wheel for genson (setup.py): finished with status 'done'
  Created wheel for genson: filename=genson-1.2.2-py2.py3-none-any.whl size=21261 sha256=926d45651a4103dce6a1a87a8a4ddfd43d61efb144e510a341173e1cf8276169
  Stored in directory: /builder/home/.cache/pip/wheels/17/8e/f6/70b78333e594fdb9a14a41c225743d4cad09bcdbf9ebd3a90b
  Building wheel for PTable (setup.py): started
  Building wheel for PTable (setup.py): finished with status 'done'
  Created wheel for PTable: filename=PTable-0.9.2-py3-none-any.whl size=22907 sha256=aa07b751b67f8dbc13b0db0f2eea35473fad6e88f58d0abf2f08dff290697373
  Stored in directory: /builder/home/.cache/pip/wheels/f3/65/67/71f473ec87ea4554d1bdfb1b5128cfe1414c2b113b72a1ee8e
Successfully built flake8-black black genson PTable
Installing collected packages: grpcio, grpcio-tools, appdirs, dataclasses, mypy-extensions, regex, toml, click, typed-ast, pathspec, black, isort, PySnooper, dnspython, email-validator, pydantic, genson, semver, prance, argcomplete, inflect, openapi-spec-validator, datamodel-code-generator, iniconfig, pytest, pytest-asyncio, filelock, importlib-resources, distlib, virtualenv, tox, pyflakes, mccabe, pycodestyle, flake8, flake8-black, mypy, mypy-protobuf, pkginfo, rfc3986, jeepney, cryptography, SecretStorage, keyring, colorama, requests-toolbelt, docutils, readme-renderer, twine, PTable, pip-licenses
  Attempting uninstall: grpcio
    Found existing installation: grpcio 1.32.0
    Uninstalling grpcio-1.32.0:
      Successfully uninstalled grpcio-1.32.0
  Attempting uninstall: grpcio-tools
    Found existing installation: grpcio-tools 1.32.0
    Uninstalling grpcio-tools-1.32.0:
      Successfully uninstalled grpcio-tools-1.32.0
  Attempting uninstall: pytest
    Found existing installation: pytest 5.3.1
    Uninstalling pytest-5.3.1:
      Successfully uninstalled pytest-5.3.1
Successfully installed PTable-0.9.2 PySnooper-0.4.2 SecretStorage-3.3.0 appdirs-1.4.4 argcomplete-1.12.2 black-20.8b1 click-7.1.2 colorama-0.4.4 cryptography-3.3.1 dataclasses-0.8 datamodel-code-generator-0.6.9 distlib-0.3.1 dnspython-2.0.0 docutils-0.16 email-validator-1.1.2 filelock-3.0.12 flake8-3.8.3 flake8-black-0.2.1 genson-1.2.2 grpcio-1.34.0 grpcio-tools-1.34.0 importlib-resources-4.1.1 inflect-4.1.1 iniconfig-1.1.1 isort-5.7.0 jeepney-0.6.0 keyring-21.8.0 mccabe-0.6.1 mypy-0.790 mypy-extensions-0.4.3 mypy-protobuf-1.23 openapi-spec-validator-0.2.9 pathspec-0.8.1 pip-licenses-3.1.0 pkginfo-1.6.1 prance-0.20.0 pycodestyle-2.6.0 pydantic-1.7.3 pyflakes-2.2.0 pytest-6.2.0 pytest-asyncio-0.14.0 readme-renderer-28.0 regex-2020.11.13 requests-toolbelt-0.9.1 rfc3986-1.4.0 semver-2.13.0 toml-0.10.2 tox-3.20.0 twine-3.3.0 typed-ast-1.4.2 virtualenv-20.2.2
ERROR: After October 2020 you may experience errors when installing or updating packages. This is because pip will change the way that it resolves dependency conflicts.

We recommend you use --use-feature=2020-resolver to test your packages with the new resolver before it becomes the default.

alibi 0.5.2 requires tensorflow>=2.0, but you'll have tensorflow 1.15.2 which is incompatible.
WARNING: You are using pip version 20.2.3; however, version 20.3.3 is available.
You should consider upgrading via the '/usr/local/bin/python -m pip install --upgrade pip' command.
pip install --editable .
Obtaining file:///workspace/source
Requirement already satisfied: grpcio==1.34.0 in /usr/local/lib/python3.6/site-packages (from mlserver==0.2.1.dev0) (1.34.0)
Collecting protobuf==3.14.0
  Downloading protobuf-3.14.0-cp36-cp36m-manylinux1_x86_64.whl (1.0 MB)
Collecting fastapi==0.63.0
  Downloading fastapi-0.63.0-py3-none-any.whl (50 kB)
Collecting uvicorn==0.13.3
  Downloading uvicorn-0.13.3-py3-none-any.whl (45 kB)
Collecting orjson==3.4.6
  Downloading orjson-3.4.6-cp36-cp36m-manylinux2014_x86_64.whl (233 kB)
Requirement already satisfied: click==7.1.2 in /usr/local/lib/python3.6/site-packages (from mlserver==0.2.1.dev0) (7.1.2)
Requirement already satisfied: six>=1.5.2 in /usr/local/lib/python3.6/site-packages (from grpcio==1.34.0->mlserver==0.2.1.dev0) (1.15.0)
Collecting starlette==0.13.6
  Downloading starlette-0.13.6-py3-none-any.whl (59 kB)
Requirement already satisfied: pydantic<2.0.0,>=1.0.0 in /usr/local/lib/python3.6/site-packages (from fastapi==0.63.0->mlserver==0.2.1.dev0) (1.7.3)
Collecting h11>=0.8
  Downloading h11-0.12.0-py3-none-any.whl (54 kB)
Requirement already satisfied: typing-extensions; python_version < "3.8" in /usr/local/lib/python3.6/site-packages (from uvicorn==0.13.3->mlserver==0.2.1.dev0) (3.7.4.3)
Requirement already satisfied: dataclasses>=0.6; python_version < "3.7" in /usr/local/lib/python3.6/site-packages (from pydantic<2.0.0,>=1.0.0->fastapi==0.63.0->mlserver==0.2.1.dev0) (0.8)
Installing collected packages: protobuf, starlette, fastapi, h11, uvicorn, orjson, mlserver
  Attempting uninstall: protobuf
    Found existing installation: protobuf 3.13.0
    Uninstalling protobuf-3.13.0:
      Successfully uninstalled protobuf-3.13.0
  Running setup.py develop for mlserver
ERROR: After October 2020 you may experience errors when installing or updating packages. This is because pip will change the way that it resolves dependency conflicts.

We recommend you use --use-feature=2020-resolver to test your packages with the new resolver before it becomes the default.

alibi 0.5.2 requires tensorflow>=2.0, but you'll have tensorflow 1.15.2 which is incompatible.
Successfully installed fastapi-0.63.0 h11-0.12.0 mlserver orjson-3.4.6 protobuf-3.14.0 starlette-0.13.6 uvicorn-0.13.3
WARNING: You are using pip version 20.2.3; however, version 20.3.3 is available.
You should consider upgrading via the '/usr/local/bin/python -m pip install --upgrade pip' command.
pip install --editable ./runtimes/sklearn
Obtaining file:///workspace/source/runtimes/sklearn
Requirement already satisfied: mlserver in /workspace/source (from mlserver-sklearn==0.2.1.dev0) (0.2.1.dev0)
Collecting scikit-learn==0.23.1
  Downloading scikit_learn-0.23.1-cp36-cp36m-manylinux1_x86_64.whl (6.8 MB)
Requirement already satisfied: joblib==0.16.0 in /usr/local/lib/python3.6/site-packages (from mlserver-sklearn==0.2.1.dev0) (0.16.0)
Requirement already satisfied: grpcio==1.34.0 in /usr/local/lib/python3.6/site-packages (from mlserver->mlserver-sklearn==0.2.1.dev0) (1.34.0)
Requirement already satisfied: protobuf==3.14.0 in /usr/local/lib/python3.6/site-packages (from mlserver->mlserver-sklearn==0.2.1.dev0) (3.14.0)
Requirement already satisfied: fastapi==0.63.0 in /usr/local/lib/python3.6/site-packages (from mlserver->mlserver-sklearn==0.2.1.dev0) (0.63.0)
Requirement already satisfied: uvicorn==0.13.3 in /usr/local/lib/python3.6/site-packages (from mlserver->mlserver-sklearn==0.2.1.dev0) (0.13.3)
Requirement already satisfied: orjson==3.4.6 in /usr/local/lib/python3.6/site-packages (from mlserver->mlserver-sklearn==0.2.1.dev0) (3.4.6)
Requirement already satisfied: click==7.1.2 in /usr/local/lib/python3.6/site-packages (from mlserver->mlserver-sklearn==0.2.1.dev0) (7.1.2)
Requirement already satisfied: scipy>=0.19.1 in /usr/local/lib/python3.6/site-packages (from scikit-learn==0.23.1->mlserver-sklearn==0.2.1.dev0) (1.5.2)
Requirement already satisfied: threadpoolctl>=2.0.0 in /usr/local/lib/python3.6/site-packages (from scikit-learn==0.23.1->mlserver-sklearn==0.2.1.dev0) (2.1.0)
Requirement already satisfied: numpy>=1.13.3 in /usr/local/lib/python3.6/site-packages (from scikit-learn==0.23.1->mlserver-sklearn==0.2.1.dev0) (1.19.2)
Requirement already satisfied: six>=1.5.2 in /usr/local/lib/python3.6/site-packages (from grpcio==1.34.0->mlserver->mlserver-sklearn==0.2.1.dev0) (1.15.0)
Requirement already satisfied: pydantic<2.0.0,>=1.0.0 in /usr/local/lib/python3.6/site-packages (from fastapi==0.63.0->mlserver->mlserver-sklearn==0.2.1.dev0) (1.7.3)
Requirement already satisfied: starlette==0.13.6 in /usr/local/lib/python3.6/site-packages (from fastapi==0.63.0->mlserver->mlserver-sklearn==0.2.1.dev0) (0.13.6)
Requirement already satisfied: typing-extensions; python_version < "3.8" in /usr/local/lib/python3.6/site-packages (from uvicorn==0.13.3->mlserver->mlserver-sklearn==0.2.1.dev0) (3.7.4.3)
Requirement already satisfied: h11>=0.8 in /usr/local/lib/python3.6/site-packages (from uvicorn==0.13.3->mlserver->mlserver-sklearn==0.2.1.dev0) (0.12.0)
Requirement already satisfied: dataclasses>=0.6; python_version < "3.7" in /usr/local/lib/python3.6/site-packages (from pydantic<2.0.0,>=1.0.0->fastapi==0.63.0->mlserver->mlserver-sklearn==0.2.1.dev0) (0.8)
Installing collected packages: scikit-learn, mlserver-sklearn
  Attempting uninstall: scikit-learn
    Found existing installation: scikit-learn 0.23.2
    Uninstalling scikit-learn-0.23.2:
      Successfully uninstalled scikit-learn-0.23.2
  Running setup.py develop for mlserver-sklearn
ERROR: After October 2020 you may experience errors when installing or updating packages. This is because pip will change the way that it resolves dependency conflicts.

We recommend you use --use-feature=2020-resolver to test your packages with the new resolver before it becomes the default.

alibi 0.5.2 requires tensorflow>=2.0, but you'll have tensorflow 1.15.2 which is incompatible.
Successfully installed mlserver-sklearn scikit-learn-0.23.1
WARNING: You are using pip version 20.2.3; however, version 20.3.3 is available.
You should consider upgrading via the '/usr/local/bin/python -m pip install --upgrade pip' command.
pip install --editable ./runtimes/xgboost
Obtaining file:///workspace/source/runtimes/xgboost
Requirement already satisfied: mlserver in /workspace/source (from mlserver-xgboost==0.2.1.dev0) (0.2.1.dev0)
Collecting xgboost==1.1.1
  Downloading xgboost-1.1.1-py3-none-manylinux2010_x86_64.whl (127.6 MB)
Requirement already satisfied: grpcio==1.34.0 in /usr/local/lib/python3.6/site-packages (from mlserver->mlserver-xgboost==0.2.1.dev0) (1.34.0)
Requirement already satisfied: protobuf==3.14.0 in /usr/local/lib/python3.6/site-packages (from mlserver->mlserver-xgboost==0.2.1.dev0) (3.14.0)
Requirement already satisfied: fastapi==0.63.0 in /usr/local/lib/python3.6/site-packages (from mlserver->mlserver-xgboost==0.2.1.dev0) (0.63.0)
Requirement already satisfied: uvicorn==0.13.3 in /usr/local/lib/python3.6/site-packages (from mlserver->mlserver-xgboost==0.2.1.dev0) (0.13.3)
Requirement already satisfied: orjson==3.4.6 in /usr/local/lib/python3.6/site-packages (from mlserver->mlserver-xgboost==0.2.1.dev0) (3.4.6)
Requirement already satisfied: click==7.1.2 in /usr/local/lib/python3.6/site-packages (from mlserver->mlserver-xgboost==0.2.1.dev0) (7.1.2)
Requirement already satisfied: numpy in /usr/local/lib/python3.6/site-packages (from xgboost==1.1.1->mlserver-xgboost==0.2.1.dev0) (1.19.2)
Requirement already satisfied: scipy in /usr/local/lib/python3.6/site-packages (from xgboost==1.1.1->mlserver-xgboost==0.2.1.dev0) (1.5.2)
Requirement already satisfied: six>=1.5.2 in /usr/local/lib/python3.6/site-packages (from grpcio==1.34.0->mlserver->mlserver-xgboost==0.2.1.dev0) (1.15.0)
Requirement already satisfied: pydantic<2.0.0,>=1.0.0 in /usr/local/lib/python3.6/site-packages (from fastapi==0.63.0->mlserver->mlserver-xgboost==0.2.1.dev0) (1.7.3)
Requirement already satisfied: starlette==0.13.6 in /usr/local/lib/python3.6/site-packages (from fastapi==0.63.0->mlserver->mlserver-xgboost==0.2.1.dev0) (0.13.6)
Requirement already satisfied: typing-extensions; python_version < "3.8" in /usr/local/lib/python3.6/site-packages (from uvicorn==0.13.3->mlserver->mlserver-xgboost==0.2.1.dev0) (3.7.4.3)
Requirement already satisfied: h11>=0.8 in /usr/local/lib/python3.6/site-packages (from uvicorn==0.13.3->mlserver->mlserver-xgboost==0.2.1.dev0) (0.12.0)
Requirement already satisfied: dataclasses>=0.6; python_version < "3.7" in /usr/local/lib/python3.6/site-packages (from pydantic<2.0.0,>=1.0.0->fastapi==0.63.0->mlserver->mlserver-xgboost==0.2.1.dev0) (0.8)
Installing collected packages: xgboost, mlserver-xgboost
  Running setup.py develop for mlserver-xgboost
Successfully installed mlserver-xgboost xgboost-1.1.1
WARNING: You are using pip version 20.2.3; however, version 20.3.3 is available.
You should consider upgrading via the '/usr/local/bin/python -m pip install --upgrade pip' command.
pip install --editable ./runtimes/mllib
Obtaining file:///workspace/source/runtimes/mllib
Requirement already satisfied: mlserver in /workspace/source (from mlserver-mllib==0.2.1.dev0) (0.2.1.dev0)
Collecting pyspark==3.0.1
  Downloading pyspark-3.0.1.tar.gz (204.2 MB)
Requirement already satisfied: grpcio==1.34.0 in /usr/local/lib/python3.6/site-packages (from mlserver->mlserver-mllib==0.2.1.dev0) (1.34.0)
Requirement already satisfied: protobuf==3.14.0 in /usr/local/lib/python3.6/site-packages (from mlserver->mlserver-mllib==0.2.1.dev0) (3.14.0)
Requirement already satisfied: fastapi==0.63.0 in /usr/local/lib/python3.6/site-packages (from mlserver->mlserver-mllib==0.2.1.dev0) (0.63.0)
Requirement already satisfied: uvicorn==0.13.3 in /usr/local/lib/python3.6/site-packages (from mlserver->mlserver-mllib==0.2.1.dev0) (0.13.3)
Requirement already satisfied: orjson==3.4.6 in /usr/local/lib/python3.6/site-packages (from mlserver->mlserver-mllib==0.2.1.dev0) (3.4.6)
Requirement already satisfied: click==7.1.2 in /usr/local/lib/python3.6/site-packages (from mlserver->mlserver-mllib==0.2.1.dev0) (7.1.2)
Collecting py4j==0.10.9
  Downloading py4j-0.10.9-py2.py3-none-any.whl (198 kB)
Requirement already satisfied: six>=1.5.2 in /usr/local/lib/python3.6/site-packages (from grpcio==1.34.0->mlserver->mlserver-mllib==0.2.1.dev0) (1.15.0)
Requirement already satisfied: starlette==0.13.6 in /usr/local/lib/python3.6/site-packages (from fastapi==0.63.0->mlserver->mlserver-mllib==0.2.1.dev0) (0.13.6)
Requirement already satisfied: pydantic<2.0.0,>=1.0.0 in /usr/local/lib/python3.6/site-packages (from fastapi==0.63.0->mlserver->mlserver-mllib==0.2.1.dev0) (1.7.3)
Requirement already satisfied: h11>=0.8 in /usr/local/lib/python3.6/site-packages (from uvicorn==0.13.3->mlserver->mlserver-mllib==0.2.1.dev0) (0.12.0)
Requirement already satisfied: typing-extensions; python_version < "3.8" in /usr/local/lib/python3.6/site-packages (from uvicorn==0.13.3->mlserver->mlserver-mllib==0.2.1.dev0) (3.7.4.3)
Requirement already satisfied: dataclasses>=0.6; python_version < "3.7" in /usr/local/lib/python3.6/site-packages (from pydantic<2.0.0,>=1.0.0->fastapi==0.63.0->mlserver->mlserver-mllib==0.2.1.dev0) (0.8)
Building wheels for collected packages: pyspark
  Building wheel for pyspark (setup.py): started
  Building wheel for pyspark (setup.py): finished with status 'done'
  Created wheel for pyspark: filename=pyspark-3.0.1-py2.py3-none-any.whl size=204612243 sha256=78f92b3ba3f19d3fb1b7dd6494bfa29c05352d3875539e89141398cc44f0b180
  Stored in directory: /builder/home/.cache/pip/wheels/32/d6/81/b226c0fb07391610277bc3e3fcc50b24bae5040b71d9dba360
Successfully built pyspark
Installing collected packages: py4j, pyspark, mlserver-mllib
  Running setup.py develop for mlserver-mllib
Successfully installed mlserver-mllib py4j-0.10.9 pyspark-3.0.1
WARNING: You are using pip version 20.2.3; however, version 20.3.3 is available.
You should consider upgrading via the '/usr/local/bin/python -m pip install --upgrade pip' command.
pip install --editable ./runtimes/lightgbm
Obtaining file:///workspace/source/runtimes/lightgbm
Requirement already satisfied: mlserver in /workspace/source (from mlserver-lightgbm==0.2.1.dev0) (0.2.1.dev0)
Collecting lightgbm==2.3.1
  Downloading lightgbm-2.3.1-py2.py3-none-manylinux1_x86_64.whl (1.2 MB)
Collecting pandas==0.25.3
  Downloading pandas-0.25.3-cp36-cp36m-manylinux1_x86_64.whl (10.4 MB)
Requirement already satisfied: grpcio==1.34.0 in /usr/local/lib/python3.6/site-packages (from mlserver->mlserver-lightgbm==0.2.1.dev0) (1.34.0)
Requirement already satisfied: protobuf==3.14.0 in /usr/local/lib/python3.6/site-packages (from mlserver->mlserver-lightgbm==0.2.1.dev0) (3.14.0)
Requirement already satisfied: fastapi==0.63.0 in /usr/local/lib/python3.6/site-packages (from mlserver->mlserver-lightgbm==0.2.1.dev0) (0.63.0)
Requirement already satisfied: uvicorn==0.13.3 in /usr/local/lib/python3.6/site-packages (from mlserver->mlserver-lightgbm==0.2.1.dev0) (0.13.3)
Requirement already satisfied: orjson==3.4.6 in /usr/local/lib/python3.6/site-packages (from mlserver->mlserver-lightgbm==0.2.1.dev0) (3.4.6)
Requirement already satisfied: click==7.1.2 in /usr/local/lib/python3.6/site-packages (from mlserver->mlserver-lightgbm==0.2.1.dev0) (7.1.2)
Requirement already satisfied: scipy in /usr/local/lib/python3.6/site-packages (from lightgbm==2.3.1->mlserver-lightgbm==0.2.1.dev0) (1.5.2)
Requirement already satisfied: numpy in /usr/local/lib/python3.6/site-packages (from lightgbm==2.3.1->mlserver-lightgbm==0.2.1.dev0) (1.19.2)
Requirement already satisfied: scikit-learn in /usr/local/lib/python3.6/site-packages (from lightgbm==2.3.1->mlserver-lightgbm==0.2.1.dev0) (0.23.1)
Requirement already satisfied: python-dateutil>=2.6.1 in /usr/local/lib/python3.6/site-packages (from pandas==0.25.3->mlserver-lightgbm==0.2.1.dev0) (2.8.1)
Requirement already satisfied: pytz>=2017.2 in /usr/local/lib/python3.6/site-packages (from pandas==0.25.3->mlserver-lightgbm==0.2.1.dev0) (2020.1)
Requirement already satisfied: six>=1.5.2 in /usr/local/lib/python3.6/site-packages (from grpcio==1.34.0->mlserver->mlserver-lightgbm==0.2.1.dev0) (1.15.0)
Requirement already satisfied: starlette==0.13.6 in /usr/local/lib/python3.6/site-packages (from fastapi==0.63.0->mlserver->mlserver-lightgbm==0.2.1.dev0) (0.13.6)
Requirement already satisfied: pydantic<2.0.0,>=1.0.0 in /usr/local/lib/python3.6/site-packages (from fastapi==0.63.0->mlserver->mlserver-lightgbm==0.2.1.dev0) (1.7.3)
Requirement already satisfied: h11>=0.8 in /usr/local/lib/python3.6/site-packages (from uvicorn==0.13.3->mlserver->mlserver-lightgbm==0.2.1.dev0) (0.12.0)
Requirement already satisfied: typing-extensions; python_version < "3.8" in /usr/local/lib/python3.6/site-packages (from uvicorn==0.13.3->mlserver->mlserver-lightgbm==0.2.1.dev0) (3.7.4.3)
Requirement already satisfied: threadpoolctl>=2.0.0 in /usr/local/lib/python3.6/site-packages (from scikit-learn->lightgbm==2.3.1->mlserver-lightgbm==0.2.1.dev0) (2.1.0)
Requirement already satisfied: joblib>=0.11 in /usr/local/lib/python3.6/site-packages (from scikit-learn->lightgbm==2.3.1->mlserver-lightgbm==0.2.1.dev0) (0.16.0)
Requirement already satisfied: dataclasses>=0.6; python_version < "3.7" in /usr/local/lib/python3.6/site-packages (from pydantic<2.0.0,>=1.0.0->fastapi==0.63.0->mlserver->mlserver-lightgbm==0.2.1.dev0) (0.8)
Installing collected packages: lightgbm, pandas, mlserver-lightgbm
  Attempting uninstall: pandas
    Found existing installation: pandas 1.1.2
    Uninstalling pandas-1.1.2:
      Successfully uninstalled pandas-1.1.2
  Running setup.py develop for mlserver-lightgbm
ERROR: After October 2020 you may experience errors when installing or updating packages. This is because pip will change the way that it resolves dependency conflicts.

We recommend you use --use-feature=2020-resolver to test your packages with the new resolver before it becomes the default.

alibi 0.5.2 requires tensorflow>=2.0, but you'll have tensorflow 1.15.2 which is incompatible.
Successfully installed lightgbm-2.3.1 mlserver-lightgbm pandas-0.25.3
WARNING: You are using pip version 20.2.3; however, version 20.3.3 is available.
You should consider upgrading via the '/usr/local/bin/python -m pip install --upgrade pip' command.
./hack/generate-types.sh
Writing mypy to dataplane_pb2.pyi
Writing mypy to model_repository_pb2.pyi
black . \
	--exclude "(mlserver/grpc/dataplane_pb2*)"
reformatted /workspace/source/mlserver/types/model_repository.py
reformatted /workspace/source/mlserver/types/dataplane.py
reformatted /workspace/source/mlserver/grpc/model_repository_pb2.pyi
reformatted /workspace/source/mlserver/grpc/model_repository_pb2_grpc.py
reformatted /workspace/source/mlserver/grpc/model_repository_pb2.py
All done! âœ¨ ðŸ° âœ¨
5 files reformatted, 76 files left unchanged.
flake8 .
mypy .
Success: no issues found in 55 source files
# Check if something has changed after generation
git \
	--no-pager diff \
	--exit-code \
	.

Showing logs for build [32mseldonio-mlserver-pr-93-pr-buil-xldcs-2[0m stage [32mtest[0m and container [32mstep-credential-initializer-65j99[0m
{"level":"info","ts":1609938532.521745,"logger":"fallback-logger","caller":"logging/config.go:69","msg":"Fetch GitHub commit ID from kodata failed: open /var/run/ko/refs/heads/0.8.0-ns-support: no such file or directory"}
{"level":"info","ts":1609938532.52218,"logger":"fallback-logger","caller":"creds-init/main.go:40","msg":"Credentials initialized."}

Showing logs for build [32mseldonio-mlserver-pr-93-pr-buil-xldcs-2[0m stage [32mtest[0m and container [32mstep-working-dir-initializer-gwx8k[0m
{"level":"info","ts":1609938533.339005,"logger":"fallback-logger","caller":"logging/config.go:69","msg":"Fetch GitHub commit ID from kodata failed: open /var/run/ko/HEAD: no such file or directory"}
{"level":"info","ts":1609938533.3405173,"logger":"fallback-logger","caller":"bash/main.go:64","msg":"Successfully executed command \"sh -c mkdir -p /workspace/source\"; output "}

Showing logs for build [32mseldonio-mlserver-pr-93-pr-buil-xldcs-2[0m stage [32mtest[0m and container [32mstep-place-tools[0m

Showing logs for build [32mseldonio-mlserver-pr-93-pr-buil-xldcs-2[0m stage [32mtest[0m and container [32mstep-git-source-seldonio-mlserver-pr-93-pr-buil-xldcs-wx2zk[0m
{"level":"info","ts":1609938538.665166,"logger":"fallback-logger","caller":"logging/config.go:69","msg":"Fetch GitHub commit ID from kodata failed: open /var/run/ko/refs/heads/0.8.0-ns-support: no such file or directory"}
{"level":"info","ts":1609938540.1663592,"logger":"fallback-logger","caller":"git/git.go:103","msg":"Successfully cloned https://github.com/SeldonIO/MLServer.git @ master in path /workspace/source"}

Showing logs for build [32mseldonio-mlserver-pr-93-pr-buil-xldcs-2[0m stage [32mtest[0m and container [32mstep-setup-builder-home[0m

Showing logs for build [32mseldonio-mlserver-pr-93-pr-buil-xldcs-2[0m stage [32mtest[0m and container [32mstep-git-merge[0m
Using SHAs from PULL_REFS=master:e0fd1cef57a61ed188bbd5ea658635302103e12b,93:4daca05097198138652a4d50448d453a55ea6774
DEBUG: LC_ALL=C JX_LOG_LEVEL=error git fetch origin --unshallow 4daca05097198138652a4d50448d453a55ea6774: e0fd1cef57a61ed188bbd5ea658635302103e12b:
DEBUG: ran git fetch --unshallow origin 4daca05097198138652a4d50448d453a55ea6774: e0fd1cef57a61ed188bbd5ea658635302103e12b: in 
DEBUG: LC_ALL=C JX_LOG_LEVEL=error git branch
DEBUG: JX_LOG_LEVEL=error LC_ALL=C git checkout master
DEBUG: ran git checkout master in 
DEBUG: LC_ALL=C JX_LOG_LEVEL=error git reset --hard e0fd1cef57a61ed188bbd5ea658635302103e12b
DEBUG: ran git reset --hard e0fd1cef57a61ed188bbd5ea658635302103e12b in 
DEBUG: LC_ALL=C JX_LOG_LEVEL=error git clean -fd .
DEBUG: ran clean --force -d . in 
DEBUG: LC_ALL=C JX_LOG_LEVEL=error git merge 4daca05097198138652a4d50448d453a55ea6774
DEBUG: ran git merge 4daca05097198138652a4d50448d453a55ea6774 in 
DEBUG: LC_ALL=C JX_LOG_LEVEL=error git log --format=%H%x1f%an%x1f%ae%x1f%cn%x1f%ce%x1f%s%n%b%x1e e0fd1cef57a61ed188bbd5ea658635302103e12b..HEAD
Merged SHA b1d63416675b90626f16ef2101654f26c6c93e8c with commit message 'Merge commit '4daca05097198138652a4d50448d453a55ea6774'' into base branch master
Merged SHA 4daca05097198138652a4d50448d453a55ea6774 with commit message 'Bump twine from 3.2.0 to 3.3.0' into base branch master

Showing logs for build [32mseldonio-mlserver-pr-93-pr-buil-xldcs-2[0m stage [32mtest[0m and container [32mstep-step2[0m
pip install -r requirements-dev.txt
Collecting grpcio-tools==1.34.0
  Downloading grpcio_tools-1.34.0-cp36-cp36m-manylinux2014_x86_64.whl (2.5 MB)
Collecting datamodel-code-generator==0.6.9
  Downloading datamodel_code_generator-0.6.9-py3-none-any.whl (151 kB)
Collecting pytest==6.2.0
  Downloading pytest-6.2.0-py3-none-any.whl (279 kB)
Collecting pytest-asyncio==0.14.0
  Downloading pytest_asyncio-0.14.0-py3-none-any.whl (11 kB)
Collecting tox==3.20.0
  Downloading tox-3.20.0-py2.py3-none-any.whl (83 kB)
Collecting flake8==3.8.3
  Downloading flake8-3.8.3-py2.py3-none-any.whl (72 kB)
Collecting flake8-black==0.2.1
  Downloading flake8-black-0.2.1.tar.gz (9.1 kB)
Collecting mypy==0.790
  Downloading mypy-0.790-cp36-cp36m-manylinux1_x86_64.whl (21.0 MB)
Collecting mypy-protobuf==1.23
  Downloading mypy_protobuf-1.23-py3-none-any.whl (7.4 kB)
Collecting black==20.8b1
  Downloading black-20.8b1.tar.gz (1.1 MB)
  Installing build dependencies: started
  Installing build dependencies: finished with status 'done'
  Getting requirements to build wheel: started
  Getting requirements to build wheel: finished with status 'done'
    Preparing wheel metadata: started
    Preparing wheel metadata: finished with status 'done'
Collecting twine==3.3.0
  Downloading twine-3.3.0-py3-none-any.whl (34 kB)
Collecting pip-licenses==3.1.0
  Downloading pip_licenses-3.1.0-py3-none-any.whl (15 kB)
Requirement already satisfied: setuptools in /usr/local/lib/python3.6/site-packages (from grpcio-tools==1.34.0->-r requirements-dev.txt (line 2)) (50.3.0)
Collecting grpcio>=1.34.0
  Downloading grpcio-1.34.0-cp36-cp36m-manylinux2014_x86_64.whl (4.0 MB)
Requirement already satisfied: protobuf<4.0dev,>=3.5.0.post1 in /usr/local/lib/python3.6/site-packages (from grpcio-tools==1.34.0->-r requirements-dev.txt (line 2)) (3.13.0)
Collecting PySnooper<1.0.0,>=0.4.1
  Downloading PySnooper-0.4.2-py2.py3-none-any.whl (14 kB)
Collecting toml<1.0.0,>=0.10.0
  Downloading toml-0.10.2-py2.py3-none-any.whl (16 kB)
Collecting prance<1.0,>=0.18.2
  Downloading prance-0.20.0-py2.py3-none-any.whl (34 kB)
Collecting pydantic[email]<2.0,>=1.5.1; python_version < "3.9"
  Downloading pydantic-1.7.3-cp36-cp36m-manylinux2014_x86_64.whl (9.2 MB)
Collecting genson<2.0,>=1.2.1
  Downloading genson-1.2.2.tar.gz (34 kB)
Collecting openapi-spec-validator<0.3,>=0.2.8
  Downloading openapi_spec_validator-0.2.9-py3-none-any.whl (25 kB)
Collecting argcomplete<2.0,>=1.10
  Downloading argcomplete-1.12.2-py2.py3-none-any.whl (38 kB)
Collecting isort<6.0,>=4.3.21
  Downloading isort-5.7.0-py3-none-any.whl (104 kB)
Collecting inflect<5.0,>=4.1.0
  Downloading inflect-4.1.1-py3-none-any.whl (31 kB)
Requirement already satisfied: jinja2<3.0,>=2.10.1 in /usr/local/lib/python3.6/site-packages (from datamodel-code-generator==0.6.9->-r requirements-dev.txt (line 3)) (2.11.2)
Requirement already satisfied: importlib-metadata>=0.12; python_version < "3.8" in /usr/local/lib/python3.6/site-packages (from pytest==6.2.0->-r requirements-dev.txt (line 6)) (1.7.0)
Requirement already satisfied: pluggy<1.0.0a1,>=0.12 in /usr/local/lib/python3.6/site-packages (from pytest==6.2.0->-r requirements-dev.txt (line 6)) (0.13.1)
Requirement already satisfied: attrs>=19.2.0 in /usr/local/lib/python3.6/site-packages (from pytest==6.2.0->-r requirements-dev.txt (line 6)) (20.2.0)
Requirement already satisfied: py>=1.8.2 in /usr/local/lib/python3.6/site-packages (from pytest==6.2.0->-r requirements-dev.txt (line 6)) (1.9.0)
Requirement already satisfied: packaging in /usr/local/lib/python3.6/site-packages (from pytest==6.2.0->-r requirements-dev.txt (line 6)) (20.4)
Collecting iniconfig
  Downloading iniconfig-1.1.1-py2.py3-none-any.whl (5.0 kB)
Collecting filelock>=3.0.0
  Downloading filelock-3.0.12-py3-none-any.whl (7.6 kB)
Requirement already satisfied: six>=1.14.0 in /usr/local/lib/python3.6/site-packages (from tox==3.20.0->-r requirements-dev.txt (line 8)) (1.15.0)
Collecting virtualenv!=20.0.0,!=20.0.1,!=20.0.2,!=20.0.3,!=20.0.4,!=20.0.5,!=20.0.6,!=20.0.7,>=16.0.0
  Downloading virtualenv-20.2.2-py2.py3-none-any.whl (5.7 MB)
Collecting mccabe<0.7.0,>=0.6.0
  Downloading mccabe-0.6.1-py2.py3-none-any.whl (8.6 kB)
Collecting pyflakes<2.3.0,>=2.2.0
  Downloading pyflakes-2.2.0-py2.py3-none-any.whl (66 kB)
Collecting pycodestyle<2.7.0,>=2.6.0a1
  Downloading pycodestyle-2.6.0-py2.py3-none-any.whl (41 kB)
Requirement already satisfied: typing-extensions>=3.7.4 in /usr/local/lib/python3.6/site-packages (from mypy==0.790->-r requirements-dev.txt (line 13)) (3.7.4.3)
Collecting typed-ast<1.5.0,>=1.4.0
  Downloading typed_ast-1.4.2-cp36-cp36m-manylinux1_x86_64.whl (743 kB)
Collecting mypy-extensions<0.5.0,>=0.4.3
  Downloading mypy_extensions-0.4.3-py2.py3-none-any.whl (4.5 kB)
Collecting click>=7.1.2
  Downloading click-7.1.2-py2.py3-none-any.whl (82 kB)
Collecting regex>=2020.1.8
  Downloading regex-2020.11.13-cp36-cp36m-manylinux2014_x86_64.whl (723 kB)
Collecting dataclasses>=0.6; python_version < "3.7"
  Downloading dataclasses-0.8-py3-none-any.whl (19 kB)
Collecting pathspec<1,>=0.6
  Downloading pathspec-0.8.1-py2.py3-none-any.whl (28 kB)
Collecting appdirs
  Downloading appdirs-1.4.4-py2.py3-none-any.whl (9.6 kB)
Collecting readme-renderer>=21.0
  Downloading readme_renderer-28.0-py2.py3-none-any.whl (15 kB)
Requirement already satisfied: tqdm>=4.14 in /usr/local/lib/python3.6/site-packages (from twine==3.3.0->-r requirements-dev.txt (line 18)) (4.49.0)
Collecting colorama>=0.4.3
  Downloading colorama-0.4.4-py2.py3-none-any.whl (16 kB)
Collecting requests-toolbelt!=0.9.0,>=0.8.0
  Downloading requests_toolbelt-0.9.1-py2.py3-none-any.whl (54 kB)
Collecting pkginfo>=1.4.2
  Downloading pkginfo-1.6.1-py2.py3-none-any.whl (25 kB)
Collecting rfc3986>=1.4.0
  Downloading rfc3986-1.4.0-py2.py3-none-any.whl (31 kB)
Requirement already satisfied: requests>=2.20 in /usr/local/lib/python3.6/site-packages (from twine==3.3.0->-r requirements-dev.txt (line 18)) (2.24.0)
Collecting keyring>=15.1
  Downloading keyring-21.8.0-py3-none-any.whl (32 kB)
Collecting PTable
  Downloading PTable-0.9.2.tar.gz (31 kB)
Requirement already satisfied: PyYAML~=5.3 in /usr/local/lib/python3.6/site-packages (from prance<1.0,>=0.18.2->datamodel-code-generator==0.6.9->-r requirements-dev.txt (line 3)) (5.3.1)
Collecting semver~=2.9
  Downloading semver-2.13.0-py2.py3-none-any.whl (12 kB)
Requirement already satisfied: chardet~=3.0 in /usr/local/lib/python3.6/site-packages (from prance<1.0,>=0.18.2->datamodel-code-generator==0.6.9->-r requirements-dev.txt (line 3)) (3.0.4)
Collecting email-validator>=1.0.3; extra == "email"
  Downloading email_validator-1.1.2-py2.py3-none-any.whl (17 kB)
Requirement already satisfied: jsonschema in /usr/local/lib/python3.6/site-packages (from openapi-spec-validator<0.3,>=0.2.8->datamodel-code-generator==0.6.9->-r requirements-dev.txt (line 3)) (3.2.0)
Requirement already satisfied: MarkupSafe>=0.23 in /usr/local/lib/python3.6/site-packages (from jinja2<3.0,>=2.10.1->datamodel-code-generator==0.6.9->-r requirements-dev.txt (line 3)) (1.1.1)
Requirement already satisfied: zipp>=0.5 in /usr/local/lib/python3.6/site-packages (from importlib-metadata>=0.12; python_version < "3.8"->pytest==6.2.0->-r requirements-dev.txt (line 6)) (3.1.0)
Requirement already satisfied: pyparsing>=2.0.2 in /usr/local/lib/python3.6/site-packages (from packaging->pytest==6.2.0->-r requirements-dev.txt (line 6)) (2.4.7)
Collecting importlib-resources>=1.0; python_version < "3.7"
  Downloading importlib_resources-4.1.1-py3-none-any.whl (22 kB)
Collecting distlib<1,>=0.3.1
  Downloading distlib-0.3.1-py2.py3-none-any.whl (335 kB)
Requirement already satisfied: Pygments>=2.5.1 in /usr/local/lib/python3.6/site-packages (from readme-renderer>=21.0->twine==3.3.0->-r requirements-dev.txt (line 18)) (2.7.1)
Requirement already satisfied: bleach>=2.1.0 in /usr/local/lib/python3.6/site-packages (from readme-renderer>=21.0->twine==3.3.0->-r requirements-dev.txt (line 18)) (3.2.0)
Collecting docutils>=0.13.1
  Downloading docutils-0.16-py2.py3-none-any.whl (548 kB)
Requirement already satisfied: idna<3,>=2.5 in /usr/local/lib/python3.6/site-packages (from requests>=2.20->twine==3.3.0->-r requirements-dev.txt (line 18)) (2.10)
Requirement already satisfied: urllib3!=1.25.0,!=1.25.1,<1.26,>=1.21.1 in /usr/local/lib/python3.6/site-packages (from requests>=2.20->twine==3.3.0->-r requirements-dev.txt (line 18)) (1.25.10)
Requirement already satisfied: certifi>=2017.4.17 in /usr/local/lib/python3.6/site-packages (from requests>=2.20->twine==3.3.0->-r requirements-dev.txt (line 18)) (2020.6.20)
Collecting jeepney>=0.4.2; sys_platform == "linux"
  Downloading jeepney-0.6.0-py3-none-any.whl (45 kB)
Collecting SecretStorage>=3.2; sys_platform == "linux"
  Downloading SecretStorage-3.3.0-py3-none-any.whl (14 kB)
Collecting dnspython>=1.15.0
  Downloading dnspython-2.0.0-py3-none-any.whl (208 kB)
Requirement already satisfied: pyrsistent>=0.14.0 in /usr/local/lib/python3.6/site-packages (from jsonschema->openapi-spec-validator<0.3,>=0.2.8->datamodel-code-generator==0.6.9->-r requirements-dev.txt (line 3)) (0.17.3)
Requirement already satisfied: webencodings in /usr/local/lib/python3.6/site-packages (from bleach>=2.1.0->readme-renderer>=21.0->twine==3.3.0->-r requirements-dev.txt (line 18)) (0.5.1)
Collecting cryptography>=2.0
  Downloading cryptography-3.3.1-cp36-abi3-manylinux2010_x86_64.whl (2.6 MB)
Requirement already satisfied: cffi>=1.12 in /usr/local/lib/python3.6/site-packages (from cryptography>=2.0->SecretStorage>=3.2; sys_platform == "linux"->keyring>=15.1->twine==3.3.0->-r requirements-dev.txt (line 18)) (1.14.2)
Requirement already satisfied: pycparser in /usr/local/lib/python3.6/site-packages (from cffi>=1.12->cryptography>=2.0->SecretStorage>=3.2; sys_platform == "linux"->keyring>=15.1->twine==3.3.0->-r requirements-dev.txt (line 18)) (2.20)
Building wheels for collected packages: flake8-black, black, genson, PTable
  Building wheel for flake8-black (setup.py): started
  Building wheel for flake8-black (setup.py): finished with status 'done'
  Created wheel for flake8-black: filename=flake8_black-0.2.1-py2.py3-none-any.whl size=8873 sha256=55b31f950bad0faedce80a9bebc797db59dd11bd307dfdd24f729e11dd74831f
  Stored in directory: /builder/home/.cache/pip/wheels/f3/71/20/4bcba7c464da12f8e2d5009d9da66d732d32498be89b8f9d10
  Building wheel for black (PEP 517): started
  Building wheel for black (PEP 517): finished with status 'done'
  Created wheel for black: filename=black-20.8b1-py3-none-any.whl size=124184 sha256=28ccce1d1d5ccb1c19b47321343002cda9712d7392868be0080879ed1a64d90f
  Stored in directory: /builder/home/.cache/pip/wheels/dd/c8/94/e774504958e4667180d81202d1d45cdc35d6222ae39229871b
  Building wheel for genson (setup.py): started
  Building wheel for genson (setup.py): finished with status 'done'
  Created wheel for genson: filename=genson-1.2.2-py2.py3-none-any.whl size=21261 sha256=55f3e22c94df970a0514a78c84f812226a39d28d285461aefbc8bb1921ffb7a0
  Stored in directory: /builder/home/.cache/pip/wheels/17/8e/f6/70b78333e594fdb9a14a41c225743d4cad09bcdbf9ebd3a90b
  Building wheel for PTable (setup.py): started
  Building wheel for PTable (setup.py): finished with status 'done'
  Created wheel for PTable: filename=PTable-0.9.2-py3-none-any.whl size=22907 sha256=1a95575e53891085aafa08b844339f4b5a179e0fe52c2d6963353804442e215d
  Stored in directory: /builder/home/.cache/pip/wheels/f3/65/67/71f473ec87ea4554d1bdfb1b5128cfe1414c2b113b72a1ee8e
Successfully built flake8-black black genson PTable
Installing collected packages: grpcio, grpcio-tools, click, regex, dataclasses, mypy-extensions, pathspec, typed-ast, appdirs, toml, black, PySnooper, semver, prance, dnspython, email-validator, pydantic, genson, openapi-spec-validator, argcomplete, isort, inflect, datamodel-code-generator, iniconfig, pytest, pytest-asyncio, filelock, importlib-resources, distlib, virtualenv, tox, mccabe, pyflakes, pycodestyle, flake8, flake8-black, mypy, mypy-protobuf, docutils, readme-renderer, colorama, requests-toolbelt, pkginfo, rfc3986, jeepney, cryptography, SecretStorage, keyring, twine, PTable, pip-licenses
  Attempting uninstall: grpcio
    Found existing installation: grpcio 1.32.0
    Uninstalling grpcio-1.32.0:
      Successfully uninstalled grpcio-1.32.0
  Attempting uninstall: grpcio-tools
    Found existing installation: grpcio-tools 1.32.0
    Uninstalling grpcio-tools-1.32.0:
      Successfully uninstalled grpcio-tools-1.32.0
  Attempting uninstall: pytest
    Found existing installation: pytest 5.3.1
    Uninstalling pytest-5.3.1:
      Successfully uninstalled pytest-5.3.1
ERROR: After October 2020 you may experience errors when installing or updating packages. This is because pip will change the way that it resolves dependency conflicts.

We recommend you use --use-feature=2020-resolver to test your packages with the new resolver before it becomes the default.

alibi 0.5.2 requires tensorflow>=2.0, but you'll have tensorflow 1.15.2 which is incompatible.
Successfully installed PTable-0.9.2 PySnooper-0.4.2 SecretStorage-3.3.0 appdirs-1.4.4 argcomplete-1.12.2 black-20.8b1 click-7.1.2 colorama-0.4.4 cryptography-3.3.1 dataclasses-0.8 datamodel-code-generator-0.6.9 distlib-0.3.1 dnspython-2.0.0 docutils-0.16 email-validator-1.1.2 filelock-3.0.12 flake8-3.8.3 flake8-black-0.2.1 genson-1.2.2 grpcio-1.34.0 grpcio-tools-1.34.0 importlib-resources-4.1.1 inflect-4.1.1 iniconfig-1.1.1 isort-5.7.0 jeepney-0.6.0 keyring-21.8.0 mccabe-0.6.1 mypy-0.790 mypy-extensions-0.4.3 mypy-protobuf-1.23 openapi-spec-validator-0.2.9 pathspec-0.8.1 pip-licenses-3.1.0 pkginfo-1.6.1 prance-0.20.0 pycodestyle-2.6.0 pydantic-1.7.3 pyflakes-2.2.0 pytest-6.2.0 pytest-asyncio-0.14.0 readme-renderer-28.0 regex-2020.11.13 requests-toolbelt-0.9.1 rfc3986-1.4.0 semver-2.13.0 toml-0.10.2 tox-3.20.0 twine-3.3.0 typed-ast-1.4.2 virtualenv-20.2.2
WARNING: You are using pip version 20.2.3; however, version 20.3.3 is available.
You should consider upgrading via the '/usr/local/bin/python -m pip install --upgrade pip' command.
pip install --editable .
Obtaining file:///workspace/source
Requirement already satisfied: grpcio==1.34.0 in /usr/local/lib/python3.6/site-packages (from mlserver==0.2.1.dev0) (1.34.0)
Collecting protobuf==3.14.0
  Downloading protobuf-3.14.0-cp36-cp36m-manylinux1_x86_64.whl (1.0 MB)
Collecting fastapi==0.63.0
  Downloading fastapi-0.63.0-py3-none-any.whl (50 kB)
Collecting uvicorn==0.13.3
  Downloading uvicorn-0.13.3-py3-none-any.whl (45 kB)
Collecting orjson==3.4.6
  Downloading orjson-3.4.6-cp36-cp36m-manylinux2014_x86_64.whl (233 kB)
Requirement already satisfied: click==7.1.2 in /usr/local/lib/python3.6/site-packages (from mlserver==0.2.1.dev0) (7.1.2)
Requirement already satisfied: six>=1.5.2 in /usr/local/lib/python3.6/site-packages (from grpcio==1.34.0->mlserver==0.2.1.dev0) (1.15.0)
Collecting starlette==0.13.6
  Downloading starlette-0.13.6-py3-none-any.whl (59 kB)
Requirement already satisfied: pydantic<2.0.0,>=1.0.0 in /usr/local/lib/python3.6/site-packages (from fastapi==0.63.0->mlserver==0.2.1.dev0) (1.7.3)
Requirement already satisfied: typing-extensions; python_version < "3.8" in /usr/local/lib/python3.6/site-packages (from uvicorn==0.13.3->mlserver==0.2.1.dev0) (3.7.4.3)
Collecting h11>=0.8
  Downloading h11-0.12.0-py3-none-any.whl (54 kB)
Requirement already satisfied: dataclasses>=0.6; python_version < "3.7" in /usr/local/lib/python3.6/site-packages (from pydantic<2.0.0,>=1.0.0->fastapi==0.63.0->mlserver==0.2.1.dev0) (0.8)
Installing collected packages: protobuf, starlette, fastapi, h11, uvicorn, orjson, mlserver
  Attempting uninstall: protobuf
    Found existing installation: protobuf 3.13.0
    Uninstalling protobuf-3.13.0:
      Successfully uninstalled protobuf-3.13.0
  Running setup.py develop for mlserver
ERROR: After October 2020 you may experience errors when installing or updating packages. This is because pip will change the way that it resolves dependency conflicts.

We recommend you use --use-feature=2020-resolver to test your packages with the new resolver before it becomes the default.

alibi 0.5.2 requires tensorflow>=2.0, but you'll have tensorflow 1.15.2 which is incompatible.
Successfully installed fastapi-0.63.0 h11-0.12.0 mlserver orjson-3.4.6 protobuf-3.14.0 starlette-0.13.6 uvicorn-0.13.3
WARNING: You are using pip version 20.2.3; however, version 20.3.3 is available.
You should consider upgrading via the '/usr/local/bin/python -m pip install --upgrade pip' command.
pip install --editable ./runtimes/sklearn
Obtaining file:///workspace/source/runtimes/sklearn
Requirement already satisfied: mlserver in /workspace/source (from mlserver-sklearn==0.2.1.dev0) (0.2.1.dev0)
Collecting scikit-learn==0.23.1
  Downloading scikit_learn-0.23.1-cp36-cp36m-manylinux1_x86_64.whl (6.8 MB)
Requirement already satisfied: joblib==0.16.0 in /usr/local/lib/python3.6/site-packages (from mlserver-sklearn==0.2.1.dev0) (0.16.0)
Requirement already satisfied: grpcio==1.34.0 in /usr/local/lib/python3.6/site-packages (from mlserver->mlserver-sklearn==0.2.1.dev0) (1.34.0)
Requirement already satisfied: protobuf==3.14.0 in /usr/local/lib/python3.6/site-packages (from mlserver->mlserver-sklearn==0.2.1.dev0) (3.14.0)
Requirement already satisfied: fastapi==0.63.0 in /usr/local/lib/python3.6/site-packages (from mlserver->mlserver-sklearn==0.2.1.dev0) (0.63.0)
Requirement already satisfied: uvicorn==0.13.3 in /usr/local/lib/python3.6/site-packages (from mlserver->mlserver-sklearn==0.2.1.dev0) (0.13.3)
Requirement already satisfied: orjson==3.4.6 in /usr/local/lib/python3.6/site-packages (from mlserver->mlserver-sklearn==0.2.1.dev0) (3.4.6)
Requirement already satisfied: click==7.1.2 in /usr/local/lib/python3.6/site-packages (from mlserver->mlserver-sklearn==0.2.1.dev0) (7.1.2)
Requirement already satisfied: numpy>=1.13.3 in /usr/local/lib/python3.6/site-packages (from scikit-learn==0.23.1->mlserver-sklearn==0.2.1.dev0) (1.19.2)
Requirement already satisfied: scipy>=0.19.1 in /usr/local/lib/python3.6/site-packages (from scikit-learn==0.23.1->mlserver-sklearn==0.2.1.dev0) (1.5.2)
Requirement already satisfied: threadpoolctl>=2.0.0 in /usr/local/lib/python3.6/site-packages (from scikit-learn==0.23.1->mlserver-sklearn==0.2.1.dev0) (2.1.0)
Requirement already satisfied: six>=1.5.2 in /usr/local/lib/python3.6/site-packages (from grpcio==1.34.0->mlserver->mlserver-sklearn==0.2.1.dev0) (1.15.0)
Requirement already satisfied: starlette==0.13.6 in /usr/local/lib/python3.6/site-packages (from fastapi==0.63.0->mlserver->mlserver-sklearn==0.2.1.dev0) (0.13.6)
Requirement already satisfied: pydantic<2.0.0,>=1.0.0 in /usr/local/lib/python3.6/site-packages (from fastapi==0.63.0->mlserver->mlserver-sklearn==0.2.1.dev0) (1.7.3)
Requirement already satisfied: h11>=0.8 in /usr/local/lib/python3.6/site-packages (from uvicorn==0.13.3->mlserver->mlserver-sklearn==0.2.1.dev0) (0.12.0)
Requirement already satisfied: typing-extensions; python_version < "3.8" in /usr/local/lib/python3.6/site-packages (from uvicorn==0.13.3->mlserver->mlserver-sklearn==0.2.1.dev0) (3.7.4.3)
Requirement already satisfied: dataclasses>=0.6; python_version < "3.7" in /usr/local/lib/python3.6/site-packages (from pydantic<2.0.0,>=1.0.0->fastapi==0.63.0->mlserver->mlserver-sklearn==0.2.1.dev0) (0.8)
Installing collected packages: scikit-learn, mlserver-sklearn
  Attempting uninstall: scikit-learn
    Found existing installation: scikit-learn 0.23.2
    Uninstalling scikit-learn-0.23.2:
      Successfully uninstalled scikit-learn-0.23.2
  Running setup.py develop for mlserver-sklearn
ERROR: After October 2020 you may experience errors when installing or updating packages. This is because pip will change the way that it resolves dependency conflicts.

We recommend you use --use-feature=2020-resolver to test your packages with the new resolver before it becomes the default.

alibi 0.5.2 requires tensorflow>=2.0, but you'll have tensorflow 1.15.2 which is incompatible.
Successfully installed mlserver-sklearn scikit-learn-0.23.1
WARNING: You are using pip version 20.2.3; however, version 20.3.3 is available.
You should consider upgrading via the '/usr/local/bin/python -m pip install --upgrade pip' command.
pip install --editable ./runtimes/xgboost
Obtaining file:///workspace/source/runtimes/xgboost
Requirement already satisfied: mlserver in /workspace/source (from mlserver-xgboost==0.2.1.dev0) (0.2.1.dev0)
Collecting xgboost==1.1.1
  Downloading xgboost-1.1.1-py3-none-manylinux2010_x86_64.whl (127.6 MB)
Requirement already satisfied: grpcio==1.34.0 in /usr/local/lib/python3.6/site-packages (from mlserver->mlserver-xgboost==0.2.1.dev0) (1.34.0)
Requirement already satisfied: protobuf==3.14.0 in /usr/local/lib/python3.6/site-packages (from mlserver->mlserver-xgboost==0.2.1.dev0) (3.14.0)
Requirement already satisfied: fastapi==0.63.0 in /usr/local/lib/python3.6/site-packages (from mlserver->mlserver-xgboost==0.2.1.dev0) (0.63.0)
Requirement already satisfied: uvicorn==0.13.3 in /usr/local/lib/python3.6/site-packages (from mlserver->mlserver-xgboost==0.2.1.dev0) (0.13.3)
Requirement already satisfied: orjson==3.4.6 in /usr/local/lib/python3.6/site-packages (from mlserver->mlserver-xgboost==0.2.1.dev0) (3.4.6)
Requirement already satisfied: click==7.1.2 in /usr/local/lib/python3.6/site-packages (from mlserver->mlserver-xgboost==0.2.1.dev0) (7.1.2)
Requirement already satisfied: numpy in /usr/local/lib/python3.6/site-packages (from xgboost==1.1.1->mlserver-xgboost==0.2.1.dev0) (1.19.2)
Requirement already satisfied: scipy in /usr/local/lib/python3.6/site-packages (from xgboost==1.1.1->mlserver-xgboost==0.2.1.dev0) (1.5.2)
Requirement already satisfied: six>=1.5.2 in /usr/local/lib/python3.6/site-packages (from grpcio==1.34.0->mlserver->mlserver-xgboost==0.2.1.dev0) (1.15.0)
Requirement already satisfied: pydantic<2.0.0,>=1.0.0 in /usr/local/lib/python3.6/site-packages (from fastapi==0.63.0->mlserver->mlserver-xgboost==0.2.1.dev0) (1.7.3)
Requirement already satisfied: starlette==0.13.6 in /usr/local/lib/python3.6/site-packages (from fastapi==0.63.0->mlserver->mlserver-xgboost==0.2.1.dev0) (0.13.6)
Requirement already satisfied: typing-extensions; python_version < "3.8" in /usr/local/lib/python3.6/site-packages (from uvicorn==0.13.3->mlserver->mlserver-xgboost==0.2.1.dev0) (3.7.4.3)
Requirement already satisfied: h11>=0.8 in /usr/local/lib/python3.6/site-packages (from uvicorn==0.13.3->mlserver->mlserver-xgboost==0.2.1.dev0) (0.12.0)
Requirement already satisfied: dataclasses>=0.6; python_version < "3.7" in /usr/local/lib/python3.6/site-packages (from pydantic<2.0.0,>=1.0.0->fastapi==0.63.0->mlserver->mlserver-xgboost==0.2.1.dev0) (0.8)
Installing collected packages: xgboost, mlserver-xgboost
  Running setup.py develop for mlserver-xgboost
Successfully installed mlserver-xgboost xgboost-1.1.1
WARNING: You are using pip version 20.2.3; however, version 20.3.3 is available.
You should consider upgrading via the '/usr/local/bin/python -m pip install --upgrade pip' command.
pip install --editable ./runtimes/mllib
Obtaining file:///workspace/source/runtimes/mllib
Requirement already satisfied: mlserver in /workspace/source (from mlserver-mllib==0.2.1.dev0) (0.2.1.dev0)
Collecting pyspark==3.0.1
  Downloading pyspark-3.0.1.tar.gz (204.2 MB)
Requirement already satisfied: grpcio==1.34.0 in /usr/local/lib/python3.6/site-packages (from mlserver->mlserver-mllib==0.2.1.dev0) (1.34.0)
Requirement already satisfied: protobuf==3.14.0 in /usr/local/lib/python3.6/site-packages (from mlserver->mlserver-mllib==0.2.1.dev0) (3.14.0)
Requirement already satisfied: fastapi==0.63.0 in /usr/local/lib/python3.6/site-packages (from mlserver->mlserver-mllib==0.2.1.dev0) (0.63.0)
Requirement already satisfied: uvicorn==0.13.3 in /usr/local/lib/python3.6/site-packages (from mlserver->mlserver-mllib==0.2.1.dev0) (0.13.3)
Requirement already satisfied: orjson==3.4.6 in /usr/local/lib/python3.6/site-packages (from mlserver->mlserver-mllib==0.2.1.dev0) (3.4.6)
Requirement already satisfied: click==7.1.2 in /usr/local/lib/python3.6/site-packages (from mlserver->mlserver-mllib==0.2.1.dev0) (7.1.2)
Collecting py4j==0.10.9
  Downloading py4j-0.10.9-py2.py3-none-any.whl (198 kB)
Requirement already satisfied: six>=1.5.2 in /usr/local/lib/python3.6/site-packages (from grpcio==1.34.0->mlserver->mlserver-mllib==0.2.1.dev0) (1.15.0)
Requirement already satisfied: starlette==0.13.6 in /usr/local/lib/python3.6/site-packages (from fastapi==0.63.0->mlserver->mlserver-mllib==0.2.1.dev0) (0.13.6)
Requirement already satisfied: pydantic<2.0.0,>=1.0.0 in /usr/local/lib/python3.6/site-packages (from fastapi==0.63.0->mlserver->mlserver-mllib==0.2.1.dev0) (1.7.3)
Requirement already satisfied: typing-extensions; python_version < "3.8" in /usr/local/lib/python3.6/site-packages (from uvicorn==0.13.3->mlserver->mlserver-mllib==0.2.1.dev0) (3.7.4.3)
Requirement already satisfied: h11>=0.8 in /usr/local/lib/python3.6/site-packages (from uvicorn==0.13.3->mlserver->mlserver-mllib==0.2.1.dev0) (0.12.0)
Requirement already satisfied: dataclasses>=0.6; python_version < "3.7" in /usr/local/lib/python3.6/site-packages (from pydantic<2.0.0,>=1.0.0->fastapi==0.63.0->mlserver->mlserver-mllib==0.2.1.dev0) (0.8)
Building wheels for collected packages: pyspark
  Building wheel for pyspark (setup.py): started
  Building wheel for pyspark (setup.py): finished with status 'done'
  Created wheel for pyspark: filename=pyspark-3.0.1-py2.py3-none-any.whl size=204612243 sha256=03517d37c0f359c15be2d7034afc39dbb42bf281b309776c631abe9dd417afbf
  Stored in directory: /builder/home/.cache/pip/wheels/32/d6/81/b226c0fb07391610277bc3e3fcc50b24bae5040b71d9dba360
Successfully built pyspark
Installing collected packages: py4j, pyspark, mlserver-mllib
  Running setup.py develop for mlserver-mllib
Successfully installed mlserver-mllib py4j-0.10.9 pyspark-3.0.1
WARNING: You are using pip version 20.2.3; however, version 20.3.3 is available.
You should consider upgrading via the '/usr/local/bin/python -m pip install --upgrade pip' command.
pip install --editable ./runtimes/lightgbm
Obtaining file:///workspace/source/runtimes/lightgbm
Requirement already satisfied: mlserver in /workspace/source (from mlserver-lightgbm==0.2.1.dev0) (0.2.1.dev0)
Collecting lightgbm==2.3.1
  Downloading lightgbm-2.3.1-py2.py3-none-manylinux1_x86_64.whl (1.2 MB)
Collecting pandas==0.25.3
  Downloading pandas-0.25.3-cp36-cp36m-manylinux1_x86_64.whl (10.4 MB)
Requirement already satisfied: grpcio==1.34.0 in /usr/local/lib/python3.6/site-packages (from mlserver->mlserver-lightgbm==0.2.1.dev0) (1.34.0)
Requirement already satisfied: protobuf==3.14.0 in /usr/local/lib/python3.6/site-packages (from mlserver->mlserver-lightgbm==0.2.1.dev0) (3.14.0)
Requirement already satisfied: fastapi==0.63.0 in /usr/local/lib/python3.6/site-packages (from mlserver->mlserver-lightgbm==0.2.1.dev0) (0.63.0)
Requirement already satisfied: uvicorn==0.13.3 in /usr/local/lib/python3.6/site-packages (from mlserver->mlserver-lightgbm==0.2.1.dev0) (0.13.3)
Requirement already satisfied: orjson==3.4.6 in /usr/local/lib/python3.6/site-packages (from mlserver->mlserver-lightgbm==0.2.1.dev0) (3.4.6)
Requirement already satisfied: click==7.1.2 in /usr/local/lib/python3.6/site-packages (from mlserver->mlserver-lightgbm==0.2.1.dev0) (7.1.2)
Requirement already satisfied: numpy in /usr/local/lib/python3.6/site-packages (from lightgbm==2.3.1->mlserver-lightgbm==0.2.1.dev0) (1.19.2)
Requirement already satisfied: scikit-learn in /usr/local/lib/python3.6/site-packages (from lightgbm==2.3.1->mlserver-lightgbm==0.2.1.dev0) (0.23.1)
Requirement already satisfied: scipy in /usr/local/lib/python3.6/site-packages (from lightgbm==2.3.1->mlserver-lightgbm==0.2.1.dev0) (1.5.2)
Requirement already satisfied: python-dateutil>=2.6.1 in /usr/local/lib/python3.6/site-packages (from pandas==0.25.3->mlserver-lightgbm==0.2.1.dev0) (2.8.1)
Requirement already satisfied: pytz>=2017.2 in /usr/local/lib/python3.6/site-packages (from pandas==0.25.3->mlserver-lightgbm==0.2.1.dev0) (2020.1)
Requirement already satisfied: six>=1.5.2 in /usr/local/lib/python3.6/site-packages (from grpcio==1.34.0->mlserver->mlserver-lightgbm==0.2.1.dev0) (1.15.0)
Requirement already satisfied: starlette==0.13.6 in /usr/local/lib/python3.6/site-packages (from fastapi==0.63.0->mlserver->mlserver-lightgbm==0.2.1.dev0) (0.13.6)
Requirement already satisfied: pydantic<2.0.0,>=1.0.0 in /usr/local/lib/python3.6/site-packages (from fastapi==0.63.0->mlserver->mlserver-lightgbm==0.2.1.dev0) (1.7.3)
Requirement already satisfied: h11>=0.8 in /usr/local/lib/python3.6/site-packages (from uvicorn==0.13.3->mlserver->mlserver-lightgbm==0.2.1.dev0) (0.12.0)
Requirement already satisfied: typing-extensions; python_version < "3.8" in /usr/local/lib/python3.6/site-packages (from uvicorn==0.13.3->mlserver->mlserver-lightgbm==0.2.1.dev0) (3.7.4.3)
Requirement already satisfied: threadpoolctl>=2.0.0 in /usr/local/lib/python3.6/site-packages (from scikit-learn->lightgbm==2.3.1->mlserver-lightgbm==0.2.1.dev0) (2.1.0)
Requirement already satisfied: joblib>=0.11 in /usr/local/lib/python3.6/site-packages (from scikit-learn->lightgbm==2.3.1->mlserver-lightgbm==0.2.1.dev0) (0.16.0)
Requirement already satisfied: dataclasses>=0.6; python_version < "3.7" in /usr/local/lib/python3.6/site-packages (from pydantic<2.0.0,>=1.0.0->fastapi==0.63.0->mlserver->mlserver-lightgbm==0.2.1.dev0) (0.8)
Installing collected packages: lightgbm, pandas, mlserver-lightgbm
  Attempting uninstall: pandas
    Found existing installation: pandas 1.1.2
    Uninstalling pandas-1.1.2:
      Successfully uninstalled pandas-1.1.2
  Running setup.py develop for mlserver-lightgbm
ERROR: After October 2020 you may experience errors when installing or updating packages. This is because pip will change the way that it resolves dependency conflicts.

We recommend you use --use-feature=2020-resolver to test your packages with the new resolver before it becomes the default.

alibi 0.5.2 requires tensorflow>=2.0, but you'll have tensorflow 1.15.2 which is incompatible.
Successfully installed lightgbm-2.3.1 mlserver-lightgbm pandas-0.25.3
WARNING: You are using pip version 20.2.3; however, version 20.3.3 is available.
You should consider upgrading via the '/usr/local/bin/python -m pip install --upgrade pip' command.
tox
GLOB sdist-make: /workspace/source/setup.py
py3 create: /workspace/source/.tox/py3
py3 installdeps: -r/workspace/source/requirements-dev.txt
py3 inst: /workspace/source/.tox/.tmp/package/1/mlserver-0.2.1.dev0.zip
py3 installed: appdirs==1.4.4,argcomplete==1.12.2,attrs==20.3.0,black==20.8b1,bleach==3.2.1,certifi==2020.12.5,cffi==1.14.4,chardet==3.0.4,click==7.1.2,colorama==0.4.4,cryptography==3.3.1,dataclasses==0.8,datamodel-code-generator==0.6.9,distlib==0.3.1,dnspython==2.0.0,docutils==0.16,email-validator==1.1.2,fastapi==0.63.0,filelock==3.0.12,flake8==3.8.3,flake8-black==0.2.1,genson==1.2.2,grpcio==1.34.0,grpcio-tools==1.34.0,h11==0.12.0,idna==2.10,importlib-metadata==1.7.0,importlib-resources==4.1.1,inflect==4.1.1,iniconfig==1.1.1,isort==5.7.0,jeepney==0.6.0,Jinja2==2.11.2,jsonschema==3.2.0,keyring==21.8.0,MarkupSafe==1.1.1,mccabe==0.6.1,mlserver @ file:///workspace/source/.tox/.tmp/package/1/mlserver-0.2.1.dev0.zip,mypy==0.790,mypy-extensions==0.4.3,mypy-protobuf==1.23,openapi-spec-validator==0.2.9,orjson==3.4.6,packaging==20.8,pathspec==0.8.1,pip-licenses==3.1.0,pkginfo==1.6.1,pluggy==0.13.1,prance==0.20.0,protobuf==3.14.0,PTable==0.9.2,py==1.10.0,pycodestyle==2.6.0,pycparser==2.20,pydantic==1.7.3,pyflakes==2.2.0,Pygments==2.7.3,pyparsing==2.4.7,pyrsistent==0.17.3,PySnooper==0.4.2,pytest==6.2.0,pytest-asyncio==0.14.0,PyYAML==5.3.1,readme-renderer==28.0,regex==2020.11.13,requests==2.25.1,requests-toolbelt==0.9.1,rfc3986==1.4.0,SecretStorage==3.3.0,semver==2.13.0,six==1.15.0,starlette==0.13.6,toml==0.10.2,tox==3.20.0,tqdm==4.55.1,twine==3.3.0,typed-ast==1.4.2,typing-extensions==3.7.4.3,urllib3==1.26.2,uvicorn==0.13.3,virtualenv==20.2.2,webencodings==0.5.1,zipp==3.4.0
py3 run-test-pre: PYTHONHASHSEED='107974429'
py3 run-test: commands[0] | pytest /workspace/source/tests
============================= test session starts ==============================
platform linux -- Python 3.6.10, pytest-6.2.0, py-1.10.0, pluggy-0.13.1
cachedir: .tox/py3/.pytest_cache
rootdir: /workspace/source
plugins: asyncio-0.14.0
collected 72 items

tests/test_registry.py .......                                           [  9%]
tests/test_repository.py ....                                            [ 15%]
tests/test_settings.py ..                                                [ 18%]
tests/test_types.py ......                                               [ 26%]
tests/cli/test_serve.py ..                                               [ 29%]
tests/grpc/test_converters.py ......                                     [ 37%]
tests/grpc/test_servicers.py ............                                [ 54%]
tests/handlers/test_dataplane.py ...........                             [ 69%]
tests/handlers/test_model_repository.py ........                         [ 80%]
tests/rest/test_endpoints.py ............                                [ 97%]
tests/rest/test_utils.py ..                                              [100%]

============================== 72 passed in 0.60s ==============================
sklearn create: /workspace/source/.tox/sklearn
sklearn installdeps: -e/workspace/source, -e/workspace/source/runtimes/sklearn, -r/workspace/source/requirements-dev.txt
sklearn inst: /workspace/source/.tox/.tmp/package/1/mlserver-0.2.1.dev0.zip
sklearn installed: appdirs==1.4.4,argcomplete==1.12.2,attrs==20.3.0,black==20.8b1,bleach==3.2.1,certifi==2020.12.5,cffi==1.14.4,chardet==3.0.4,click==7.1.2,colorama==0.4.4,cryptography==3.3.1,dataclasses==0.8,datamodel-code-generator==0.6.9,distlib==0.3.1,dnspython==2.0.0,docutils==0.16,email-validator==1.1.2,fastapi==0.63.0,filelock==3.0.12,flake8==3.8.3,flake8-black==0.2.1,genson==1.2.2,grpcio==1.34.0,grpcio-tools==1.34.0,h11==0.12.0,idna==2.10,importlib-metadata==1.7.0,importlib-resources==4.1.1,inflect==4.1.1,iniconfig==1.1.1,isort==5.7.0,jeepney==0.6.0,Jinja2==2.11.2,joblib==0.16.0,jsonschema==3.2.0,keyring==21.8.0,MarkupSafe==1.1.1,mccabe==0.6.1,mlserver @ file:///workspace/source/.tox/.tmp/package/1/mlserver-0.2.1.dev0.zip,-e git+https://github.com/SeldonIO/MLServer.git@b1d63416675b90626f16ef2101654f26c6c93e8c#egg=mlserver_sklearn&subdirectory=runtimes/sklearn,mypy==0.790,mypy-extensions==0.4.3,mypy-protobuf==1.23,numpy==1.19.5,openapi-spec-validator==0.2.9,orjson==3.4.6,packaging==20.8,pathspec==0.8.1,pip-licenses==3.1.0,pkginfo==1.6.1,pluggy==0.13.1,prance==0.20.0,protobuf==3.14.0,PTable==0.9.2,py==1.10.0,pycodestyle==2.6.0,pycparser==2.20,pydantic==1.7.3,pyflakes==2.2.0,Pygments==2.7.3,pyparsing==2.4.7,pyrsistent==0.17.3,PySnooper==0.4.2,pytest==6.2.0,pytest-asyncio==0.14.0,PyYAML==5.3.1,readme-renderer==28.0,regex==2020.11.13,requests==2.25.1,requests-toolbelt==0.9.1,rfc3986==1.4.0,scikit-learn==0.23.1,scipy==1.5.4,SecretStorage==3.3.0,semver==2.13.0,six==1.15.0,starlette==0.13.6,threadpoolctl==2.1.0,toml==0.10.2,tox==3.20.0,tqdm==4.55.1,twine==3.3.0,typed-ast==1.4.2,typing-extensions==3.7.4.3,urllib3==1.26.2,uvicorn==0.13.3,virtualenv==20.2.2,webencodings==0.5.1,zipp==3.4.0
sklearn run-test-pre: PYTHONHASHSEED='107974429'
sklearn run-test: commands[0] | pytest /workspace/source/runtimes/sklearn
============================= test session starts ==============================
platform linux -- Python 3.6.10, pytest-6.2.0, py-1.10.0, pluggy-0.13.1
cachedir: /workspace/source/.tox/sklearn/.pytest_cache
rootdir: /workspace/source/runtimes/sklearn
plugins: asyncio-0.14.0
collected 8 items

runtimes/sklearn/tests/test_sklearn.py ........                          [100%]

============================== 8 passed in 0.07s ===============================
xgboost create: /workspace/source/.tox/xgboost
xgboost installdeps: -e/workspace/source, -e/workspace/source/runtimes/xgboost, -r/workspace/source/requirements-dev.txt
xgboost inst: /workspace/source/.tox/.tmp/package/1/mlserver-0.2.1.dev0.zip
xgboost installed: appdirs==1.4.4,argcomplete==1.12.2,attrs==20.3.0,black==20.8b1,bleach==3.2.1,certifi==2020.12.5,cffi==1.14.4,chardet==3.0.4,click==7.1.2,colorama==0.4.4,cryptography==3.3.1,dataclasses==0.8,datamodel-code-generator==0.6.9,distlib==0.3.1,dnspython==2.0.0,docutils==0.16,email-validator==1.1.2,fastapi==0.63.0,filelock==3.0.12,flake8==3.8.3,flake8-black==0.2.1,genson==1.2.2,grpcio==1.34.0,grpcio-tools==1.34.0,h11==0.12.0,idna==2.10,importlib-metadata==1.7.0,importlib-resources==4.1.1,inflect==4.1.1,iniconfig==1.1.1,isort==5.7.0,jeepney==0.6.0,Jinja2==2.11.2,jsonschema==3.2.0,keyring==21.8.0,MarkupSafe==1.1.1,mccabe==0.6.1,mlserver @ file:///workspace/source/.tox/.tmp/package/1/mlserver-0.2.1.dev0.zip,-e git+https://github.com/SeldonIO/MLServer.git@b1d63416675b90626f16ef2101654f26c6c93e8c#egg=mlserver_xgboost&subdirectory=runtimes/xgboost,mypy==0.790,mypy-extensions==0.4.3,mypy-protobuf==1.23,numpy==1.19.5,openapi-spec-validator==0.2.9,orjson==3.4.6,packaging==20.8,pathspec==0.8.1,pip-licenses==3.1.0,pkginfo==1.6.1,pluggy==0.13.1,prance==0.20.0,protobuf==3.14.0,PTable==0.9.2,py==1.10.0,pycodestyle==2.6.0,pycparser==2.20,pydantic==1.7.3,pyflakes==2.2.0,Pygments==2.7.3,pyparsing==2.4.7,pyrsistent==0.17.3,PySnooper==0.4.2,pytest==6.2.0,pytest-asyncio==0.14.0,PyYAML==5.3.1,readme-renderer==28.0,regex==2020.11.13,requests==2.25.1,requests-toolbelt==0.9.1,rfc3986==1.4.0,scipy==1.5.4,SecretStorage==3.3.0,semver==2.13.0,six==1.15.0,starlette==0.13.6,toml==0.10.2,tox==3.20.0,tqdm==4.55.1,twine==3.3.0,typed-ast==1.4.2,typing-extensions==3.7.4.3,urllib3==1.26.2,uvicorn==0.13.3,virtualenv==20.2.2,webencodings==0.5.1,xgboost==1.1.1,zipp==3.4.0
xgboost run-test-pre: PYTHONHASHSEED='107974429'
xgboost run-test: commands[0] | pytest /workspace/source/runtimes/xgboost
============================= test session starts ==============================
platform linux -- Python 3.6.10, pytest-6.2.0, py-1.10.0, pluggy-0.13.1
cachedir: /workspace/source/.tox/xgboost/.pytest_cache
rootdir: /workspace/source/runtimes/xgboost
plugins: asyncio-0.14.0
collected 5 items

runtimes/xgboost/tests/test_xgboost.py .....                             [100%]

============================== 5 passed in 1.96s ===============================
lightgbm create: /workspace/source/.tox/lightgbm
lightgbm installdeps: -e/workspace/source, -e/workspace/source/runtimes/lightgbm, -r/workspace/source/requirements-dev.txt
lightgbm inst: /workspace/source/.tox/.tmp/package/1/mlserver-0.2.1.dev0.zip
lightgbm installed: appdirs==1.4.4,argcomplete==1.12.2,attrs==20.3.0,black==20.8b1,bleach==3.2.1,certifi==2020.12.5,cffi==1.14.4,chardet==3.0.4,click==7.1.2,colorama==0.4.4,cryptography==3.3.1,dataclasses==0.8,datamodel-code-generator==0.6.9,distlib==0.3.1,dnspython==2.0.0,docutils==0.16,email-validator==1.1.2,fastapi==0.63.0,filelock==3.0.12,flake8==3.8.3,flake8-black==0.2.1,genson==1.2.2,grpcio==1.34.0,grpcio-tools==1.34.0,h11==0.12.0,idna==2.10,importlib-metadata==1.7.0,importlib-resources==4.1.1,inflect==4.1.1,iniconfig==1.1.1,isort==5.7.0,jeepney==0.6.0,Jinja2==2.11.2,joblib==1.0.0,jsonschema==3.2.0,keyring==21.8.0,lightgbm==2.3.1,MarkupSafe==1.1.1,mccabe==0.6.1,mlserver @ file:///workspace/source/.tox/.tmp/package/1/mlserver-0.2.1.dev0.zip,-e git+https://github.com/SeldonIO/MLServer.git@b1d63416675b90626f16ef2101654f26c6c93e8c#egg=mlserver_lightgbm&subdirectory=runtimes/lightgbm,mypy==0.790,mypy-extensions==0.4.3,mypy-protobuf==1.23,numpy==1.19.5,openapi-spec-validator==0.2.9,orjson==3.4.6,packaging==20.8,pandas==0.25.3,pathspec==0.8.1,pip-licenses==3.1.0,pkginfo==1.6.1,pluggy==0.13.1,prance==0.20.0,protobuf==3.14.0,PTable==0.9.2,py==1.10.0,pycodestyle==2.6.0,pycparser==2.20,pydantic==1.7.3,pyflakes==2.2.0,Pygments==2.7.3,pyparsing==2.4.7,pyrsistent==0.17.3,PySnooper==0.4.2,pytest==6.2.0,pytest-asyncio==0.14.0,python-dateutil==2.8.1,pytz==2020.5,PyYAML==5.3.1,readme-renderer==28.0,regex==2020.11.13,requests==2.25.1,requests-toolbelt==0.9.1,rfc3986==1.4.0,scikit-learn==0.24.0,scipy==1.5.4,SecretStorage==3.3.0,semver==2.13.0,six==1.15.0,starlette==0.13.6,threadpoolctl==2.1.0,toml==0.10.2,tox==3.20.0,tqdm==4.55.1,twine==3.3.0,typed-ast==1.4.2,typing-extensions==3.7.4.3,urllib3==1.26.2,uvicorn==0.13.3,virtualenv==20.2.2,webencodings==0.5.1,zipp==3.4.0
lightgbm run-test-pre: PYTHONHASHSEED='107974429'
lightgbm run-test: commands[0] | pytest /workspace/source/runtimes/lightgbm
============================= test session starts ==============================
platform linux -- Python 3.6.10, pytest-6.2.0, py-1.10.0, pluggy-0.13.1
cachedir: /workspace/source/.tox/lightgbm/.pytest_cache
rootdir: /workspace/source/runtimes/lightgbm
plugins: asyncio-0.14.0
collected 4 items

runtimes/lightgbm/tests/test_lightgbm.py ....                            [100%]

============================== 4 passed in 1.07s ===============================
all create: /workspace/source/.tox/all
all installdeps: -e/workspace/source, -e/workspace/source/runtimes/sklearn, -e/workspace/source/runtimes/xgboost, -e/workspace/source/runtimes/mllib, -e/workspace/source/runtimes/lightgbm, -r/workspace/source/requirements-dev.txt
all inst: /workspace/source/.tox/.tmp/package/1/mlserver-0.2.1.dev0.zip
all installed: appdirs==1.4.4,argcomplete==1.12.2,attrs==20.3.0,black==20.8b1,bleach==3.2.1,certifi==2020.12.5,cffi==1.14.4,chardet==3.0.4,click==7.1.2,colorama==0.4.4,cryptography==3.3.1,dataclasses==0.8,datamodel-code-generator==0.6.9,distlib==0.3.1,dnspython==2.0.0,docutils==0.16,email-validator==1.1.2,fastapi==0.63.0,filelock==3.0.12,flake8==3.8.3,flake8-black==0.2.1,genson==1.2.2,grpcio==1.34.0,grpcio-tools==1.34.0,h11==0.12.0,idna==2.10,importlib-metadata==1.7.0,importlib-resources==4.1.1,inflect==4.1.1,iniconfig==1.1.1,isort==5.7.0,jeepney==0.6.0,Jinja2==2.11.2,joblib==0.16.0,jsonschema==3.2.0,keyring==21.8.0,lightgbm==2.3.1,MarkupSafe==1.1.1,mccabe==0.6.1,mlserver @ file:///workspace/source/.tox/.tmp/package/1/mlserver-0.2.1.dev0.zip,-e git+https://github.com/SeldonIO/MLServer.git@b1d63416675b90626f16ef2101654f26c6c93e8c#egg=mlserver_lightgbm&subdirectory=runtimes/lightgbm,-e git+https://github.com/SeldonIO/MLServer.git@b1d63416675b90626f16ef2101654f26c6c93e8c#egg=mlserver_mllib&subdirectory=runtimes/mllib,-e git+https://github.com/SeldonIO/MLServer.git@b1d63416675b90626f16ef2101654f26c6c93e8c#egg=mlserver_sklearn&subdirectory=runtimes/sklearn,-e git+https://github.com/SeldonIO/MLServer.git@b1d63416675b90626f16ef2101654f26c6c93e8c#egg=mlserver_xgboost&subdirectory=runtimes/xgboost,mypy==0.790,mypy-extensions==0.4.3,mypy-protobuf==1.23,numpy==1.19.5,openapi-spec-validator==0.2.9,orjson==3.4.6,packaging==20.8,pandas==0.25.3,pathspec==0.8.1,pip-licenses==3.1.0,pkginfo==1.6.1,pluggy==0.13.1,prance==0.20.0,protobuf==3.14.0,PTable==0.9.2,py==1.10.0,py4j==0.10.9,pycodestyle==2.6.0,pycparser==2.20,pydantic==1.7.3,pyflakes==2.2.0,Pygments==2.7.3,pyparsing==2.4.7,pyrsistent==0.17.3,PySnooper==0.4.2,pyspark==3.0.1,pytest==6.2.0,pytest-asyncio==0.14.0,python-dateutil==2.8.1,pytz==2020.5,PyYAML==5.3.1,readme-renderer==28.0,regex==2020.11.13,requests==2.25.1,requests-toolbelt==0.9.1,rfc3986==1.4.0,scikit-learn==0.23.1,scipy==1.5.4,SecretStorage==3.3.0,semver==2.13.0,six==1.15.0,starlette==0.13.6,threadpoolctl==2.1.0,toml==0.10.2,tox==3.20.0,tqdm==4.55.1,twine==3.3.0,typed-ast==1.4.2,typing-extensions==3.7.4.3,urllib3==1.26.2,uvicorn==0.13.3,virtualenv==20.2.2,webencodings==0.5.1,xgboost==1.1.1,zipp==3.4.0
all run-test-pre: PYTHONHASHSEED='107974429'
all run-test: commands[0] | pytest
============================= test session starts ==============================
platform linux -- Python 3.6.10, pytest-6.2.0, py-1.10.0, pluggy-0.13.1
cachedir: .tox/all/.pytest_cache
rootdir: /workspace/source
plugins: asyncio-0.14.0
collected 89 items

runtimes/lightgbm/tests/test_lightgbm.py ....                            [  4%]
runtimes/sklearn/tests/test_sklearn.py ........                          [ 13%]
runtimes/xgboost/tests/test_xgboost.py .....                             [ 19%]
tests/test_registry.py .......                                           [ 26%]
tests/test_repository.py ....                                            [ 31%]
tests/test_settings.py ..                                                [ 33%]
tests/test_types.py ......                                               [ 40%]
tests/cli/test_serve.py ..                                               [ 42%]
tests/grpc/test_converters.py ......                                     [ 49%]
tests/grpc/test_servicers.py ............                                [ 62%]
tests/handlers/test_dataplane.py ...........                             [ 75%]
tests/handlers/test_model_repository.py ........                         [ 84%]
tests/rest/test_endpoints.py ............                                [ 97%]
tests/rest/test_utils.py ..                                              [100%]

============================== 89 passed in 4.10s ==============================
___________________________________ summary ____________________________________
  py3: commands succeeded
  sklearn: commands succeeded
  xgboost: commands succeeded
  lightgbm: commands succeeded
  all: commands succeeded
  congratulations :)
