
Showing logs for build [32mseldonio-mlserver-pr-75-pr-buil-9qfk6-1[0m stage [32mlint[0m and container [32mstep-credential-initializer-d2gt9[0m
{"level":"info","ts":1607359432.9984627,"logger":"fallback-logger","caller":"logging/config.go:69","msg":"Fetch GitHub commit ID from kodata failed: open /var/run/ko/refs/heads/0.8.0-ns-support: no such file or directory"}
{"level":"info","ts":1607359432.9989247,"logger":"fallback-logger","caller":"creds-init/main.go:40","msg":"Credentials initialized."}

Showing logs for build [32mseldonio-mlserver-pr-75-pr-buil-9qfk6-1[0m stage [32mlint[0m and container [32mstep-working-dir-initializer-qhmdr[0m
{"level":"info","ts":1607359441.2666724,"logger":"fallback-logger","caller":"logging/config.go:69","msg":"Fetch GitHub commit ID from kodata failed: open /var/run/ko/HEAD: no such file or directory"}
{"level":"info","ts":1607359441.2759607,"logger":"fallback-logger","caller":"bash/main.go:64","msg":"Successfully executed command \"sh -c mkdir -p /workspace/source\"; output "}

Showing logs for build [32mseldonio-mlserver-pr-75-pr-buil-9qfk6-1[0m stage [32mlint[0m and container [32mstep-place-tools[0m

Showing logs for build [32mseldonio-mlserver-pr-75-pr-buil-9qfk6-1[0m stage [32mlint[0m and container [32mstep-git-source-seldonio-mlserver-pr-75-pr-buil-9qfk6-5rg2g[0m
{"level":"info","ts":1607359464.7323318,"logger":"fallback-logger","caller":"logging/config.go:69","msg":"Fetch GitHub commit ID from kodata failed: open /var/run/ko/refs/heads/0.8.0-ns-support: no such file or directory"}
{"level":"info","ts":1607359466.7833397,"logger":"fallback-logger","caller":"git/git.go:103","msg":"Successfully cloned https://github.com/SeldonIO/MLServer.git @ master in path /workspace/source"}

Showing logs for build [32mseldonio-mlserver-pr-75-pr-buil-9qfk6-1[0m stage [32mlint[0m and container [32mstep-setup-builder-home[0m

Showing logs for build [32mseldonio-mlserver-pr-75-pr-buil-9qfk6-1[0m stage [32mlint[0m and container [32mstep-git-merge[0m
Using SHAs from PULL_REFS=master:15cfa520515cd8da3d24c2f812df03e934edd2cf,75:ca2e28ee262007b9a5564fd81ddc1db6711cef6c
DEBUG: LC_ALL=C JX_LOG_LEVEL=error git fetch origin --unshallow ca2e28ee262007b9a5564fd81ddc1db6711cef6c: 15cfa520515cd8da3d24c2f812df03e934edd2cf:
DEBUG: ran git fetch --unshallow origin ca2e28ee262007b9a5564fd81ddc1db6711cef6c: 15cfa520515cd8da3d24c2f812df03e934edd2cf: in 
DEBUG: LC_ALL=C JX_LOG_LEVEL=error git branch
DEBUG: LC_ALL=C JX_LOG_LEVEL=error git checkout master
DEBUG: ran git checkout master in 
DEBUG: LC_ALL=C JX_LOG_LEVEL=error git reset --hard 15cfa520515cd8da3d24c2f812df03e934edd2cf
DEBUG: ran git reset --hard 15cfa520515cd8da3d24c2f812df03e934edd2cf in 
DEBUG: JX_LOG_LEVEL=error LC_ALL=C git clean -fd .
DEBUG: ran clean --force -d . in 
DEBUG: LC_ALL=C JX_LOG_LEVEL=error git merge ca2e28ee262007b9a5564fd81ddc1db6711cef6c
DEBUG: ran git merge ca2e28ee262007b9a5564fd81ddc1db6711cef6c in 
DEBUG: LC_ALL=C JX_LOG_LEVEL=error git log --format=%H%x1f%an%x1f%ae%x1f%cn%x1f%ce%x1f%s%n%b%x1e 15cfa520515cd8da3d24c2f812df03e934edd2cf..HEAD
Merged SHA ca2e28ee262007b9a5564fd81ddc1db6711cef6c with commit message 'Bump datamodel-code-generator from 0.6.8 to 0.6.9' into base branch master

Showing logs for build [32mseldonio-mlserver-pr-75-pr-buil-9qfk6-1[0m stage [32mlint[0m and container [32mstep-step2[0m
pip install -r requirements-dev.txt
Collecting grpcio-tools==1.33.2
  Downloading grpcio_tools-1.33.2-cp36-cp36m-manylinux2014_x86_64.whl (2.5 MB)
Collecting datamodel-code-generator==0.6.9
  Downloading datamodel_code_generator-0.6.9-py3-none-any.whl (151 kB)
Collecting pytest==6.1.2
  Downloading pytest-6.1.2-py3-none-any.whl (272 kB)
Collecting pytest-asyncio==0.14.0
  Downloading pytest_asyncio-0.14.0-py3-none-any.whl (11 kB)
Collecting tox==3.20.0
  Downloading tox-3.20.0-py2.py3-none-any.whl (83 kB)
Collecting flake8==3.8.3
  Downloading flake8-3.8.3-py2.py3-none-any.whl (72 kB)
Collecting flake8-black==0.2.1
  Downloading flake8-black-0.2.1.tar.gz (9.1 kB)
Collecting mypy==0.790
  Downloading mypy-0.790-cp36-cp36m-manylinux1_x86_64.whl (21.0 MB)
Collecting mypy-protobuf==1.23
  Downloading mypy_protobuf-1.23-py3-none-any.whl (7.4 kB)
Collecting black==20.8b1
  Downloading black-20.8b1.tar.gz (1.1 MB)
  Installing build dependencies: started
  Installing build dependencies: finished with status 'done'
  Getting requirements to build wheel: started
  Getting requirements to build wheel: finished with status 'done'
    Preparing wheel metadata: started
    Preparing wheel metadata: finished with status 'done'
Requirement already satisfied: protobuf<4.0dev,>=3.5.0.post1 in /usr/local/lib/python3.6/site-packages (from grpcio-tools==1.33.2->-r requirements-dev.txt (line 2)) (3.13.0)
Collecting grpcio>=1.33.2
  Downloading grpcio-1.34.0-cp36-cp36m-manylinux2014_x86_64.whl (4.0 MB)
Collecting prance<1.0,>=0.18.2
  Downloading prance-0.19.0-py2.py3-none-any.whl (33 kB)
Collecting PySnooper<1.0.0,>=0.4.1
  Downloading PySnooper-0.4.2-py2.py3-none-any.whl (14 kB)
Collecting genson<2.0,>=1.2.1
  Downloading genson-1.2.2.tar.gz (34 kB)
Collecting toml<1.0.0,>=0.10.0
  Downloading toml-0.10.2-py2.py3-none-any.whl (16 kB)
Collecting inflect<5.0,>=4.1.0
  Downloading inflect-4.1.1-py3-none-any.whl (31 kB)
Collecting openapi-spec-validator<0.3,>=0.2.8
  Downloading openapi_spec_validator-0.2.9-py3-none-any.whl (25 kB)
Collecting argcomplete<2.0,>=1.10
  Downloading argcomplete-1.12.2-py2.py3-none-any.whl (38 kB)
Collecting pydantic[email]<2.0,>=1.5.1; python_version < "3.9"
  Downloading pydantic-1.7.3-cp36-cp36m-manylinux2014_x86_64.whl (9.2 MB)
Collecting isort<6.0,>=4.3.21
  Downloading isort-5.6.4-py3-none-any.whl (98 kB)
Requirement already satisfied: jinja2<3.0,>=2.10.1 in /usr/local/lib/python3.6/site-packages (from datamodel-code-generator==0.6.9->-r requirements-dev.txt (line 3)) (2.11.2)
Collecting iniconfig
  Downloading iniconfig-1.1.1-py2.py3-none-any.whl (5.0 kB)
Requirement already satisfied: packaging in /usr/local/lib/python3.6/site-packages (from pytest==6.1.2->-r requirements-dev.txt (line 6)) (20.4)
Requirement already satisfied: attrs>=17.4.0 in /usr/local/lib/python3.6/site-packages (from pytest==6.1.2->-r requirements-dev.txt (line 6)) (20.2.0)
Requirement already satisfied: py>=1.8.2 in /usr/local/lib/python3.6/site-packages (from pytest==6.1.2->-r requirements-dev.txt (line 6)) (1.9.0)
Requirement already satisfied: importlib-metadata>=0.12; python_version < "3.8" in /usr/local/lib/python3.6/site-packages (from pytest==6.1.2->-r requirements-dev.txt (line 6)) (1.7.0)
Requirement already satisfied: pluggy<1.0,>=0.12 in /usr/local/lib/python3.6/site-packages (from pytest==6.1.2->-r requirements-dev.txt (line 6)) (0.13.1)
Collecting virtualenv!=20.0.0,!=20.0.1,!=20.0.2,!=20.0.3,!=20.0.4,!=20.0.5,!=20.0.6,!=20.0.7,>=16.0.0
  Downloading virtualenv-20.2.2-py2.py3-none-any.whl (5.7 MB)
Requirement already satisfied: six>=1.14.0 in /usr/local/lib/python3.6/site-packages (from tox==3.20.0->-r requirements-dev.txt (line 8)) (1.15.0)
Collecting filelock>=3.0.0
  Downloading filelock-3.0.12-py3-none-any.whl (7.6 kB)
Collecting mccabe<0.7.0,>=0.6.0
  Downloading mccabe-0.6.1-py2.py3-none-any.whl (8.6 kB)
Collecting pyflakes<2.3.0,>=2.2.0
  Downloading pyflakes-2.2.0-py2.py3-none-any.whl (66 kB)
Collecting pycodestyle<2.7.0,>=2.6.0a1
  Downloading pycodestyle-2.6.0-py2.py3-none-any.whl (41 kB)
Requirement already satisfied: typing-extensions>=3.7.4 in /usr/local/lib/python3.6/site-packages (from mypy==0.790->-r requirements-dev.txt (line 13)) (3.7.4.3)
Collecting mypy-extensions<0.5.0,>=0.4.3
  Downloading mypy_extensions-0.4.3-py2.py3-none-any.whl (4.5 kB)
Collecting typed-ast<1.5.0,>=1.4.0
  Downloading typed_ast-1.4.1-cp36-cp36m-manylinux1_x86_64.whl (737 kB)
Collecting appdirs
  Downloading appdirs-1.4.4-py2.py3-none-any.whl (9.6 kB)
Collecting pathspec<1,>=0.6
  Downloading pathspec-0.8.1-py2.py3-none-any.whl (28 kB)
Collecting dataclasses>=0.6; python_version < "3.7"
  Downloading dataclasses-0.8-py3-none-any.whl (19 kB)
Collecting click>=7.1.2
  Downloading click-7.1.2-py2.py3-none-any.whl (82 kB)
Collecting regex>=2020.1.8
  Downloading regex-2020.11.13-cp36-cp36m-manylinux2014_x86_64.whl (723 kB)
Requirement already satisfied: setuptools in /usr/local/lib/python3.6/site-packages (from protobuf<4.0dev,>=3.5.0.post1->grpcio-tools==1.33.2->-r requirements-dev.txt (line 2)) (50.3.0)
Requirement already satisfied: requests~=2.22 in /usr/local/lib/python3.6/site-packages (from prance<1.0,>=0.18.2->datamodel-code-generator==0.6.9->-r requirements-dev.txt (line 3)) (2.24.0)
Collecting semver~=2.9
  Downloading semver-2.13.0-py2.py3-none-any.whl (12 kB)
Requirement already satisfied: chardet~=3.0 in /usr/local/lib/python3.6/site-packages (from prance<1.0,>=0.18.2->datamodel-code-generator==0.6.9->-r requirements-dev.txt (line 3)) (3.0.4)
Requirement already satisfied: PyYAML~=5.3 in /usr/local/lib/python3.6/site-packages (from prance<1.0,>=0.18.2->datamodel-code-generator==0.6.9->-r requirements-dev.txt (line 3)) (5.3.1)
Requirement already satisfied: jsonschema in /usr/local/lib/python3.6/site-packages (from openapi-spec-validator<0.3,>=0.2.8->datamodel-code-generator==0.6.9->-r requirements-dev.txt (line 3)) (3.2.0)
Collecting email-validator>=1.0.3; extra == "email"
  Downloading email_validator-1.1.2-py2.py3-none-any.whl (17 kB)
Requirement already satisfied: MarkupSafe>=0.23 in /usr/local/lib/python3.6/site-packages (from jinja2<3.0,>=2.10.1->datamodel-code-generator==0.6.9->-r requirements-dev.txt (line 3)) (1.1.1)
Requirement already satisfied: pyparsing>=2.0.2 in /usr/local/lib/python3.6/site-packages (from packaging->pytest==6.1.2->-r requirements-dev.txt (line 6)) (2.4.7)
Requirement already satisfied: zipp>=0.5 in /usr/local/lib/python3.6/site-packages (from importlib-metadata>=0.12; python_version < "3.8"->pytest==6.1.2->-r requirements-dev.txt (line 6)) (3.1.0)
Collecting distlib<1,>=0.3.1
  Downloading distlib-0.3.1-py2.py3-none-any.whl (335 kB)
Collecting importlib-resources>=1.0; python_version < "3.7"
  Downloading importlib_resources-3.3.0-py2.py3-none-any.whl (26 kB)
Requirement already satisfied: certifi>=2017.4.17 in /usr/local/lib/python3.6/site-packages (from requests~=2.22->prance<1.0,>=0.18.2->datamodel-code-generator==0.6.9->-r requirements-dev.txt (line 3)) (2020.6.20)
Requirement already satisfied: urllib3!=1.25.0,!=1.25.1,<1.26,>=1.21.1 in /usr/local/lib/python3.6/site-packages (from requests~=2.22->prance<1.0,>=0.18.2->datamodel-code-generator==0.6.9->-r requirements-dev.txt (line 3)) (1.25.10)
Requirement already satisfied: idna<3,>=2.5 in /usr/local/lib/python3.6/site-packages (from requests~=2.22->prance<1.0,>=0.18.2->datamodel-code-generator==0.6.9->-r requirements-dev.txt (line 3)) (2.10)
Requirement already satisfied: pyrsistent>=0.14.0 in /usr/local/lib/python3.6/site-packages (from jsonschema->openapi-spec-validator<0.3,>=0.2.8->datamodel-code-generator==0.6.9->-r requirements-dev.txt (line 3)) (0.17.3)
Collecting dnspython>=1.15.0
  Downloading dnspython-2.0.0-py3-none-any.whl (208 kB)
Building wheels for collected packages: flake8-black, black, genson
  Building wheel for flake8-black (setup.py): started
  Building wheel for flake8-black (setup.py): finished with status 'done'
  Created wheel for flake8-black: filename=flake8_black-0.2.1-py2.py3-none-any.whl size=8873 sha256=07249718e5edb47cd5b58337184ce208e757e561afd211c458051d20fc26f158
  Stored in directory: /builder/home/.cache/pip/wheels/f3/71/20/4bcba7c464da12f8e2d5009d9da66d732d32498be89b8f9d10
  Building wheel for black (PEP 517): started
  Building wheel for black (PEP 517): finished with status 'done'
  Created wheel for black: filename=black-20.8b1-py3-none-any.whl size=124185 sha256=c0508f6342f7eb5a45772ca04b79a42a4095799c9c27134ff2eeb8ec764c2bfe
  Stored in directory: /builder/home/.cache/pip/wheels/dd/c8/94/e774504958e4667180d81202d1d45cdc35d6222ae39229871b
  Building wheel for genson (setup.py): started
  Building wheel for genson (setup.py): finished with status 'done'
  Created wheel for genson: filename=genson-1.2.2-py2.py3-none-any.whl size=21261 sha256=1559d054f0706f16f7ab2dffbafcd0daa3c5e6bf816c155e78ced851a2d79f05
  Stored in directory: /builder/home/.cache/pip/wheels/17/8e/f6/70b78333e594fdb9a14a41c225743d4cad09bcdbf9ebd3a90b
Successfully built flake8-black black genson
Installing collected packages: grpcio, grpcio-tools, semver, prance, PySnooper, genson, toml, inflect, openapi-spec-validator, argcomplete, dataclasses, dnspython, email-validator, pydantic, isort, appdirs, mypy-extensions, pathspec, typed-ast, click, regex, black, datamodel-code-generator, iniconfig, pytest, pytest-asyncio, distlib, filelock, importlib-resources, virtualenv, tox, mccabe, pyflakes, pycodestyle, flake8, flake8-black, mypy, mypy-protobuf
  Attempting uninstall: grpcio
    Found existing installation: grpcio 1.32.0
    Uninstalling grpcio-1.32.0:
      Successfully uninstalled grpcio-1.32.0
  Attempting uninstall: grpcio-tools
    Found existing installation: grpcio-tools 1.32.0
    Uninstalling grpcio-tools-1.32.0:
      Successfully uninstalled grpcio-tools-1.32.0
  Attempting uninstall: pytest
    Found existing installation: pytest 5.3.1
    Uninstalling pytest-5.3.1:
      Successfully uninstalled pytest-5.3.1
ERROR: After October 2020 you may experience errors when installing or updating packages. This is because pip will change the way that it resolves dependency conflicts.

We recommend you use --use-feature=2020-resolver to test your packages with the new resolver before it becomes the default.

alibi 0.5.2 requires tensorflow>=2.0, but you'll have tensorflow 1.15.2 which is incompatible.
Successfully installed PySnooper-0.4.2 appdirs-1.4.4 argcomplete-1.12.2 black-20.8b1 click-7.1.2 dataclasses-0.8 datamodel-code-generator-0.6.9 distlib-0.3.1 dnspython-2.0.0 email-validator-1.1.2 filelock-3.0.12 flake8-3.8.3 flake8-black-0.2.1 genson-1.2.2 grpcio-1.34.0 grpcio-tools-1.33.2 importlib-resources-3.3.0 inflect-4.1.1 iniconfig-1.1.1 isort-5.6.4 mccabe-0.6.1 mypy-0.790 mypy-extensions-0.4.3 mypy-protobuf-1.23 openapi-spec-validator-0.2.9 pathspec-0.8.1 prance-0.19.0 pycodestyle-2.6.0 pydantic-1.7.3 pyflakes-2.2.0 pytest-6.1.2 pytest-asyncio-0.14.0 regex-2020.11.13 semver-2.13.0 toml-0.10.2 tox-3.20.0 typed-ast-1.4.1 virtualenv-20.2.2
WARNING: You are using pip version 20.2.3; however, version 20.3.1 is available.
You should consider upgrading via the '/usr/local/bin/python -m pip install --upgrade pip' command.
pip install --editable .[all]
Obtaining file:///workspace/source
Collecting grpcio==1.33.2
  Downloading grpcio-1.33.2-cp36-cp36m-manylinux2014_x86_64.whl (3.8 MB)
Collecting protobuf==3.14.0
  Downloading protobuf-3.14.0-cp36-cp36m-manylinux1_x86_64.whl (1.0 MB)
Collecting fastapi==0.62.0
  Downloading fastapi-0.62.0-py3-none-any.whl (49 kB)
Collecting uvicorn==0.12.3
  Downloading uvicorn-0.12.3-py3-none-any.whl (45 kB)
Collecting orjson==3.4.4
  Downloading orjson-3.4.4-cp36-cp36m-manylinux2014_x86_64.whl (232 kB)
Requirement already satisfied: click==7.1.2 in /usr/local/lib/python3.6/site-packages (from mlserver==0.2.0.dev0) (7.1.2)
Collecting scikit-learn==0.23.1
  Downloading scikit_learn-0.23.1-cp36-cp36m-manylinux1_x86_64.whl (6.8 MB)
Requirement already satisfied: joblib==0.16.0 in /usr/local/lib/python3.6/site-packages (from mlserver==0.2.0.dev0) (0.16.0)
Collecting xgboost==1.1.1
  Downloading xgboost-1.1.1-py3-none-manylinux2010_x86_64.whl (127.6 MB)
Requirement already satisfied: six>=1.5.2 in /usr/local/lib/python3.6/site-packages (from grpcio==1.33.2->mlserver==0.2.0.dev0) (1.15.0)
Collecting starlette==0.13.6
  Downloading starlette-0.13.6-py3-none-any.whl (59 kB)
Requirement already satisfied: pydantic<2.0.0,>=1.0.0 in /usr/local/lib/python3.6/site-packages (from fastapi==0.62.0->mlserver==0.2.0.dev0) (1.7.3)
Requirement already satisfied: typing-extensions; python_version < "3.8" in /usr/local/lib/python3.6/site-packages (from uvicorn==0.12.3->mlserver==0.2.0.dev0) (3.7.4.3)
Collecting h11>=0.8
  Downloading h11-0.11.0-py2.py3-none-any.whl (54 kB)
Requirement already satisfied: threadpoolctl>=2.0.0 in /usr/local/lib/python3.6/site-packages (from scikit-learn==0.23.1->mlserver==0.2.0.dev0) (2.1.0)
Requirement already satisfied: scipy>=0.19.1 in /usr/local/lib/python3.6/site-packages (from scikit-learn==0.23.1->mlserver==0.2.0.dev0) (1.5.2)
Requirement already satisfied: numpy>=1.13.3 in /usr/local/lib/python3.6/site-packages (from scikit-learn==0.23.1->mlserver==0.2.0.dev0) (1.19.2)
Requirement already satisfied: dataclasses>=0.6; python_version < "3.7" in /usr/local/lib/python3.6/site-packages (from pydantic<2.0.0,>=1.0.0->fastapi==0.62.0->mlserver==0.2.0.dev0) (0.8)
Installing collected packages: grpcio, protobuf, starlette, fastapi, h11, uvicorn, orjson, scikit-learn, xgboost, mlserver
  Attempting uninstall: grpcio
    Found existing installation: grpcio 1.34.0
    Uninstalling grpcio-1.34.0:
      Successfully uninstalled grpcio-1.34.0
  Attempting uninstall: protobuf
    Found existing installation: protobuf 3.13.0
    Uninstalling protobuf-3.13.0:
      Successfully uninstalled protobuf-3.13.0
  Attempting uninstall: scikit-learn
    Found existing installation: scikit-learn 0.23.2
    Uninstalling scikit-learn-0.23.2:
      Successfully uninstalled scikit-learn-0.23.2
  Running setup.py develop for mlserver
ERROR: After October 2020 you may experience errors when installing or updating packages. This is because pip will change the way that it resolves dependency conflicts.

We recommend you use --use-feature=2020-resolver to test your packages with the new resolver before it becomes the default.

alibi 0.5.2 requires tensorflow>=2.0, but you'll have tensorflow 1.15.2 which is incompatible.
Successfully installed fastapi-0.62.0 grpcio-1.33.2 h11-0.11.0 mlserver orjson-3.4.4 protobuf-3.14.0 scikit-learn-0.23.1 starlette-0.13.6 uvicorn-0.12.3 xgboost-1.1.1
WARNING: You are using pip version 20.2.3; however, version 20.3.1 is available.
You should consider upgrading via the '/usr/local/bin/python -m pip install --upgrade pip' command.
./hack/generate-types.sh
Writing mypy to dataplane_pb2.pyi
Writing mypy to model_repository_pb2.pyi
black . \
	--exclude "(mlserver/grpc/dataplane_pb2*)"
reformatted /workspace/source/mlserver/grpc/model_repository_pb2.pyi
reformatted /workspace/source/mlserver/types/dataplane.py
reformatted /workspace/source/mlserver/grpc/model_repository_pb2_grpc.py
reformatted /workspace/source/mlserver/types/model_repository.py
reformatted /workspace/source/mlserver/grpc/model_repository_pb2.py
All done! ✨ 🍰 ✨
5 files reformatted, 67 files left unchanged.
flake8 .
mypy .
Success: no issues found in 64 source files
# Check if something has changed after generation
git \
	--no-pager diff \
	--exit-code \
	.
[31m
Pipeline failed on stage 'lint' : container 'step-step2'. The execution of the pipeline has stopped.[0m

Showing logs for build [32mseldonio-mlserver-pr-75-pr-buil-9qfk6-1[0m stage [32mtest[0m and container [32mstep-credential-initializer-d94r6[0m
{"level":"info","ts":1607359433.3388135,"logger":"fallback-logger","caller":"logging/config.go:69","msg":"Fetch GitHub commit ID from kodata failed: open /var/run/ko/refs/heads/0.8.0-ns-support: no such file or directory"}
{"level":"info","ts":1607359433.3465881,"logger":"fallback-logger","caller":"creds-init/main.go:40","msg":"Credentials initialized."}

Showing logs for build [32mseldonio-mlserver-pr-75-pr-buil-9qfk6-1[0m stage [32mtest[0m and container [32mstep-working-dir-initializer-g87vk[0m
{"level":"info","ts":1607359441.1277082,"logger":"fallback-logger","caller":"logging/config.go:69","msg":"Fetch GitHub commit ID from kodata failed: open /var/run/ko/HEAD: no such file or directory"}
{"level":"info","ts":1607359441.129148,"logger":"fallback-logger","caller":"bash/main.go:64","msg":"Successfully executed command \"sh -c mkdir -p /workspace/source\"; output "}

Showing logs for build [32mseldonio-mlserver-pr-75-pr-buil-9qfk6-1[0m stage [32mtest[0m and container [32mstep-place-tools[0m

Showing logs for build [32mseldonio-mlserver-pr-75-pr-buil-9qfk6-1[0m stage [32mtest[0m and container [32mstep-git-source-seldonio-mlserver-pr-75-pr-buil-9qfk6-sxhsl[0m
{"level":"info","ts":1607359466.9375484,"logger":"fallback-logger","caller":"logging/config.go:69","msg":"Fetch GitHub commit ID from kodata failed: open /var/run/ko/refs/heads/0.8.0-ns-support: no such file or directory"}
{"level":"info","ts":1607359469.2514496,"logger":"fallback-logger","caller":"git/git.go:103","msg":"Successfully cloned https://github.com/SeldonIO/MLServer.git @ master in path /workspace/source"}

Showing logs for build [32mseldonio-mlserver-pr-75-pr-buil-9qfk6-1[0m stage [32mtest[0m and container [32mstep-setup-builder-home[0m

Showing logs for build [32mseldonio-mlserver-pr-75-pr-buil-9qfk6-1[0m stage [32mtest[0m and container [32mstep-git-merge[0m
Using SHAs from PULL_REFS=master:15cfa520515cd8da3d24c2f812df03e934edd2cf,75:ca2e28ee262007b9a5564fd81ddc1db6711cef6c
DEBUG: LC_ALL=C JX_LOG_LEVEL=error git fetch origin --unshallow ca2e28ee262007b9a5564fd81ddc1db6711cef6c: 15cfa520515cd8da3d24c2f812df03e934edd2cf:
DEBUG: ran git fetch --unshallow origin ca2e28ee262007b9a5564fd81ddc1db6711cef6c: 15cfa520515cd8da3d24c2f812df03e934edd2cf: in 
DEBUG: LC_ALL=C JX_LOG_LEVEL=error git branch
DEBUG: LC_ALL=C JX_LOG_LEVEL=error git checkout master
DEBUG: ran git checkout master in 
DEBUG: LC_ALL=C JX_LOG_LEVEL=error git reset --hard 15cfa520515cd8da3d24c2f812df03e934edd2cf
DEBUG: ran git reset --hard 15cfa520515cd8da3d24c2f812df03e934edd2cf in 
DEBUG: LC_ALL=C JX_LOG_LEVEL=error git clean -fd .
DEBUG: ran clean --force -d . in 
DEBUG: LC_ALL=C JX_LOG_LEVEL=error git merge ca2e28ee262007b9a5564fd81ddc1db6711cef6c
DEBUG: ran git merge ca2e28ee262007b9a5564fd81ddc1db6711cef6c in 
DEBUG: LC_ALL=C JX_LOG_LEVEL=error git log --format=%H%x1f%an%x1f%ae%x1f%cn%x1f%ce%x1f%s%n%b%x1e 15cfa520515cd8da3d24c2f812df03e934edd2cf..HEAD
Merged SHA ca2e28ee262007b9a5564fd81ddc1db6711cef6c with commit message 'Bump datamodel-code-generator from 0.6.8 to 0.6.9' into base branch master

Showing logs for build [32mseldonio-mlserver-pr-75-pr-buil-9qfk6-1[0m stage [32mtest[0m and container [32mstep-step2[0m
pip install -r requirements-dev.txt
Collecting grpcio-tools==1.33.2
  Downloading grpcio_tools-1.33.2-cp36-cp36m-manylinux2014_x86_64.whl (2.5 MB)
Collecting datamodel-code-generator==0.6.9
  Downloading datamodel_code_generator-0.6.9-py3-none-any.whl (151 kB)
Collecting pytest==6.1.2
  Downloading pytest-6.1.2-py3-none-any.whl (272 kB)
Collecting pytest-asyncio==0.14.0
  Downloading pytest_asyncio-0.14.0-py3-none-any.whl (11 kB)
Collecting tox==3.20.0
  Downloading tox-3.20.0-py2.py3-none-any.whl (83 kB)
Collecting flake8==3.8.3
  Downloading flake8-3.8.3-py2.py3-none-any.whl (72 kB)
Collecting flake8-black==0.2.1
  Downloading flake8-black-0.2.1.tar.gz (9.1 kB)
Collecting mypy==0.790
  Downloading mypy-0.790-cp36-cp36m-manylinux1_x86_64.whl (21.0 MB)
Collecting mypy-protobuf==1.23
  Downloading mypy_protobuf-1.23-py3-none-any.whl (7.4 kB)
Collecting black==20.8b1
  Downloading black-20.8b1.tar.gz (1.1 MB)
  Installing build dependencies: started
  Installing build dependencies: finished with status 'done'
  Getting requirements to build wheel: started
  Getting requirements to build wheel: finished with status 'done'
    Preparing wheel metadata: started
    Preparing wheel metadata: finished with status 'done'
Requirement already satisfied: protobuf<4.0dev,>=3.5.0.post1 in /usr/local/lib/python3.6/site-packages (from grpcio-tools==1.33.2->-r requirements-dev.txt (line 2)) (3.13.0)
Collecting grpcio>=1.33.2
  Downloading grpcio-1.34.0-cp36-cp36m-manylinux2014_x86_64.whl (4.0 MB)
Collecting PySnooper<1.0.0,>=0.4.1
  Downloading PySnooper-0.4.2-py2.py3-none-any.whl (14 kB)
Collecting openapi-spec-validator<0.3,>=0.2.8
  Downloading openapi_spec_validator-0.2.9-py3-none-any.whl (25 kB)
Collecting genson<2.0,>=1.2.1
  Downloading genson-1.2.2.tar.gz (34 kB)
Collecting prance<1.0,>=0.18.2
  Downloading prance-0.19.0-py2.py3-none-any.whl (33 kB)
Collecting argcomplete<2.0,>=1.10
  Downloading argcomplete-1.12.2-py2.py3-none-any.whl (38 kB)
Requirement already satisfied: jinja2<3.0,>=2.10.1 in /usr/local/lib/python3.6/site-packages (from datamodel-code-generator==0.6.9->-r requirements-dev.txt (line 3)) (2.11.2)
Collecting toml<1.0.0,>=0.10.0
  Downloading toml-0.10.2-py2.py3-none-any.whl (16 kB)
Collecting pydantic[email]<2.0,>=1.5.1; python_version < "3.9"
  Downloading pydantic-1.7.3-cp36-cp36m-manylinux2014_x86_64.whl (9.2 MB)
Collecting inflect<5.0,>=4.1.0
  Downloading inflect-4.1.1-py3-none-any.whl (31 kB)
Collecting isort<6.0,>=4.3.21
  Downloading isort-5.6.4-py3-none-any.whl (98 kB)
Requirement already satisfied: packaging in /usr/local/lib/python3.6/site-packages (from pytest==6.1.2->-r requirements-dev.txt (line 6)) (20.4)
Requirement already satisfied: importlib-metadata>=0.12; python_version < "3.8" in /usr/local/lib/python3.6/site-packages (from pytest==6.1.2->-r requirements-dev.txt (line 6)) (1.7.0)
Requirement already satisfied: attrs>=17.4.0 in /usr/local/lib/python3.6/site-packages (from pytest==6.1.2->-r requirements-dev.txt (line 6)) (20.2.0)
Collecting iniconfig
  Downloading iniconfig-1.1.1-py2.py3-none-any.whl (5.0 kB)
Requirement already satisfied: pluggy<1.0,>=0.12 in /usr/local/lib/python3.6/site-packages (from pytest==6.1.2->-r requirements-dev.txt (line 6)) (0.13.1)
Requirement already satisfied: py>=1.8.2 in /usr/local/lib/python3.6/site-packages (from pytest==6.1.2->-r requirements-dev.txt (line 6)) (1.9.0)
Requirement already satisfied: six>=1.14.0 in /usr/local/lib/python3.6/site-packages (from tox==3.20.0->-r requirements-dev.txt (line 8)) (1.15.0)
Collecting filelock>=3.0.0
  Downloading filelock-3.0.12-py3-none-any.whl (7.6 kB)
Collecting virtualenv!=20.0.0,!=20.0.1,!=20.0.2,!=20.0.3,!=20.0.4,!=20.0.5,!=20.0.6,!=20.0.7,>=16.0.0
  Downloading virtualenv-20.2.2-py2.py3-none-any.whl (5.7 MB)
Collecting mccabe<0.7.0,>=0.6.0
  Downloading mccabe-0.6.1-py2.py3-none-any.whl (8.6 kB)
Collecting pycodestyle<2.7.0,>=2.6.0a1
  Downloading pycodestyle-2.6.0-py2.py3-none-any.whl (41 kB)
Collecting pyflakes<2.3.0,>=2.2.0
  Downloading pyflakes-2.2.0-py2.py3-none-any.whl (66 kB)
Collecting typed-ast<1.5.0,>=1.4.0
  Downloading typed_ast-1.4.1-cp36-cp36m-manylinux1_x86_64.whl (737 kB)
Requirement already satisfied: typing-extensions>=3.7.4 in /usr/local/lib/python3.6/site-packages (from mypy==0.790->-r requirements-dev.txt (line 13)) (3.7.4.3)
Collecting mypy-extensions<0.5.0,>=0.4.3
  Downloading mypy_extensions-0.4.3-py2.py3-none-any.whl (4.5 kB)
Collecting regex>=2020.1.8
  Downloading regex-2020.11.13-cp36-cp36m-manylinux2014_x86_64.whl (723 kB)
Collecting appdirs
  Downloading appdirs-1.4.4-py2.py3-none-any.whl (9.6 kB)
Collecting click>=7.1.2
  Downloading click-7.1.2-py2.py3-none-any.whl (82 kB)
Collecting pathspec<1,>=0.6
  Downloading pathspec-0.8.1-py2.py3-none-any.whl (28 kB)
Collecting dataclasses>=0.6; python_version < "3.7"
  Downloading dataclasses-0.8-py3-none-any.whl (19 kB)
Requirement already satisfied: setuptools in /usr/local/lib/python3.6/site-packages (from protobuf<4.0dev,>=3.5.0.post1->grpcio-tools==1.33.2->-r requirements-dev.txt (line 2)) (50.3.0)
Requirement already satisfied: PyYAML>=5.1 in /usr/local/lib/python3.6/site-packages (from openapi-spec-validator<0.3,>=0.2.8->datamodel-code-generator==0.6.9->-r requirements-dev.txt (line 3)) (5.3.1)
Requirement already satisfied: jsonschema in /usr/local/lib/python3.6/site-packages (from openapi-spec-validator<0.3,>=0.2.8->datamodel-code-generator==0.6.9->-r requirements-dev.txt (line 3)) (3.2.0)
Requirement already satisfied: requests~=2.22 in /usr/local/lib/python3.6/site-packages (from prance<1.0,>=0.18.2->datamodel-code-generator==0.6.9->-r requirements-dev.txt (line 3)) (2.24.0)
Collecting semver~=2.9
  Downloading semver-2.13.0-py2.py3-none-any.whl (12 kB)
Requirement already satisfied: chardet~=3.0 in /usr/local/lib/python3.6/site-packages (from prance<1.0,>=0.18.2->datamodel-code-generator==0.6.9->-r requirements-dev.txt (line 3)) (3.0.4)
Requirement already satisfied: MarkupSafe>=0.23 in /usr/local/lib/python3.6/site-packages (from jinja2<3.0,>=2.10.1->datamodel-code-generator==0.6.9->-r requirements-dev.txt (line 3)) (1.1.1)
Collecting email-validator>=1.0.3; extra == "email"
  Downloading email_validator-1.1.2-py2.py3-none-any.whl (17 kB)
Requirement already satisfied: pyparsing>=2.0.2 in /usr/local/lib/python3.6/site-packages (from packaging->pytest==6.1.2->-r requirements-dev.txt (line 6)) (2.4.7)
Requirement already satisfied: zipp>=0.5 in /usr/local/lib/python3.6/site-packages (from importlib-metadata>=0.12; python_version < "3.8"->pytest==6.1.2->-r requirements-dev.txt (line 6)) (3.1.0)
Collecting distlib<1,>=0.3.1
  Downloading distlib-0.3.1-py2.py3-none-any.whl (335 kB)
Collecting importlib-resources>=1.0; python_version < "3.7"
  Downloading importlib_resources-3.3.0-py2.py3-none-any.whl (26 kB)
Requirement already satisfied: pyrsistent>=0.14.0 in /usr/local/lib/python3.6/site-packages (from jsonschema->openapi-spec-validator<0.3,>=0.2.8->datamodel-code-generator==0.6.9->-r requirements-dev.txt (line 3)) (0.17.3)
Requirement already satisfied: urllib3!=1.25.0,!=1.25.1,<1.26,>=1.21.1 in /usr/local/lib/python3.6/site-packages (from requests~=2.22->prance<1.0,>=0.18.2->datamodel-code-generator==0.6.9->-r requirements-dev.txt (line 3)) (1.25.10)
Requirement already satisfied: idna<3,>=2.5 in /usr/local/lib/python3.6/site-packages (from requests~=2.22->prance<1.0,>=0.18.2->datamodel-code-generator==0.6.9->-r requirements-dev.txt (line 3)) (2.10)
Requirement already satisfied: certifi>=2017.4.17 in /usr/local/lib/python3.6/site-packages (from requests~=2.22->prance<1.0,>=0.18.2->datamodel-code-generator==0.6.9->-r requirements-dev.txt (line 3)) (2020.6.20)
Collecting dnspython>=1.15.0
  Downloading dnspython-2.0.0-py3-none-any.whl (208 kB)
Building wheels for collected packages: flake8-black, black, genson
  Building wheel for flake8-black (setup.py): started
  Building wheel for flake8-black (setup.py): finished with status 'done'
  Created wheel for flake8-black: filename=flake8_black-0.2.1-py2.py3-none-any.whl size=8873 sha256=07249718e5edb47cd5b58337184ce208e757e561afd211c458051d20fc26f158
  Stored in directory: /builder/home/.cache/pip/wheels/f3/71/20/4bcba7c464da12f8e2d5009d9da66d732d32498be89b8f9d10
  Building wheel for black (PEP 517): started
  Building wheel for black (PEP 517): finished with status 'done'
  Created wheel for black: filename=black-20.8b1-py3-none-any.whl size=124185 sha256=c0508f6342f7eb5a45772ca04b79a42a4095799c9c27134ff2eeb8ec764c2bfe
  Stored in directory: /builder/home/.cache/pip/wheels/dd/c8/94/e774504958e4667180d81202d1d45cdc35d6222ae39229871b
  Building wheel for genson (setup.py): started
  Building wheel for genson (setup.py): finished with status 'done'
  Created wheel for genson: filename=genson-1.2.2-py2.py3-none-any.whl size=21261 sha256=1559d054f0706f16f7ab2dffbafcd0daa3c5e6bf816c155e78ced851a2d79f05
  Stored in directory: /builder/home/.cache/pip/wheels/17/8e/f6/70b78333e594fdb9a14a41c225743d4cad09bcdbf9ebd3a90b
Successfully built flake8-black black genson
Installing collected packages: grpcio, grpcio-tools, PySnooper, openapi-spec-validator, genson, semver, prance, argcomplete, toml, regex, appdirs, click, typed-ast, mypy-extensions, pathspec, dataclasses, black, dnspython, email-validator, pydantic, inflect, isort, datamodel-code-generator, iniconfig, pytest, pytest-asyncio, filelock, distlib, importlib-resources, virtualenv, tox, mccabe, pycodestyle, pyflakes, flake8, flake8-black, mypy, mypy-protobuf
  Attempting uninstall: grpcio
    Found existing installation: grpcio 1.32.0
    Uninstalling grpcio-1.32.0:
      Successfully uninstalled grpcio-1.32.0
  Attempting uninstall: grpcio-tools
    Found existing installation: grpcio-tools 1.32.0
    Uninstalling grpcio-tools-1.32.0:
      Successfully uninstalled grpcio-tools-1.32.0
  Attempting uninstall: pytest
    Found existing installation: pytest 5.3.1
    Uninstalling pytest-5.3.1:
      Successfully uninstalled pytest-5.3.1
ERROR: After October 2020 you may experience errors when installing or updating packages. This is because pip will change the way that it resolves dependency conflicts.

Successfully installed PySnooper-0.4.2 appdirs-1.4.4 argcomplete-1.12.2 black-20.8b1 click-7.1.2 dataclasses-0.8 datamodel-code-generator-0.6.9 distlib-0.3.1 dnspython-2.0.0 email-validator-1.1.2 filelock-3.0.12 flake8-3.8.3 flake8-black-0.2.1 genson-1.2.2 grpcio-1.34.0 grpcio-tools-1.33.2 importlib-resources-3.3.0 inflect-4.1.1 iniconfig-1.1.1 isort-5.6.4 mccabe-0.6.1 mypy-0.790 mypy-extensions-0.4.3 mypy-protobuf-1.23 openapi-spec-validator-0.2.9 pathspec-0.8.1 prance-0.19.0 pycodestyle-2.6.0 pydantic-1.7.3 pyflakes-2.2.0 pytest-6.1.2 pytest-asyncio-0.14.0 regex-2020.11.13 semver-2.13.0 toml-0.10.2 tox-3.20.0 typed-ast-1.4.1 virtualenv-20.2.2
We recommend you use --use-feature=2020-resolver to test your packages with the new resolver before it becomes the default.

alibi 0.5.2 requires tensorflow>=2.0, but you'll have tensorflow 1.15.2 which is incompatible.
WARNING: You are using pip version 20.2.3; however, version 20.3.1 is available.
You should consider upgrading via the '/usr/local/bin/python -m pip install --upgrade pip' command.
pip install --editable .[all]
Obtaining file:///workspace/source
Collecting grpcio==1.33.2
  Downloading grpcio-1.33.2-cp36-cp36m-manylinux2014_x86_64.whl (3.8 MB)
Collecting protobuf==3.14.0
  Downloading protobuf-3.14.0-cp36-cp36m-manylinux1_x86_64.whl (1.0 MB)
Collecting fastapi==0.62.0
  Downloading fastapi-0.62.0-py3-none-any.whl (49 kB)
Collecting uvicorn==0.12.3
  Downloading uvicorn-0.12.3-py3-none-any.whl (45 kB)
Collecting orjson==3.4.4
  Downloading orjson-3.4.4-cp36-cp36m-manylinux2014_x86_64.whl (232 kB)
Requirement already satisfied: click==7.1.2 in /usr/local/lib/python3.6/site-packages (from mlserver==0.2.0.dev0) (7.1.2)
Collecting xgboost==1.1.1
  Downloading xgboost-1.1.1-py3-none-manylinux2010_x86_64.whl (127.6 MB)
Collecting scikit-learn==0.23.1
  Downloading scikit_learn-0.23.1-cp36-cp36m-manylinux1_x86_64.whl (6.8 MB)
Requirement already satisfied: joblib==0.16.0 in /usr/local/lib/python3.6/site-packages (from mlserver==0.2.0.dev0) (0.16.0)
Requirement already satisfied: six>=1.5.2 in /usr/local/lib/python3.6/site-packages (from grpcio==1.33.2->mlserver==0.2.0.dev0) (1.15.0)
Requirement already satisfied: pydantic<2.0.0,>=1.0.0 in /usr/local/lib/python3.6/site-packages (from fastapi==0.62.0->mlserver==0.2.0.dev0) (1.7.3)
Collecting starlette==0.13.6
  Downloading starlette-0.13.6-py3-none-any.whl (59 kB)
Collecting h11>=0.8
  Downloading h11-0.11.0-py2.py3-none-any.whl (54 kB)
Requirement already satisfied: typing-extensions; python_version < "3.8" in /usr/local/lib/python3.6/site-packages (from uvicorn==0.12.3->mlserver==0.2.0.dev0) (3.7.4.3)
Requirement already satisfied: numpy in /usr/local/lib/python3.6/site-packages (from xgboost==1.1.1->mlserver==0.2.0.dev0) (1.19.2)
Requirement already satisfied: scipy in /usr/local/lib/python3.6/site-packages (from xgboost==1.1.1->mlserver==0.2.0.dev0) (1.5.2)
Requirement already satisfied: threadpoolctl>=2.0.0 in /usr/local/lib/python3.6/site-packages (from scikit-learn==0.23.1->mlserver==0.2.0.dev0) (2.1.0)
Requirement already satisfied: dataclasses>=0.6; python_version < "3.7" in /usr/local/lib/python3.6/site-packages (from pydantic<2.0.0,>=1.0.0->fastapi==0.62.0->mlserver==0.2.0.dev0) (0.8)
Installing collected packages: grpcio, protobuf, starlette, fastapi, h11, uvicorn, orjson, xgboost, scikit-learn, mlserver
  Attempting uninstall: grpcio
    Found existing installation: grpcio 1.34.0
    Uninstalling grpcio-1.34.0:
      Successfully uninstalled grpcio-1.34.0
  Attempting uninstall: protobuf
    Found existing installation: protobuf 3.13.0
    Uninstalling protobuf-3.13.0:
      Successfully uninstalled protobuf-3.13.0
  Attempting uninstall: scikit-learn
    Found existing installation: scikit-learn 0.23.2
    Uninstalling scikit-learn-0.23.2:
      Successfully uninstalled scikit-learn-0.23.2
  Running setup.py develop for mlserver
ERROR: After October 2020 you may experience errors when installing or updating packages. This is because pip will change the way that it resolves dependency conflicts.

We recommend you use --use-feature=2020-resolver to test your packages with the new resolver before it becomes the default.

alibi 0.5.2 requires tensorflow>=2.0, but you'll have tensorflow 1.15.2 which is incompatible.
Successfully installed fastapi-0.62.0 grpcio-1.33.2 h11-0.11.0 mlserver orjson-3.4.4 protobuf-3.14.0 scikit-learn-0.23.1 starlette-0.13.6 uvicorn-0.12.3 xgboost-1.1.1
WARNING: You are using pip version 20.2.3; however, version 20.3.1 is available.
You should consider upgrading via the '/usr/local/bin/python -m pip install --upgrade pip' command.
tox
GLOB sdist-make: /workspace/source/setup.py
py3 create: /workspace/source/.tox/py3
py3 installdeps: -r/workspace/source/requirements-dev.txt
py3 inst: /workspace/source/.tox/.tmp/package/1/mlserver-0.2.0.dev0.zip
py3 installed: appdirs==1.4.4,argcomplete==1.12.2,attrs==20.3.0,black==20.8b1,certifi==2020.12.5,chardet==3.0.4,click==7.1.2,dataclasses==0.8,datamodel-code-generator==0.6.9,distlib==0.3.1,dnspython==2.0.0,email-validator==1.1.2,fastapi==0.62.0,filelock==3.0.12,flake8==3.8.3,flake8-black==0.2.1,genson==1.2.2,grpcio==1.33.2,grpcio-tools==1.33.2,h11==0.11.0,idna==2.10,importlib-metadata==1.7.0,importlib-resources==3.3.0,inflect==4.1.1,iniconfig==1.1.1,isort==5.6.4,Jinja2==2.11.2,jsonschema==3.2.0,MarkupSafe==1.1.1,mccabe==0.6.1,mlserver @ file:///workspace/source/.tox/.tmp/package/1/mlserver-0.2.0.dev0.zip,mypy==0.790,mypy-extensions==0.4.3,mypy-protobuf==1.23,openapi-spec-validator==0.2.9,orjson==3.4.4,packaging==20.7,pathspec==0.8.1,pluggy==0.13.1,prance==0.19.0,protobuf==3.14.0,py==1.9.0,pycodestyle==2.6.0,pydantic==1.7.3,pyflakes==2.2.0,pyparsing==2.4.7,pyrsistent==0.17.3,PySnooper==0.4.2,pytest==6.1.2,pytest-asyncio==0.14.0,PyYAML==5.3.1,regex==2020.11.13,requests==2.25.0,semver==2.13.0,six==1.15.0,starlette==0.13.6,toml==0.10.2,tox==3.20.0,typed-ast==1.4.1,typing-extensions==3.7.4.3,urllib3==1.26.2,uvicorn==0.12.3,virtualenv==20.2.2,zipp==3.4.0
py3 run-test-pre: PYTHONHASHSEED='2567017848'
py3 run-test: commands[0] | pytest
============================= test session starts ==============================
platform linux -- Python 3.6.10, pytest-6.1.2, py-1.9.0, pluggy-0.13.1
cachedir: .tox/py3/.pytest_cache
rootdir: /workspace/source
plugins: asyncio-0.14.0
collected 100 items

tests/test_registry.py .......                                           [  7%]
tests/test_repository.py ....                                            [ 11%]
tests/test_settings.py ..                                                [ 13%]
tests/test_types.py ......                                               [ 19%]
tests/cli/test_serve.py .                                                [ 20%]
tests/grpc/test_converters.py ......                                     [ 26%]
tests/grpc/test_servicers.py ............                                [ 38%]
tests/handlers/test_dataplane.py ...........                             [ 49%]
tests/handlers/test_model_repository.py ........                         [ 57%]
tests/models/test_sklearn.py ssssssss                                    [ 65%]
tests/models/test_utils.py ssssssssssssssss                              [ 81%]
tests/models/test_xgboost.py sssss                                       [ 86%]
tests/rest/test_endpoints.py ............                                [ 98%]
tests/rest/test_utils.py ..                                              [100%]

======================== 71 passed, 29 skipped in 1.63s ========================
sklearn create: /workspace/source/.tox/sklearn
sklearn installdeps: -r/workspace/source/requirements-dev.txt
[31m
Pipeline failed on stage 'test' : container 'step-step2'. The execution of the pipeline has stopped.[0m
