
Showing logs for build [32mseldonio-mlserver-pr-25-pr-buil-bnlr2-1[0m stage [32mlint[0m and container [32mstep-credential-initializer-xrqqd[0m
{"level":"info","ts":1601394025.8780549,"logger":"fallback-logger","caller":"logging/config.go:69","msg":"Fetch GitHub commit ID from kodata failed: open /var/run/ko/refs/heads/0.8.0-ns-support: no such file or directory"}
{"level":"info","ts":1601394025.8785365,"logger":"fallback-logger","caller":"creds-init/main.go:40","msg":"Credentials initialized."}

Showing logs for build [32mseldonio-mlserver-pr-25-pr-buil-bnlr2-1[0m stage [32mlint[0m and container [32mstep-working-dir-initializer-nx6ft[0m
{"level":"info","ts":1601394027.2731876,"logger":"fallback-logger","caller":"logging/config.go:69","msg":"Fetch GitHub commit ID from kodata failed: open /var/run/ko/HEAD: no such file or directory"}
{"level":"info","ts":1601394027.4204156,"logger":"fallback-logger","caller":"bash/main.go:64","msg":"Successfully executed command \"sh -c mkdir -p /workspace/source\"; output "}

Showing logs for build [32mseldonio-mlserver-pr-25-pr-buil-bnlr2-1[0m stage [32mlint[0m and container [32mstep-place-tools[0m

Showing logs for build [32mseldonio-mlserver-pr-25-pr-buil-bnlr2-1[0m stage [32mlint[0m and container [32mstep-git-source-seldonio-mlserver-pr-25-pr-buil-bnlr2-7gb2b[0m
{"level":"info","ts":1601394035.558884,"logger":"fallback-logger","caller":"logging/config.go:69","msg":"Fetch GitHub commit ID from kodata failed: open /var/run/ko/refs/heads/0.8.0-ns-support: no such file or directory"}
{"level":"info","ts":1601394038.051061,"logger":"fallback-logger","caller":"git/git.go:103","msg":"Successfully cloned https://github.com/SeldonIO/MLServer.git @ master in path /workspace/source"}

Showing logs for build [32mseldonio-mlserver-pr-25-pr-buil-bnlr2-1[0m stage [32mlint[0m and container [32mstep-setup-builder-home[0m

Showing logs for build [32mseldonio-mlserver-pr-25-pr-buil-bnlr2-1[0m stage [32mlint[0m and container [32mstep-git-merge[0m
Using SHAs from PULL_REFS=master:685011b73db7d55159dbf0c4e02601588009886b,25:c73f7de24adef983c0910b2eca12a48f85832f3b
DEBUG: LC_ALL=C JX_LOG_LEVEL=error git fetch origin --unshallow c73f7de24adef983c0910b2eca12a48f85832f3b: 685011b73db7d55159dbf0c4e02601588009886b:
DEBUG: ran git fetch --unshallow origin c73f7de24adef983c0910b2eca12a48f85832f3b: 685011b73db7d55159dbf0c4e02601588009886b: in 
DEBUG: LC_ALL=C JX_LOG_LEVEL=error git branch
DEBUG: LC_ALL=C JX_LOG_LEVEL=error git checkout master
DEBUG: ran git checkout master in 
DEBUG: JX_LOG_LEVEL=error LC_ALL=C git reset --hard 685011b73db7d55159dbf0c4e02601588009886b
DEBUG: ran git reset --hard 685011b73db7d55159dbf0c4e02601588009886b in 
DEBUG: JX_LOG_LEVEL=error LC_ALL=C git clean -fd .
DEBUG: ran clean --force -d . in 
DEBUG: LC_ALL=C JX_LOG_LEVEL=error git merge c73f7de24adef983c0910b2eca12a48f85832f3b
DEBUG: ran git merge c73f7de24adef983c0910b2eca12a48f85832f3b in 
DEBUG: LC_ALL=C JX_LOG_LEVEL=error git log --format=%H%x1f%an%x1f%ae%x1f%cn%x1f%ce%x1f%s%n%b%x1e 685011b73db7d55159dbf0c4e02601588009886b..HEAD
Merged SHA c73f7de24adef983c0910b2eca12a48f85832f3b with commit message 'Rename proto package to align with Triton' into base branch master

Showing logs for build [32mseldonio-mlserver-pr-25-pr-buil-bnlr2-1[0m stage [32mlint[0m and container [32mstep-step2[0m
pip install -r requirements-dev.txt
Requirement already satisfied: grpcio-tools==1.32.0 in /usr/local/lib/python3.6/site-packages (from -r requirements-dev.txt (line 2)) (1.32.0)
Collecting datamodel-code-generator==0.5.35
  Downloading datamodel_code_generator-0.5.35-py3-none-any.whl (121 kB)
Collecting pytest==6.1.0
  Downloading pytest-6.1.0-py3-none-any.whl (272 kB)
Collecting pytest-asyncio==0.14.0
  Downloading pytest_asyncio-0.14.0-py3-none-any.whl (11 kB)
Collecting tox==3.20.0
  Downloading tox-3.20.0-py2.py3-none-any.whl (83 kB)
Requirement already satisfied: numpy==1.19.2 in /usr/local/lib/python3.6/site-packages (from -r requirements-dev.txt (line 11)) (1.19.2)
Collecting flake8==3.8.3
  Downloading flake8-3.8.3-py2.py3-none-any.whl (72 kB)
Collecting flake8-black==0.2.1
  Downloading flake8-black-0.2.1.tar.gz (9.1 kB)
Collecting mypy==0.782
  Downloading mypy-0.782-cp36-cp36m-manylinux1_x86_64.whl (20.8 MB)
Collecting mypy-protobuf==1.23
  Downloading mypy_protobuf-1.23-py3-none-any.whl (7.4 kB)
Collecting black==20.8b1
  Downloading black-20.8b1.tar.gz (1.1 MB)
  Installing build dependencies: started
  Installing build dependencies: finished with status 'done'
  Getting requirements to build wheel: started
  Getting requirements to build wheel: finished with status 'done'
    Preparing wheel metadata: started
    Preparing wheel metadata: finished with status 'done'
Requirement already satisfied: grpcio>=1.32.0 in /usr/local/lib/python3.6/site-packages (from grpcio-tools==1.32.0->-r requirements-dev.txt (line 2)) (1.32.0)
Requirement already satisfied: protobuf<4.0dev,>=3.5.0.post1 in /usr/local/lib/python3.6/site-packages (from grpcio-tools==1.32.0->-r requirements-dev.txt (line 2)) (3.13.0)
Collecting pydantic[email]<2.0,>=1.5.1
  Downloading pydantic-1.6.1-cp36-cp36m-manylinux2014_x86_64.whl (8.7 MB)
Collecting argcomplete<2.0,>=1.10
  Downloading argcomplete-1.12.1-py2.py3-none-any.whl (38 kB)
Collecting PySnooper<1.0.0,>=0.4.1
  Downloading PySnooper-0.4.2-py2.py3-none-any.whl (14 kB)
Collecting openapi-spec-validator<0.3,>=0.2.8
  Downloading openapi_spec_validator-0.2.9-py3-none-any.whl (25 kB)
Collecting prance<1.0,>=0.18.2
  Downloading prance-0.19.0-py2.py3-none-any.whl (33 kB)
Collecting toml<1.0.0,>=0.10.0
  Downloading toml-0.10.1-py2.py3-none-any.whl (19 kB)
Collecting inflect<5.0,>=4.1.0
  Downloading inflect-4.1.0-py3-none-any.whl (31 kB)
Collecting genson<2.0,>=1.2.1
  Downloading genson-1.2.2.tar.gz (34 kB)
Collecting isort<5.0,>=4.3.21
  Downloading isort-4.3.21-py2.py3-none-any.whl (42 kB)
Requirement already satisfied: jinja2<3.0,>=2.10.1 in /usr/local/lib/python3.6/site-packages (from datamodel-code-generator==0.5.35->-r requirements-dev.txt (line 3)) (2.11.2)
Requirement already satisfied: py>=1.8.2 in /usr/local/lib/python3.6/site-packages (from pytest==6.1.0->-r requirements-dev.txt (line 6)) (1.9.0)
Requirement already satisfied: importlib-metadata>=0.12; python_version < "3.8" in /usr/local/lib/python3.6/site-packages (from pytest==6.1.0->-r requirements-dev.txt (line 6)) (1.7.0)
Collecting iniconfig
  Downloading iniconfig-1.0.1-py3-none-any.whl (4.2 kB)
Requirement already satisfied: pluggy<1.0,>=0.12 in /usr/local/lib/python3.6/site-packages (from pytest==6.1.0->-r requirements-dev.txt (line 6)) (0.13.1)
Requirement already satisfied: attrs>=17.4.0 in /usr/local/lib/python3.6/site-packages (from pytest==6.1.0->-r requirements-dev.txt (line 6)) (20.2.0)
Requirement already satisfied: packaging in /usr/local/lib/python3.6/site-packages (from pytest==6.1.0->-r requirements-dev.txt (line 6)) (20.4)
Requirement already satisfied: six>=1.14.0 in /usr/local/lib/python3.6/site-packages (from tox==3.20.0->-r requirements-dev.txt (line 8)) (1.15.0)
Collecting filelock>=3.0.0
  Downloading filelock-3.0.12-py3-none-any.whl (7.6 kB)
Collecting virtualenv!=20.0.0,!=20.0.1,!=20.0.2,!=20.0.3,!=20.0.4,!=20.0.5,!=20.0.6,!=20.0.7,>=16.0.0
  Downloading virtualenv-20.0.31-py2.py3-none-any.whl (4.9 MB)
Collecting pyflakes<2.3.0,>=2.2.0
  Downloading pyflakes-2.2.0-py2.py3-none-any.whl (66 kB)
Collecting mccabe<0.7.0,>=0.6.0
  Downloading mccabe-0.6.1-py2.py3-none-any.whl (8.6 kB)
Collecting pycodestyle<2.7.0,>=2.6.0a1
  Downloading pycodestyle-2.6.0-py2.py3-none-any.whl (41 kB)
Collecting mypy-extensions<0.5.0,>=0.4.3
  Downloading mypy_extensions-0.4.3-py2.py3-none-any.whl (4.5 kB)
Collecting typed-ast<1.5.0,>=1.4.0
  Downloading typed_ast-1.4.1-cp36-cp36m-manylinux1_x86_64.whl (737 kB)
Requirement already satisfied: typing-extensions>=3.7.4 in /usr/local/lib/python3.6/site-packages (from mypy==0.782->-r requirements-dev.txt (line 16)) (3.7.4.3)
Collecting pathspec<1,>=0.6
  Downloading pathspec-0.8.0-py2.py3-none-any.whl (28 kB)
Collecting appdirs
  Downloading appdirs-1.4.4-py2.py3-none-any.whl (9.6 kB)
Collecting dataclasses>=0.6; python_version < "3.7"
  Downloading dataclasses-0.7-py3-none-any.whl (18 kB)
Collecting regex>=2020.1.8
  Downloading regex-2020.9.27-cp36-cp36m-manylinux2010_x86_64.whl (662 kB)
Collecting click>=7.1.2
  Downloading click-7.1.2-py2.py3-none-any.whl (82 kB)
Requirement already satisfied: setuptools in /usr/local/lib/python3.6/site-packages (from protobuf<4.0dev,>=3.5.0.post1->grpcio-tools==1.32.0->-r requirements-dev.txt (line 2)) (50.3.0)
Collecting email-validator>=1.0.3; extra == "email"
  Downloading email_validator-1.1.1-py2.py3-none-any.whl (17 kB)
Requirement already satisfied: PyYAML>=5.1 in /usr/local/lib/python3.6/site-packages (from openapi-spec-validator<0.3,>=0.2.8->datamodel-code-generator==0.5.35->-r requirements-dev.txt (line 3)) (5.3.1)
Requirement already satisfied: jsonschema in /usr/local/lib/python3.6/site-packages (from openapi-spec-validator<0.3,>=0.2.8->datamodel-code-generator==0.5.35->-r requirements-dev.txt (line 3)) (3.2.0)
Requirement already satisfied: requests~=2.22 in /usr/local/lib/python3.6/site-packages (from prance<1.0,>=0.18.2->datamodel-code-generator==0.5.35->-r requirements-dev.txt (line 3)) (2.24.0)
Requirement already satisfied: chardet~=3.0 in /usr/local/lib/python3.6/site-packages (from prance<1.0,>=0.18.2->datamodel-code-generator==0.5.35->-r requirements-dev.txt (line 3)) (3.0.4)
Collecting semver~=2.9
  Downloading semver-2.10.2-py2.py3-none-any.whl (12 kB)
Requirement already satisfied: MarkupSafe>=0.23 in /usr/local/lib/python3.6/site-packages (from jinja2<3.0,>=2.10.1->datamodel-code-generator==0.5.35->-r requirements-dev.txt (line 3)) (1.1.1)
Requirement already satisfied: zipp>=0.5 in /usr/local/lib/python3.6/site-packages (from importlib-metadata>=0.12; python_version < "3.8"->pytest==6.1.0->-r requirements-dev.txt (line 6)) (3.1.0)
Requirement already satisfied: pyparsing>=2.0.2 in /usr/local/lib/python3.6/site-packages (from packaging->pytest==6.1.0->-r requirements-dev.txt (line 6)) (2.4.7)
Collecting importlib-resources>=1.0; python_version < "3.7"
  Downloading importlib_resources-3.0.0-py2.py3-none-any.whl (23 kB)
Collecting distlib<1,>=0.3.1
  Downloading distlib-0.3.1-py2.py3-none-any.whl (335 kB)
Collecting dnspython>=1.15.0
  Downloading dnspython-2.0.0-py3-none-any.whl (208 kB)
Requirement already satisfied: idna>=2.0.0 in /usr/local/lib/python3.6/site-packages (from email-validator>=1.0.3; extra == "email"->pydantic[email]<2.0,>=1.5.1->datamodel-code-generator==0.5.35->-r requirements-dev.txt (line 3)) (2.10)
Requirement already satisfied: pyrsistent>=0.14.0 in /usr/local/lib/python3.6/site-packages (from jsonschema->openapi-spec-validator<0.3,>=0.2.8->datamodel-code-generator==0.5.35->-r requirements-dev.txt (line 3)) (0.17.3)
Requirement already satisfied: urllib3!=1.25.0,!=1.25.1,<1.26,>=1.21.1 in /usr/local/lib/python3.6/site-packages (from requests~=2.22->prance<1.0,>=0.18.2->datamodel-code-generator==0.5.35->-r requirements-dev.txt (line 3)) (1.25.10)
Requirement already satisfied: certifi>=2017.4.17 in /usr/local/lib/python3.6/site-packages (from requests~=2.22->prance<1.0,>=0.18.2->datamodel-code-generator==0.5.35->-r requirements-dev.txt (line 3)) (2020.6.20)
Building wheels for collected packages: flake8-black, black, genson
  Building wheel for flake8-black (setup.py): started
  Building wheel for flake8-black (setup.py): finished with status 'done'
  Created wheel for flake8-black: filename=flake8_black-0.2.1-py2.py3-none-any.whl size=8873 sha256=907bb45504c8952aed3e3a91d4aa5c28524c98f1ad9eac2afe4488ad6f01ff78
  Stored in directory: /builder/home/.cache/pip/wheels/f3/71/20/4bcba7c464da12f8e2d5009d9da66d732d32498be89b8f9d10
  Building wheel for black (PEP 517): started
  Building wheel for black (PEP 517): finished with status 'done'
  Created wheel for black: filename=black-20.8b1-py3-none-any.whl size=124186 sha256=cb69b0e7002aff28b2d9c22e815b68ee2af89a1737c5d0a2c520a15b107491c6
  Stored in directory: /builder/home/.cache/pip/wheels/dd/c8/94/e774504958e4667180d81202d1d45cdc35d6222ae39229871b
  Building wheel for genson (setup.py): started
  Building wheel for genson (setup.py): finished with status 'done'
  Created wheel for genson: filename=genson-1.2.2-py2.py3-none-any.whl size=21261 sha256=f1cff59daf734fe81e9f9052a2f9a7f92be44b68084c9befeade50435f31c7ca
  Stored in directory: /builder/home/.cache/pip/wheels/17/8e/f6/70b78333e594fdb9a14a41c225743d4cad09bcdbf9ebd3a90b
Successfully built flake8-black black genson
Installing collected packages: dataclasses, dnspython, email-validator, pydantic, argcomplete, PySnooper, openapi-spec-validator, semver, prance, toml, pathspec, appdirs, mypy-extensions, regex, click, typed-ast, black, inflect, genson, isort, datamodel-code-generator, iniconfig, pytest, pytest-asyncio, filelock, importlib-resources, distlib, virtualenv, tox, pyflakes, mccabe, pycodestyle, flake8, flake8-black, mypy, mypy-protobuf
  Attempting uninstall: pytest
    Found existing installation: pytest 5.3.1
    Uninstalling pytest-5.3.1:
      Successfully uninstalled pytest-5.3.1
ERROR: After October 2020 you may experience errors when installing or updating packages. This is because pip will change the way that it resolves dependency conflicts.

We recommend you use --use-feature=2020-resolver to test your packages with the new resolver before it becomes the default.

datamodel-code-generator 0.5.35 requires black<20,>=19.10b0, but you'll have black 20.8b1 which is incompatible.
Successfully installed PySnooper-0.4.2 appdirs-1.4.4 argcomplete-1.12.1 black-20.8b1 click-7.1.2 dataclasses-0.7 datamodel-code-generator-0.5.35 distlib-0.3.1 dnspython-2.0.0 email-validator-1.1.1 filelock-3.0.12 flake8-3.8.3 flake8-black-0.2.1 genson-1.2.2 importlib-resources-3.0.0 inflect-4.1.0 iniconfig-1.0.1 isort-4.3.21 mccabe-0.6.1 mypy-0.782 mypy-extensions-0.4.3 mypy-protobuf-1.23 openapi-spec-validator-0.2.9 pathspec-0.8.0 prance-0.19.0 pycodestyle-2.6.0 pydantic-1.6.1 pyflakes-2.2.0 pytest-6.1.0 pytest-asyncio-0.14.0 regex-2020.9.27 semver-2.10.2 toml-0.10.1 tox-3.20.0 typed-ast-1.4.1 virtualenv-20.0.31
pip install --editable .[all]
Obtaining file:///workspace/source
Requirement already satisfied: grpcio==1.32.0 in /usr/local/lib/python3.6/site-packages (from mlserver==0.1.0) (1.32.0)
Requirement already satisfied: protobuf==3.13.0 in /usr/local/lib/python3.6/site-packages (from mlserver==0.1.0) (3.13.0)
Collecting fastapi==0.61.1
  Downloading fastapi-0.61.1-py3-none-any.whl (48 kB)
Collecting uvicorn==0.11.8
  Downloading uvicorn-0.11.8-py3-none-any.whl (43 kB)
Collecting orjson==3.4.0
  Downloading orjson-3.4.0-cp36-cp36m-manylinux2014_x86_64.whl (234 kB)
Requirement already satisfied: click==7.1.2 in /usr/local/lib/python3.6/site-packages (from mlserver==0.1.0) (7.1.2)
Collecting scikit-learn==0.23.1
  Downloading scikit_learn-0.23.1-cp36-cp36m-manylinux1_x86_64.whl (6.8 MB)
Collecting numpy==1.18.5
  Downloading numpy-1.18.5-cp36-cp36m-manylinux1_x86_64.whl (20.1 MB)
Collecting xgboost==1.1.1
  Downloading xgboost-1.1.1-py3-none-manylinux2010_x86_64.whl (127.6 MB)
Requirement already satisfied: joblib==0.16.0 in /usr/local/lib/python3.6/site-packages (from mlserver==0.1.0) (0.16.0)
Requirement already satisfied: six>=1.5.2 in /usr/local/lib/python3.6/site-packages (from grpcio==1.32.0->mlserver==0.1.0) (1.15.0)
Requirement already satisfied: setuptools in /usr/local/lib/python3.6/site-packages (from protobuf==3.13.0->mlserver==0.1.0) (50.3.0)
Collecting starlette==0.13.6
  Downloading starlette-0.13.6-py3-none-any.whl (59 kB)
Requirement already satisfied: pydantic<2.0.0,>=1.0.0 in /usr/local/lib/python3.6/site-packages (from fastapi==0.61.1->mlserver==0.1.0) (1.6.1)
Collecting h11<0.10,>=0.8
  Downloading h11-0.9.0-py2.py3-none-any.whl (53 kB)
Collecting websockets==8.*
  Downloading websockets-8.1-cp36-cp36m-manylinux2010_x86_64.whl (78 kB)
Collecting httptools==0.1.*; sys_platform != "win32" and sys_platform != "cygwin" and platform_python_implementation != "PyPy"
  Downloading httptools-0.1.1-cp36-cp36m-manylinux1_x86_64.whl (216 kB)
Collecting uvloop>=0.14.0; sys_platform != "win32" and sys_platform != "cygwin" and platform_python_implementation != "PyPy"
  Downloading uvloop-0.14.0-cp36-cp36m-manylinux2010_x86_64.whl (3.9 MB)
Requirement already satisfied: threadpoolctl>=2.0.0 in /usr/local/lib/python3.6/site-packages (from scikit-learn==0.23.1->mlserver==0.1.0) (2.1.0)
Requirement already satisfied: scipy>=0.19.1 in /usr/local/lib/python3.6/site-packages (from scikit-learn==0.23.1->mlserver==0.1.0) (1.5.2)
Requirement already satisfied: dataclasses>=0.6; python_version < "3.7" in /usr/local/lib/python3.6/site-packages (from pydantic<2.0.0,>=1.0.0->fastapi==0.61.1->mlserver==0.1.0) (0.7)
Installing collected packages: starlette, fastapi, h11, websockets, httptools, uvloop, uvicorn, orjson, numpy, scikit-learn, xgboost, mlserver
  Attempting uninstall: numpy
    Found existing installation: numpy 1.19.2
    Uninstalling numpy-1.19.2:
      Successfully uninstalled numpy-1.19.2
  Attempting uninstall: scikit-learn
    Found existing installation: scikit-learn 0.23.2
    Uninstalling scikit-learn-0.23.2:
      Successfully uninstalled scikit-learn-0.23.2
  Running setup.py develop for mlserver
ERROR: After October 2020 you may experience errors when installing or updating packages. This is because pip will change the way that it resolves dependency conflicts.

We recommend you use --use-feature=2020-resolver to test your packages with the new resolver before it becomes the default.

alibi 0.5.2 requires tensorflow>=2.0, but you'll have tensorflow 1.15.2 which is incompatible.
Successfully installed fastapi-0.61.1 h11-0.9.0 httptools-0.1.1 mlserver numpy-1.18.5 orjson-3.4.0 scikit-learn-0.23.1 starlette-0.13.6 uvicorn-0.11.8 uvloop-0.14.0 websockets-8.1 xgboost-1.1.1
./hack/generate-types.sh
Writing mypy to dataplane_pb2.pyi
/usr/local/lib/python3.6/runpy.py:125: RuntimeWarning: 'grpc_tools.protoc' found in sys.modules after import of package 'grpc_tools', but prior to execution of 'grpc_tools.protoc'; this may result in unpredictable behaviour
  warn(RuntimeWarning(msg))
black . \
	--exclude "(mlserver/grpc/dataplane_pb2*)"
reformatted /workspace/source/mlserver/types.py
All done! âœ¨ ðŸ° âœ¨
1 file reformatted, 56 files left unchanged.
flake8 .
mypy .
Success: no issues found in 56 source files
# Check if something has changed after generation
git \
	--no-pager diff \
	--exit-code \
	.

Showing logs for build [32mseldonio-mlserver-pr-25-pr-buil-bnlr2-1[0m stage [32mtest[0m and container [32mstep-credential-initializer-zz2qf[0m
{"level":"info","ts":1601394024.6959174,"logger":"fallback-logger","caller":"logging/config.go:69","msg":"Fetch GitHub commit ID from kodata failed: open /var/run/ko/refs/heads/0.8.0-ns-support: no such file or directory"}
{"level":"info","ts":1601394024.696782,"logger":"fallback-logger","caller":"creds-init/main.go:40","msg":"Credentials initialized."}

Showing logs for build [32mseldonio-mlserver-pr-25-pr-buil-bnlr2-1[0m stage [32mtest[0m and container [32mstep-working-dir-initializer-h89pr[0m
{"level":"info","ts":1601394026.4193146,"logger":"fallback-logger","caller":"logging/config.go:69","msg":"Fetch GitHub commit ID from kodata failed: open /var/run/ko/HEAD: no such file or directory"}
{"level":"info","ts":1601394026.4219358,"logger":"fallback-logger","caller":"bash/main.go:64","msg":"Successfully executed command \"sh -c mkdir -p /workspace/source\"; output "}

Showing logs for build [32mseldonio-mlserver-pr-25-pr-buil-bnlr2-1[0m stage [32mtest[0m and container [32mstep-place-tools[0m

Showing logs for build [32mseldonio-mlserver-pr-25-pr-buil-bnlr2-1[0m stage [32mtest[0m and container [32mstep-git-source-seldonio-mlserver-pr-25-pr-buil-bnlr2-fqf2t[0m
{"level":"info","ts":1601394033.0277667,"logger":"fallback-logger","caller":"logging/config.go:69","msg":"Fetch GitHub commit ID from kodata failed: open /var/run/ko/refs/heads/0.8.0-ns-support: no such file or directory"}
{"level":"info","ts":1601394034.4361017,"logger":"fallback-logger","caller":"git/git.go:103","msg":"Successfully cloned https://github.com/SeldonIO/MLServer.git @ master in path /workspace/source"}

Showing logs for build [32mseldonio-mlserver-pr-25-pr-buil-bnlr2-1[0m stage [32mtest[0m and container [32mstep-setup-builder-home[0m

Showing logs for build [32mseldonio-mlserver-pr-25-pr-buil-bnlr2-1[0m stage [32mtest[0m and container [32mstep-git-merge[0m
Using SHAs from PULL_REFS=master:685011b73db7d55159dbf0c4e02601588009886b,25:c73f7de24adef983c0910b2eca12a48f85832f3b
DEBUG: LC_ALL=C JX_LOG_LEVEL=error git fetch origin --unshallow c73f7de24adef983c0910b2eca12a48f85832f3b: 685011b73db7d55159dbf0c4e02601588009886b:
DEBUG: ran git fetch --unshallow origin c73f7de24adef983c0910b2eca12a48f85832f3b: 685011b73db7d55159dbf0c4e02601588009886b: in 
DEBUG: LC_ALL=C JX_LOG_LEVEL=error git branch
DEBUG: LC_ALL=C JX_LOG_LEVEL=error git checkout master
DEBUG: ran git checkout master in 
DEBUG: LC_ALL=C JX_LOG_LEVEL=error git reset --hard 685011b73db7d55159dbf0c4e02601588009886b
DEBUG: ran git reset --hard 685011b73db7d55159dbf0c4e02601588009886b in 
DEBUG: LC_ALL=C JX_LOG_LEVEL=error git clean -fd .
DEBUG: ran clean --force -d . in 
DEBUG: LC_ALL=C JX_LOG_LEVEL=error git merge c73f7de24adef983c0910b2eca12a48f85832f3b
DEBUG: ran git merge c73f7de24adef983c0910b2eca12a48f85832f3b in 
DEBUG: JX_LOG_LEVEL=error LC_ALL=C git log --format=%H%x1f%an%x1f%ae%x1f%cn%x1f%ce%x1f%s%n%b%x1e 685011b73db7d55159dbf0c4e02601588009886b..HEAD
Merged SHA c73f7de24adef983c0910b2eca12a48f85832f3b with commit message 'Rename proto package to align with Triton' into base branch master

Showing logs for build [32mseldonio-mlserver-pr-25-pr-buil-bnlr2-1[0m stage [32mtest[0m and container [32mstep-step2[0m
pip install -r requirements-dev.txt
Requirement already satisfied: grpcio-tools==1.32.0 in /usr/local/lib/python3.6/site-packages (from -r requirements-dev.txt (line 2)) (1.32.0)
Collecting datamodel-code-generator==0.5.35
  Downloading datamodel_code_generator-0.5.35-py3-none-any.whl (121 kB)
Collecting pytest==6.1.0
  Downloading pytest-6.1.0-py3-none-any.whl (272 kB)
Collecting pytest-asyncio==0.14.0
  Downloading pytest_asyncio-0.14.0-py3-none-any.whl (11 kB)
Collecting tox==3.20.0
  Downloading tox-3.20.0-py2.py3-none-any.whl (83 kB)
Requirement already satisfied: numpy==1.19.2 in /usr/local/lib/python3.6/site-packages (from -r requirements-dev.txt (line 11)) (1.19.2)
Collecting flake8==3.8.3
  Downloading flake8-3.8.3-py2.py3-none-any.whl (72 kB)
Collecting flake8-black==0.2.1
  Downloading flake8-black-0.2.1.tar.gz (9.1 kB)
Collecting mypy==0.782
  Downloading mypy-0.782-cp36-cp36m-manylinux1_x86_64.whl (20.8 MB)
Collecting mypy-protobuf==1.23
  Downloading mypy_protobuf-1.23-py3-none-any.whl (7.4 kB)
Collecting black==20.8b1
  Downloading black-20.8b1.tar.gz (1.1 MB)
  Installing build dependencies: started
  Installing build dependencies: finished with status 'done'
  Getting requirements to build wheel: started
  Getting requirements to build wheel: finished with status 'done'
    Preparing wheel metadata: started
    Preparing wheel metadata: finished with status 'done'
Requirement already satisfied: grpcio>=1.32.0 in /usr/local/lib/python3.6/site-packages (from grpcio-tools==1.32.0->-r requirements-dev.txt (line 2)) (1.32.0)
Requirement already satisfied: protobuf<4.0dev,>=3.5.0.post1 in /usr/local/lib/python3.6/site-packages (from grpcio-tools==1.32.0->-r requirements-dev.txt (line 2)) (3.13.0)
Collecting toml<1.0.0,>=0.10.0
  Downloading toml-0.10.1-py2.py3-none-any.whl (19 kB)
Collecting pydantic[email]<2.0,>=1.5.1
  Downloading pydantic-1.6.1-cp36-cp36m-manylinux2014_x86_64.whl (8.7 MB)
Collecting inflect<5.0,>=4.1.0
  Downloading inflect-4.1.0-py3-none-any.whl (31 kB)
Collecting openapi-spec-validator<0.3,>=0.2.8
  Downloading openapi_spec_validator-0.2.9-py3-none-any.whl (25 kB)
Requirement already satisfied: jinja2<3.0,>=2.10.1 in /usr/local/lib/python3.6/site-packages (from datamodel-code-generator==0.5.35->-r requirements-dev.txt (line 3)) (2.11.2)
Collecting isort<5.0,>=4.3.21
  Downloading isort-4.3.21-py2.py3-none-any.whl (42 kB)
Collecting genson<2.0,>=1.2.1
  Downloading genson-1.2.2.tar.gz (34 kB)
Collecting prance<1.0,>=0.18.2
  Downloading prance-0.19.0-py2.py3-none-any.whl (33 kB)
Collecting PySnooper<1.0.0,>=0.4.1
  Downloading PySnooper-0.4.2-py2.py3-none-any.whl (14 kB)
Collecting argcomplete<2.0,>=1.10
  Downloading argcomplete-1.12.1-py2.py3-none-any.whl (38 kB)
Requirement already satisfied: py>=1.8.2 in /usr/local/lib/python3.6/site-packages (from pytest==6.1.0->-r requirements-dev.txt (line 6)) (1.9.0)
Requirement already satisfied: pluggy<1.0,>=0.12 in /usr/local/lib/python3.6/site-packages (from pytest==6.1.0->-r requirements-dev.txt (line 6)) (0.13.1)
Requirement already satisfied: attrs>=17.4.0 in /usr/local/lib/python3.6/site-packages (from pytest==6.1.0->-r requirements-dev.txt (line 6)) (20.2.0)
Requirement already satisfied: importlib-metadata>=0.12; python_version < "3.8" in /usr/local/lib/python3.6/site-packages (from pytest==6.1.0->-r requirements-dev.txt (line 6)) (1.7.0)
Collecting iniconfig
  Downloading iniconfig-1.0.1-py3-none-any.whl (4.2 kB)
Requirement already satisfied: packaging in /usr/local/lib/python3.6/site-packages (from pytest==6.1.0->-r requirements-dev.txt (line 6)) (20.4)
Requirement already satisfied: six>=1.14.0 in /usr/local/lib/python3.6/site-packages (from tox==3.20.0->-r requirements-dev.txt (line 8)) (1.15.0)
Collecting virtualenv!=20.0.0,!=20.0.1,!=20.0.2,!=20.0.3,!=20.0.4,!=20.0.5,!=20.0.6,!=20.0.7,>=16.0.0
  Downloading virtualenv-20.0.31-py2.py3-none-any.whl (4.9 MB)
Collecting filelock>=3.0.0
  Downloading filelock-3.0.12-py3-none-any.whl (7.6 kB)
Collecting pyflakes<2.3.0,>=2.2.0
  Downloading pyflakes-2.2.0-py2.py3-none-any.whl (66 kB)
Collecting mccabe<0.7.0,>=0.6.0
  Downloading mccabe-0.6.1-py2.py3-none-any.whl (8.6 kB)
Collecting pycodestyle<2.7.0,>=2.6.0a1
  Downloading pycodestyle-2.6.0-py2.py3-none-any.whl (41 kB)
Requirement already satisfied: typing-extensions>=3.7.4 in /usr/local/lib/python3.6/site-packages (from mypy==0.782->-r requirements-dev.txt (line 16)) (3.7.4.3)
Collecting mypy-extensions<0.5.0,>=0.4.3
  Downloading mypy_extensions-0.4.3-py2.py3-none-any.whl (4.5 kB)
Collecting typed-ast<1.5.0,>=1.4.0
  Downloading typed_ast-1.4.1-cp36-cp36m-manylinux1_x86_64.whl (737 kB)
Collecting appdirs
  Downloading appdirs-1.4.4-py2.py3-none-any.whl (9.6 kB)
Collecting regex>=2020.1.8
  Downloading regex-2020.9.27-cp36-cp36m-manylinux2010_x86_64.whl (662 kB)
Collecting pathspec<1,>=0.6
  Downloading pathspec-0.8.0-py2.py3-none-any.whl (28 kB)
Collecting dataclasses>=0.6; python_version < "3.7"
  Downloading dataclasses-0.7-py3-none-any.whl (18 kB)
Collecting click>=7.1.2
  Downloading click-7.1.2-py2.py3-none-any.whl (82 kB)
Requirement already satisfied: setuptools in /usr/local/lib/python3.6/site-packages (from protobuf<4.0dev,>=3.5.0.post1->grpcio-tools==1.32.0->-r requirements-dev.txt (line 2)) (50.3.0)
Collecting email-validator>=1.0.3; extra == "email"
  Downloading email_validator-1.1.1-py2.py3-none-any.whl (17 kB)
Requirement already satisfied: PyYAML>=5.1 in /usr/local/lib/python3.6/site-packages (from openapi-spec-validator<0.3,>=0.2.8->datamodel-code-generator==0.5.35->-r requirements-dev.txt (line 3)) (5.3.1)
Requirement already satisfied: jsonschema in /usr/local/lib/python3.6/site-packages (from openapi-spec-validator<0.3,>=0.2.8->datamodel-code-generator==0.5.35->-r requirements-dev.txt (line 3)) (3.2.0)
Requirement already satisfied: MarkupSafe>=0.23 in /usr/local/lib/python3.6/site-packages (from jinja2<3.0,>=2.10.1->datamodel-code-generator==0.5.35->-r requirements-dev.txt (line 3)) (1.1.1)
Requirement already satisfied: requests~=2.22 in /usr/local/lib/python3.6/site-packages (from prance<1.0,>=0.18.2->datamodel-code-generator==0.5.35->-r requirements-dev.txt (line 3)) (2.24.0)
Requirement already satisfied: chardet~=3.0 in /usr/local/lib/python3.6/site-packages (from prance<1.0,>=0.18.2->datamodel-code-generator==0.5.35->-r requirements-dev.txt (line 3)) (3.0.4)
Collecting semver~=2.9
  Downloading semver-2.10.2-py2.py3-none-any.whl (12 kB)
Requirement already satisfied: zipp>=0.5 in /usr/local/lib/python3.6/site-packages (from importlib-metadata>=0.12; python_version < "3.8"->pytest==6.1.0->-r requirements-dev.txt (line 6)) (3.1.0)
Requirement already satisfied: pyparsing>=2.0.2 in /usr/local/lib/python3.6/site-packages (from packaging->pytest==6.1.0->-r requirements-dev.txt (line 6)) (2.4.7)
Collecting distlib<1,>=0.3.1
  Downloading distlib-0.3.1-py2.py3-none-any.whl (335 kB)
Collecting importlib-resources>=1.0; python_version < "3.7"
  Downloading importlib_resources-3.0.0-py2.py3-none-any.whl (23 kB)
Collecting dnspython>=1.15.0
  Downloading dnspython-2.0.0-py3-none-any.whl (208 kB)
Requirement already satisfied: idna>=2.0.0 in /usr/local/lib/python3.6/site-packages (from email-validator>=1.0.3; extra == "email"->pydantic[email]<2.0,>=1.5.1->datamodel-code-generator==0.5.35->-r requirements-dev.txt (line 3)) (2.10)
Requirement already satisfied: pyrsistent>=0.14.0 in /usr/local/lib/python3.6/site-packages (from jsonschema->openapi-spec-validator<0.3,>=0.2.8->datamodel-code-generator==0.5.35->-r requirements-dev.txt (line 3)) (0.17.3)
Requirement already satisfied: urllib3!=1.25.0,!=1.25.1,<1.26,>=1.21.1 in /usr/local/lib/python3.6/site-packages (from requests~=2.22->prance<1.0,>=0.18.2->datamodel-code-generator==0.5.35->-r requirements-dev.txt (line 3)) (1.25.10)
Requirement already satisfied: certifi>=2017.4.17 in /usr/local/lib/python3.6/site-packages (from requests~=2.22->prance<1.0,>=0.18.2->datamodel-code-generator==0.5.35->-r requirements-dev.txt (line 3)) (2020.6.20)
Building wheels for collected packages: flake8-black, black, genson
  Building wheel for flake8-black (setup.py): started
  Building wheel for flake8-black (setup.py): finished with status 'done'
  Created wheel for flake8-black: filename=flake8_black-0.2.1-py2.py3-none-any.whl size=8873 sha256=e245bdaaa7c66077287dc575d0e45b6eca23673c3418245a4e2b87aaaad5926c
  Stored in directory: /builder/home/.cache/pip/wheels/f3/71/20/4bcba7c464da12f8e2d5009d9da66d732d32498be89b8f9d10
  Building wheel for black (PEP 517): started
  Building wheel for black (PEP 517): finished with status 'done'
  Created wheel for black: filename=black-20.8b1-py3-none-any.whl size=124186 sha256=11af76440a3c325b1c7b9373c64c67c45f0f8da0713a0425b89b8c113c6b6fe9
  Stored in directory: /builder/home/.cache/pip/wheels/dd/c8/94/e774504958e4667180d81202d1d45cdc35d6222ae39229871b
  Building wheel for genson (setup.py): started
  Building wheel for genson (setup.py): finished with status 'done'
  Created wheel for genson: filename=genson-1.2.2-py2.py3-none-any.whl size=21261 sha256=bf00b428e27eb1509f257681e71a0e165d54d6dd5b04a3c86d72598f3ce8b07a
  Stored in directory: /builder/home/.cache/pip/wheels/17/8e/f6/70b78333e594fdb9a14a41c225743d4cad09bcdbf9ebd3a90b
Successfully built flake8-black black genson
Installing collected packages: toml, dataclasses, dnspython, email-validator, pydantic, inflect, openapi-spec-validator, typed-ast, appdirs, regex, pathspec, mypy-extensions, click, black, isort, genson, semver, prance, PySnooper, argcomplete, datamodel-code-generator, iniconfig, pytest, pytest-asyncio, distlib, importlib-resources, filelock, virtualenv, tox, pyflakes, mccabe, pycodestyle, flake8, flake8-black, mypy, mypy-protobuf
  Attempting uninstall: pytest
    Found existing installation: pytest 5.3.1
    Uninstalling pytest-5.3.1:
      Successfully uninstalled pytest-5.3.1
ERROR: After October 2020 you may experience errors when installing or updating packages. This is because pip will change the way that it resolves dependency conflicts.

We recommend you use --use-feature=2020-resolver to test your packages with the new resolver before it becomes the default.

datamodel-code-generator 0.5.35 requires black<20,>=19.10b0, but you'll have black 20.8b1 which is incompatible.
Successfully installed PySnooper-0.4.2 appdirs-1.4.4 argcomplete-1.12.1 black-20.8b1 click-7.1.2 dataclasses-0.7 datamodel-code-generator-0.5.35 distlib-0.3.1 dnspython-2.0.0 email-validator-1.1.1 filelock-3.0.12 flake8-3.8.3 flake8-black-0.2.1 genson-1.2.2 importlib-resources-3.0.0 inflect-4.1.0 iniconfig-1.0.1 isort-4.3.21 mccabe-0.6.1 mypy-0.782 mypy-extensions-0.4.3 mypy-protobuf-1.23 openapi-spec-validator-0.2.9 pathspec-0.8.0 prance-0.19.0 pycodestyle-2.6.0 pydantic-1.6.1 pyflakes-2.2.0 pytest-6.1.0 pytest-asyncio-0.14.0 regex-2020.9.27 semver-2.10.2 toml-0.10.1 tox-3.20.0 typed-ast-1.4.1 virtualenv-20.0.31
pip install --editable .[all]
Obtaining file:///workspace/source
Requirement already satisfied: grpcio==1.32.0 in /usr/local/lib/python3.6/site-packages (from mlserver==0.1.0) (1.32.0)
Requirement already satisfied: protobuf==3.13.0 in /usr/local/lib/python3.6/site-packages (from mlserver==0.1.0) (3.13.0)
Collecting fastapi==0.61.1
  Downloading fastapi-0.61.1-py3-none-any.whl (48 kB)
Collecting uvicorn==0.11.8
  Downloading uvicorn-0.11.8-py3-none-any.whl (43 kB)
Collecting orjson==3.4.0
  Downloading orjson-3.4.0-cp36-cp36m-manylinux2014_x86_64.whl (234 kB)
Requirement already satisfied: click==7.1.2 in /usr/local/lib/python3.6/site-packages (from mlserver==0.1.0) (7.1.2)
Collecting xgboost==1.1.1
  Downloading xgboost-1.1.1-py3-none-manylinux2010_x86_64.whl (127.6 MB)
Requirement already satisfied: joblib==0.16.0 in /usr/local/lib/python3.6/site-packages (from mlserver==0.1.0) (0.16.0)
Collecting numpy==1.18.5
  Downloading numpy-1.18.5-cp36-cp36m-manylinux1_x86_64.whl (20.1 MB)
Collecting scikit-learn==0.23.1
  Downloading scikit_learn-0.23.1-cp36-cp36m-manylinux1_x86_64.whl (6.8 MB)
Requirement already satisfied: six>=1.5.2 in /usr/local/lib/python3.6/site-packages (from grpcio==1.32.0->mlserver==0.1.0) (1.15.0)
Requirement already satisfied: setuptools in /usr/local/lib/python3.6/site-packages (from protobuf==3.13.0->mlserver==0.1.0) (50.3.0)
Requirement already satisfied: pydantic<2.0.0,>=1.0.0 in /usr/local/lib/python3.6/site-packages (from fastapi==0.61.1->mlserver==0.1.0) (1.6.1)
Collecting starlette==0.13.6
  Downloading starlette-0.13.6-py3-none-any.whl (59 kB)
Collecting uvloop>=0.14.0; sys_platform != "win32" and sys_platform != "cygwin" and platform_python_implementation != "PyPy"
  Downloading uvloop-0.14.0-cp36-cp36m-manylinux2010_x86_64.whl (3.9 MB)
Collecting httptools==0.1.*; sys_platform != "win32" and sys_platform != "cygwin" and platform_python_implementation != "PyPy"
  Downloading httptools-0.1.1-cp36-cp36m-manylinux1_x86_64.whl (216 kB)
Collecting websockets==8.*
  Downloading websockets-8.1-cp36-cp36m-manylinux2010_x86_64.whl (78 kB)
Collecting h11<0.10,>=0.8
  Downloading h11-0.9.0-py2.py3-none-any.whl (53 kB)
Requirement already satisfied: scipy in /usr/local/lib/python3.6/site-packages (from xgboost==1.1.1->mlserver==0.1.0) (1.5.2)
Requirement already satisfied: threadpoolctl>=2.0.0 in /usr/local/lib/python3.6/site-packages (from scikit-learn==0.23.1->mlserver==0.1.0) (2.1.0)
Requirement already satisfied: dataclasses>=0.6; python_version < "3.7" in /usr/local/lib/python3.6/site-packages (from pydantic<2.0.0,>=1.0.0->fastapi==0.61.1->mlserver==0.1.0) (0.7)
Installing collected packages: starlette, fastapi, uvloop, httptools, websockets, h11, uvicorn, orjson, numpy, xgboost, scikit-learn, mlserver
  Attempting uninstall: numpy
    Found existing installation: numpy 1.19.2
    Uninstalling numpy-1.19.2:
      Successfully uninstalled numpy-1.19.2
  Attempting uninstall: scikit-learn
    Found existing installation: scikit-learn 0.23.2
    Uninstalling scikit-learn-0.23.2:
      Successfully uninstalled scikit-learn-0.23.2
  Running setup.py develop for mlserver
Successfully installed fastapi-0.61.1 h11-0.9.0 httptools-0.1.1 mlserver numpy-1.18.5 orjson-3.4.0 scikit-learn-0.23.1 starlette-0.13.6 uvicorn-0.11.8 uvloop-0.14.0 websockets-8.1 xgboost-1.1.1
ERROR: After October 2020 you may experience errors when installing or updating packages. This is because pip will change the way that it resolves dependency conflicts.

We recommend you use --use-feature=2020-resolver to test your packages with the new resolver before it becomes the default.

alibi 0.5.2 requires tensorflow>=2.0, but you'll have tensorflow 1.15.2 which is incompatible.
tox
GLOB sdist-make: /workspace/source/setup.py
py3 create: /workspace/source/.tox/py3
py3 installdeps: -r/workspace/source/requirements-dev.txt
py3 inst: /workspace/source/.tox/.tmp/package/1/mlserver-0.1.0.zip
py3 installed: appdirs==1.4.4,argcomplete==1.12.1,attrs==20.2.0,black==20.8b1,certifi==2020.6.20,chardet==3.0.4,click==7.1.2,dataclasses==0.7,datamodel-code-generator==0.5.35,distlib==0.3.1,dnspython==2.0.0,email-validator==1.1.1,fastapi==0.61.1,filelock==3.0.12,flake8==3.8.3,flake8-black==0.2.1,genson==1.2.2,grpcio==1.32.0,grpcio-tools==1.32.0,h11==0.9.0,httptools==0.1.1,idna==2.10,importlib-metadata==2.0.0,importlib-resources==3.0.0,inflect==4.1.0,iniconfig==1.0.1,isort==4.3.21,Jinja2==2.11.2,jsonschema==3.2.0,MarkupSafe==1.1.1,mccabe==0.6.1,mlserver @ file:///workspace/source/.tox/.tmp/package/1/mlserver-0.1.0.zip,mypy==0.782,mypy-extensions==0.4.3,mypy-protobuf==1.23,numpy==1.19.2,openapi-spec-validator==0.2.9,orjson==3.4.0,packaging==20.4,pathspec==0.8.0,pluggy==0.13.1,prance==0.19.0,protobuf==3.13.0,py==1.9.0,pycodestyle==2.6.0,pydantic==1.6.1,pyflakes==2.2.0,pyparsing==2.4.7,pyrsistent==0.17.3,PySnooper==0.4.2,pytest==6.1.0,pytest-asyncio==0.14.0,PyYAML==5.3.1,regex==2020.9.27,requests==2.24.0,semver==2.10.2,six==1.15.0,starlette==0.13.6,toml==0.10.1,tox==3.20.0,typed-ast==1.4.1,typing-extensions==3.7.4.3,urllib3==1.25.10,uvicorn==0.11.8,uvloop==0.14.0,virtualenv==20.0.31,websockets==8.1,zipp==3.2.0
py3 run-test-pre: PYTHONHASHSEED='2745604909'
py3 run-test: commands[0] | pytest
============================= test session starts ==============================
platform linux -- Python 3.6.10, pytest-6.1.0, py-1.9.0, pluggy-0.13.1
cachedir: .tox/py3/.pytest_cache
rootdir: /workspace/source
plugins: asyncio-0.14.0
collected 67 items

tests/test_handlers.py ...........                                       [ 16%]
tests/test_repository.py .......                                         [ 26%]
tests/test_settings.py ..                                                [ 29%]
tests/test_types.py ......                                               [ 38%]
tests/cli/test_build.py ...                                              [ 43%]
tests/cli/test_serve.py ....                                             [ 49%]
tests/grpc/test_converters.py ....                                       [ 55%]
tests/grpc/test_servicers.py ........                                    [ 67%]
tests/models/test_sklearn.py ssssssss                                    [ 79%]
tests/models/test_xgboost.py ssss                                        [ 85%]
tests/rest/test_endpoints.py ........                                    [ 97%]
tests/rest/test_utils.py ..                                              [100%]

======================== 55 passed, 12 skipped in 0.83s ========================
sklearn create: /workspace/source/.tox/sklearn
sklearn installdeps: -r/workspace/source/requirements-dev.txt
sklearn inst: /workspace/source/.tox/.tmp/package/1/mlserver-0.1.0.zip
sklearn installed: appdirs==1.4.4,argcomplete==1.12.1,attrs==20.2.0,black==20.8b1,certifi==2020.6.20,chardet==3.0.4,click==7.1.2,dataclasses==0.7,datamodel-code-generator==0.5.35,distlib==0.3.1,dnspython==2.0.0,email-validator==1.1.1,fastapi==0.61.1,filelock==3.0.12,flake8==3.8.3,flake8-black==0.2.1,genson==1.2.2,grpcio==1.32.0,grpcio-tools==1.32.0,h11==0.9.0,httptools==0.1.1,idna==2.10,importlib-metadata==2.0.0,importlib-resources==3.0.0,inflect==4.1.0,iniconfig==1.0.1,isort==4.3.21,Jinja2==2.11.2,joblib==0.16.0,jsonschema==3.2.0,MarkupSafe==1.1.1,mccabe==0.6.1,mlserver @ file:///workspace/source/.tox/.tmp/package/1/mlserver-0.1.0.zip,mypy==0.782,mypy-extensions==0.4.3,mypy-protobuf==1.23,numpy==1.19.2,openapi-spec-validator==0.2.9,orjson==3.4.0,packaging==20.4,pathspec==0.8.0,pluggy==0.13.1,prance==0.19.0,protobuf==3.13.0,py==1.9.0,pycodestyle==2.6.0,pydantic==1.6.1,pyflakes==2.2.0,pyparsing==2.4.7,pyrsistent==0.17.3,PySnooper==0.4.2,pytest==6.1.0,pytest-asyncio==0.14.0,PyYAML==5.3.1,regex==2020.9.27,requests==2.24.0,scikit-learn==0.23.1,scipy==1.5.2,semver==2.10.2,six==1.15.0,starlette==0.13.6,threadpoolctl==2.1.0,toml==0.10.1,tox==3.20.0,typed-ast==1.4.1,typing-extensions==3.7.4.3,urllib3==1.25.10,uvicorn==0.11.8,uvloop==0.14.0,virtualenv==20.0.31,websockets==8.1,zipp==3.2.0
sklearn run-test-pre: PYTHONHASHSEED='2745604909'
sklearn run-test: commands[0] | pytest
============================= test session starts ==============================
platform linux -- Python 3.6.10, pytest-6.1.0, py-1.9.0, pluggy-0.13.1
cachedir: .tox/sklearn/.pytest_cache
rootdir: /workspace/source
plugins: asyncio-0.14.0
collected 67 items

tests/test_handlers.py ...........                                       [ 16%]
tests/test_repository.py .......                                         [ 26%]
tests/test_settings.py ..                                                [ 29%]
tests/test_types.py ......                                               [ 38%]
tests/cli/test_build.py ...                                              [ 43%]
tests/cli/test_serve.py ....                                             [ 49%]
tests/grpc/test_converters.py ....                                       [ 55%]
tests/grpc/test_servicers.py ........                                    [ 67%]
tests/models/test_sklearn.py ........                                    [ 79%]
tests/models/test_xgboost.py ssss                                        [ 85%]
tests/rest/test_endpoints.py ........                                    [ 97%]
tests/rest/test_utils.py ..                                              [100%]

======================== 63 passed, 4 skipped in 1.33s =========================
xgboost create: /workspace/source/.tox/xgboost
xgboost installdeps: -r/workspace/source/requirements-dev.txt
xgboost inst: /workspace/source/.tox/.tmp/package/1/mlserver-0.1.0.zip
xgboost installed: appdirs==1.4.4,argcomplete==1.12.1,attrs==20.2.0,black==20.8b1,certifi==2020.6.20,chardet==3.0.4,click==7.1.2,dataclasses==0.7,datamodel-code-generator==0.5.35,distlib==0.3.1,dnspython==2.0.0,email-validator==1.1.1,fastapi==0.61.1,filelock==3.0.12,flake8==3.8.3,flake8-black==0.2.1,genson==1.2.2,grpcio==1.32.0,grpcio-tools==1.32.0,h11==0.9.0,httptools==0.1.1,idna==2.10,importlib-metadata==2.0.0,importlib-resources==3.0.0,inflect==4.1.0,iniconfig==1.0.1,isort==4.3.21,Jinja2==2.11.2,jsonschema==3.2.0,MarkupSafe==1.1.1,mccabe==0.6.1,mlserver @ file:///workspace/source/.tox/.tmp/package/1/mlserver-0.1.0.zip,mypy==0.782,mypy-extensions==0.4.3,mypy-protobuf==1.23,numpy==1.18.5,openapi-spec-validator==0.2.9,orjson==3.4.0,packaging==20.4,pathspec==0.8.0,pluggy==0.13.1,prance==0.19.0,protobuf==3.13.0,py==1.9.0,pycodestyle==2.6.0,pydantic==1.6.1,pyflakes==2.2.0,pyparsing==2.4.7,pyrsistent==0.17.3,PySnooper==0.4.2,pytest==6.1.0,pytest-asyncio==0.14.0,PyYAML==5.3.1,regex==2020.9.27,requests==2.24.0,scipy==1.5.2,semver==2.10.2,six==1.15.0,starlette==0.13.6,toml==0.10.1,tox==3.20.0,typed-ast==1.4.1,typing-extensions==3.7.4.3,urllib3==1.25.10,uvicorn==0.11.8,uvloop==0.14.0,virtualenv==20.0.31,websockets==8.1,xgboost==1.1.1,zipp==3.2.0
xgboost run-test-pre: PYTHONHASHSEED='2745604909'
xgboost run-test: commands[0] | pytest
============================= test session starts ==============================
platform linux -- Python 3.6.10, pytest-6.1.0, py-1.9.0, pluggy-0.13.1
cachedir: .tox/xgboost/.pytest_cache
rootdir: /workspace/source
plugins: asyncio-0.14.0
collected 67 items

tests/test_handlers.py ...........                                       [ 16%]
tests/test_repository.py .......                                         [ 26%]
tests/test_settings.py ..                                                [ 29%]
tests/test_types.py ......                                               [ 38%]
tests/cli/test_build.py ...                                              [ 43%]
tests/cli/test_serve.py ....                                             [ 49%]
tests/grpc/test_converters.py ....                                       [ 55%]
tests/grpc/test_servicers.py ........                                    [ 67%]
tests/models/test_sklearn.py ssssssss                                    [ 79%]
tests/models/test_xgboost.py ....                                        [ 85%]
tests/rest/test_endpoints.py ........                                    [ 97%]
tests/rest/test_utils.py ..                                              [100%]

======================== 59 passed, 8 skipped in 6.73s =========================
all create: /workspace/source/.tox/all
all installdeps: -r/workspace/source/requirements-dev.txt
all inst: /workspace/source/.tox/.tmp/package/1/mlserver-0.1.0.zip
all installed: appdirs==1.4.4,argcomplete==1.12.1,attrs==20.2.0,black==20.8b1,certifi==2020.6.20,chardet==3.0.4,click==7.1.2,dataclasses==0.7,datamodel-code-generator==0.5.35,distlib==0.3.1,dnspython==2.0.0,email-validator==1.1.1,fastapi==0.61.1,filelock==3.0.12,flake8==3.8.3,flake8-black==0.2.1,genson==1.2.2,grpcio==1.32.0,grpcio-tools==1.32.0,h11==0.9.0,httptools==0.1.1,idna==2.10,importlib-metadata==2.0.0,importlib-resources==3.0.0,inflect==4.1.0,iniconfig==1.0.1,isort==4.3.21,Jinja2==2.11.2,joblib==0.16.0,jsonschema==3.2.0,MarkupSafe==1.1.1,mccabe==0.6.1,mlserver @ file:///workspace/source/.tox/.tmp/package/1/mlserver-0.1.0.zip,mypy==0.782,mypy-extensions==0.4.3,mypy-protobuf==1.23,numpy==1.18.5,openapi-spec-validator==0.2.9,orjson==3.4.0,packaging==20.4,pathspec==0.8.0,pluggy==0.13.1,prance==0.19.0,protobuf==3.13.0,py==1.9.0,pycodestyle==2.6.0,pydantic==1.6.1,pyflakes==2.2.0,pyparsing==2.4.7,pyrsistent==0.17.3,PySnooper==0.4.2,pytest==6.1.0,pytest-asyncio==0.14.0,PyYAML==5.3.1,regex==2020.9.27,requests==2.24.0,scikit-learn==0.23.1,scipy==1.5.2,semver==2.10.2,six==1.15.0,starlette==0.13.6,threadpoolctl==2.1.0,toml==0.10.1,tox==3.20.0,typed-ast==1.4.1,typing-extensions==3.7.4.3,urllib3==1.25.10,uvicorn==0.11.8,uvloop==0.14.0,virtualenv==20.0.31,websockets==8.1,xgboost==1.1.1,zipp==3.2.0
all run-test-pre: PYTHONHASHSEED='2745604909'
all run-test: commands[0] | pytest
============================= test session starts ==============================
platform linux -- Python 3.6.10, pytest-6.1.0, py-1.9.0, pluggy-0.13.1
cachedir: .tox/all/.pytest_cache
rootdir: /workspace/source
plugins: asyncio-0.14.0
collected 67 items

tests/test_handlers.py ...........                                       [ 16%]
tests/test_repository.py .......                                         [ 26%]
tests/test_settings.py ..                                                [ 29%]
tests/test_types.py ......                                               [ 38%]
tests/cli/test_build.py ...                                              [ 43%]
tests/cli/test_serve.py ....                                             [ 49%]
tests/grpc/test_converters.py ....                                       [ 55%]
tests/grpc/test_servicers.py ........                                    [ 67%]
tests/models/test_sklearn.py ........                                    [ 79%]
tests/models/test_xgboost.py ....                                        [ 85%]
tests/rest/test_endpoints.py ........                                    [ 97%]
tests/rest/test_utils.py ..                                              [100%]

============================== 67 passed in 6.95s ==============================
___________________________________ summary ____________________________________
  py3: commands succeeded
  sklearn: commands succeeded
  xgboost: commands succeeded
  all: commands succeeded
  congratulations :)
