
Showing logs for build [32mseldonio-mlserver-pr-109-pr-bui-cjdqc-8[0m stage [32mlint[0m and container [32mstep-credential-initializer-w2klr[0m
{"level":"info","ts":1612437047.4067028,"logger":"fallback-logger","caller":"logging/config.go:69","msg":"Fetch GitHub commit ID from kodata failed: open /var/run/ko/refs/heads/0.8.0-ns-support: no such file or directory"}
{"level":"info","ts":1612437047.4071774,"logger":"fallback-logger","caller":"creds-init/main.go:40","msg":"Credentials initialized."}

Showing logs for build [32mseldonio-mlserver-pr-109-pr-bui-cjdqc-8[0m stage [32mlint[0m and container [32mstep-working-dir-initializer-v67p8[0m
{"level":"info","ts":1612437051.5714993,"logger":"fallback-logger","caller":"logging/config.go:69","msg":"Fetch GitHub commit ID from kodata failed: open /var/run/ko/HEAD: no such file or directory"}
{"level":"info","ts":1612437051.6621907,"logger":"fallback-logger","caller":"bash/main.go:64","msg":"Successfully executed command \"sh -c mkdir -p /workspace/source\"; output "}

Showing logs for build [32mseldonio-mlserver-pr-109-pr-bui-cjdqc-8[0m stage [32mlint[0m and container [32mstep-place-tools[0m

Showing logs for build [32mseldonio-mlserver-pr-109-pr-bui-cjdqc-8[0m stage [32mlint[0m and container [32mstep-git-source-seldonio-mlserver-pr-109-pr-bui-cjdqc-6qfpf[0m
{"level":"info","ts":1612437127.670198,"logger":"fallback-logger","caller":"logging/config.go:69","msg":"Fetch GitHub commit ID from kodata failed: open /var/run/ko/refs/heads/0.8.0-ns-support: no such file or directory"}
{"level":"info","ts":1612437130.0884612,"logger":"fallback-logger","caller":"git/git.go:103","msg":"Successfully cloned https://github.com/SeldonIO/MLServer.git @ master in path /workspace/source"}

Showing logs for build [32mseldonio-mlserver-pr-109-pr-bui-cjdqc-8[0m stage [32mlint[0m and container [32mstep-setup-builder-home[0m

Showing logs for build [32mseldonio-mlserver-pr-109-pr-bui-cjdqc-8[0m stage [32mlint[0m and container [32mstep-git-merge[0m
Using SHAs from PULL_REFS=master:9a7c77f93dd61ac395e389280195d8adc413aad7,109:0f17318cf2310d62370b95100d710eb1de8687cc
DEBUG: LC_ALL=C JX_LOG_LEVEL=error git fetch origin --unshallow 0f17318cf2310d62370b95100d710eb1de8687cc: 9a7c77f93dd61ac395e389280195d8adc413aad7:
DEBUG: ran git fetch --unshallow origin 0f17318cf2310d62370b95100d710eb1de8687cc: 9a7c77f93dd61ac395e389280195d8adc413aad7: in 
DEBUG: JX_LOG_LEVEL=error LC_ALL=C git branch
DEBUG: LC_ALL=C JX_LOG_LEVEL=error git checkout master
DEBUG: ran git checkout master in 
DEBUG: LC_ALL=C JX_LOG_LEVEL=error git reset --hard 9a7c77f93dd61ac395e389280195d8adc413aad7
DEBUG: ran git reset --hard 9a7c77f93dd61ac395e389280195d8adc413aad7 in 
DEBUG: LC_ALL=C JX_LOG_LEVEL=error git clean -fd .
DEBUG: ran clean --force -d . in 
DEBUG: LC_ALL=C JX_LOG_LEVEL=error git merge 0f17318cf2310d62370b95100d710eb1de8687cc
DEBUG: ran git merge 0f17318cf2310d62370b95100d710eb1de8687cc in 
DEBUG: LC_ALL=C JX_LOG_LEVEL=error git log --format=%H%x1f%an%x1f%ae%x1f%cn%x1f%ce%x1f%s%n%b%x1e 9a7c77f93dd61ac395e389280195d8adc413aad7..HEAD
Merged SHA 0f17318cf2310d62370b95100d710eb1de8687cc with commit message 'Bump version to 0.3.0.dev1.tempo' into base branch master
Merged SHA 1b8bee837907d5dc91afbeeb8879455e55bb7387 with commit message 'Remove unused imports' into base branch master
Merged SHA 8847482142a2fd8516054cd782595de8d2140bf8 with commit message 'Add some temporary changes while tempo is not published' into base branch master
Merged SHA df974f78b980e4cfc99e8cf26202dd0da79676fc with commit message 'Bump version to tempo-specific dev release' into base branch master
Merged SHA 0317297abc313a6ef88a83bea56bb60820f82b5a with commit message 'Add tempo to docs' into base branch master
Merged SHA 4f8d267ccd33fcd29b94212798564a9710d5857d with commit message 'Clear all outputs and fix example' into base branch master
Merged SHA eb228a15a6cb4facf363e26fd64523133ae89299 with commit message 'Fix tests' into base branch master
Merged SHA d6511bfaa08f8c3d256b0f42d4800f18c2d7da06 with commit message 'Rename example to Tempo' into base branch master
Merged SHA 1781cff934d5b4d9c8ffe9231408db249c7ad028 with commit message 'Rename mlops to tempo' into base branch master
Merged SHA 1967515c7f6ecc196cb03bb7ddd85826c700785f with commit message 'Update MLOps example' into base branch master
Merged SHA 79279cfc5283836d935d12c79e9f1c5f6a501c53 with commit message 'Updated mlops runtime' into base branch master
Merged SHA b2e0702d422feb6b5ba1ef400aa5afbfcbc61e1e with commit message 'Unpickle using cloudpickle' into base branch master
Merged SHA ff2a8ff176cc8dc499a830de1bcd6ed70979c12e with commit message 'Add example for mlops pipeline' into base branch master
Merged SHA 6fa4d6363743c9ac29e40aed4497d035d3d00a13 with commit message 'Use cloudpickle to serialise class object' into base branch master
Merged SHA 25f1cc064b4c84470785fbb963939cff292365a2 with commit message 'Add mlserver-mlops to tests' into base branch master
Merged SHA d0f6b3327ff4b46cc6346e7cbee85d4c3f2d2f07 with commit message 'Add runtime for MLOps pipelines' into base branch master

Showing logs for build [32mseldonio-mlserver-pr-109-pr-bui-cjdqc-8[0m stage [32mlint[0m and container [32mstep-step2[0m
pip install -r requirements-dev.txt
Collecting grpcio-tools==1.35.0
  Downloading grpcio_tools-1.35.0-cp36-cp36m-manylinux2014_x86_64.whl (2.5 MB)
Collecting datamodel-code-generator==0.7.0
  Downloading datamodel_code_generator-0.7.0-py3-none-any.whl (188 kB)
Collecting pytest==6.2.0
  Downloading pytest-6.2.0-py3-none-any.whl (279 kB)
Collecting pytest-asyncio==0.14.0
  Downloading pytest_asyncio-0.14.0-py3-none-any.whl (11 kB)
Collecting tox==3.21.0
  Downloading tox-3.21.0-py2.py3-none-any.whl (84 kB)
Collecting flake8==3.8.3
  Downloading flake8-3.8.3-py2.py3-none-any.whl (72 kB)
Collecting flake8-black==0.2.1
  Downloading flake8-black-0.2.1.tar.gz (9.1 kB)
Collecting mypy==0.800
  Downloading mypy-0.800-cp36-cp36m-manylinux2010_x86_64.whl (21.6 MB)
Collecting mypy-protobuf==1.23
  Downloading mypy_protobuf-1.23-py3-none-any.whl (7.4 kB)
Collecting black==20.8b1
  Downloading black-20.8b1.tar.gz (1.1 MB)
  Installing build dependencies: started
  Installing build dependencies: finished with status 'done'
  Getting requirements to build wheel: started
  Getting requirements to build wheel: finished with status 'done'
    Preparing wheel metadata: started
    Preparing wheel metadata: finished with status 'done'
Collecting twine==3.3.0
  Downloading twine-3.3.0-py3-none-any.whl (34 kB)
Collecting pip-licenses==3.3.0
  Downloading pip_licenses-3.3.0-py3-none-any.whl (16 kB)
Collecting grpcio>=1.35.0
  Downloading grpcio-1.35.0-cp36-cp36m-manylinux2014_x86_64.whl (4.1 MB)
Requirement already satisfied: setuptools in /usr/local/lib/python3.6/site-packages (from grpcio-tools==1.35.0->-r requirements-dev.txt (line 2)) (50.3.0)
Requirement already satisfied: protobuf<4.0dev,>=3.5.0.post1 in /usr/local/lib/python3.6/site-packages (from grpcio-tools==1.35.0->-r requirements-dev.txt (line 2)) (3.13.0)
Collecting toml<1.0.0,>=0.10.0
  Downloading toml-0.10.2-py2.py3-none-any.whl (16 kB)
Collecting genson<2.0,>=1.2.1
  Downloading genson-1.2.2.tar.gz (34 kB)
Collecting pydantic[email]<2.0,>=1.5.1; python_version < "3.9"
  Downloading pydantic-1.7.3-cp36-cp36m-manylinux2014_x86_64.whl (9.2 MB)
Collecting PySnooper<1.0.0,>=0.4.1
  Downloading PySnooper-0.4.2-py2.py3-none-any.whl (14 kB)
Collecting inflect<5.0,>=4.1.0
  Downloading inflect-4.1.1-py3-none-any.whl (31 kB)
Collecting argcomplete<2.0,>=1.10
  Downloading argcomplete-1.12.2-py2.py3-none-any.whl (38 kB)
Collecting openapi-spec-validator<0.3,>=0.2.8
  Downloading openapi_spec_validator-0.2.9-py3-none-any.whl (25 kB)
Collecting prance<1.0,>=0.18.2
  Downloading prance-0.20.2-py2.py3-none-any.whl (34 kB)
Requirement already satisfied: jinja2<3.0,>=2.10.1 in /usr/local/lib/python3.6/site-packages (from datamodel-code-generator==0.7.0->-r requirements-dev.txt (line 3)) (2.11.2)
Collecting isort<6.0,>=4.3.21
  Downloading isort-5.7.0-py3-none-any.whl (104 kB)
Requirement already satisfied: py>=1.8.2 in /usr/local/lib/python3.6/site-packages (from pytest==6.2.0->-r requirements-dev.txt (line 6)) (1.9.0)
Requirement already satisfied: pluggy<1.0.0a1,>=0.12 in /usr/local/lib/python3.6/site-packages (from pytest==6.2.0->-r requirements-dev.txt (line 6)) (0.13.1)
Requirement already satisfied: attrs>=19.2.0 in /usr/local/lib/python3.6/site-packages (from pytest==6.2.0->-r requirements-dev.txt (line 6)) (20.2.0)
Requirement already satisfied: packaging in /usr/local/lib/python3.6/site-packages (from pytest==6.2.0->-r requirements-dev.txt (line 6)) (20.4)
Requirement already satisfied: importlib-metadata>=0.12; python_version < "3.8" in /usr/local/lib/python3.6/site-packages (from pytest==6.2.0->-r requirements-dev.txt (line 6)) (1.7.0)
Collecting iniconfig
  Downloading iniconfig-1.1.1-py2.py3-none-any.whl (5.0 kB)
Requirement already satisfied: six>=1.14.0 in /usr/local/lib/python3.6/site-packages (from tox==3.21.0->-r requirements-dev.txt (line 8)) (1.15.0)
Collecting virtualenv!=20.0.0,!=20.0.1,!=20.0.2,!=20.0.3,!=20.0.4,!=20.0.5,!=20.0.6,!=20.0.7,>=16.0.0
  Downloading virtualenv-20.4.2-py2.py3-none-any.whl (7.2 MB)
Collecting filelock>=3.0.0
  Downloading filelock-3.0.12-py3-none-any.whl (7.6 kB)
Collecting pyflakes<2.3.0,>=2.2.0
  Downloading pyflakes-2.2.0-py2.py3-none-any.whl (66 kB)
Collecting pycodestyle<2.7.0,>=2.6.0a1
  Downloading pycodestyle-2.6.0-py2.py3-none-any.whl (41 kB)
Collecting mccabe<0.7.0,>=0.6.0
  Downloading mccabe-0.6.1-py2.py3-none-any.whl (8.6 kB)
Requirement already satisfied: typing-extensions>=3.7.4 in /usr/local/lib/python3.6/site-packages (from mypy==0.800->-r requirements-dev.txt (line 13)) (3.7.4.3)
Collecting typed-ast<1.5.0,>=1.4.0
  Downloading typed_ast-1.4.2-cp36-cp36m-manylinux1_x86_64.whl (743 kB)
Collecting mypy-extensions<0.5.0,>=0.4.3
  Downloading mypy_extensions-0.4.3-py2.py3-none-any.whl (4.5 kB)
Collecting pathspec<1,>=0.6
  Downloading pathspec-0.8.1-py2.py3-none-any.whl (28 kB)
Collecting regex>=2020.1.8
  Downloading regex-2020.11.13-cp36-cp36m-manylinux2014_x86_64.whl (723 kB)
Collecting click>=7.1.2
  Downloading click-7.1.2-py2.py3-none-any.whl (82 kB)
Collecting dataclasses>=0.6; python_version < "3.7"
  Downloading dataclasses-0.8-py3-none-any.whl (19 kB)
Collecting appdirs
  Downloading appdirs-1.4.4-py2.py3-none-any.whl (9.6 kB)
Collecting pkginfo>=1.4.2
  Downloading pkginfo-1.7.0-py2.py3-none-any.whl (25 kB)
Collecting requests-toolbelt!=0.9.0,>=0.8.0
  Downloading requests_toolbelt-0.9.1-py2.py3-none-any.whl (54 kB)
Collecting readme-renderer>=21.0
  Downloading readme_renderer-28.0-py2.py3-none-any.whl (15 kB)
Requirement already satisfied: tqdm>=4.14 in /usr/local/lib/python3.6/site-packages (from twine==3.3.0->-r requirements-dev.txt (line 18)) (4.49.0)
Collecting rfc3986>=1.4.0
  Downloading rfc3986-1.4.0-py2.py3-none-any.whl (31 kB)
Requirement already satisfied: requests>=2.20 in /usr/local/lib/python3.6/site-packages (from twine==3.3.0->-r requirements-dev.txt (line 18)) (2.24.0)
Collecting colorama>=0.4.3
  Downloading colorama-0.4.4-py2.py3-none-any.whl (16 kB)
Collecting keyring>=15.1
  Downloading keyring-22.0.1-py3-none-any.whl (32 kB)
Collecting PTable
  Downloading PTable-0.9.2.tar.gz (31 kB)
Collecting email-validator>=1.0.3; extra == "email"
  Downloading email_validator-1.1.2-py2.py3-none-any.whl (17 kB)
Requirement already satisfied: PyYAML>=5.1 in /usr/local/lib/python3.6/site-packages (from openapi-spec-validator<0.3,>=0.2.8->datamodel-code-generator==0.7.0->-r requirements-dev.txt (line 3)) (5.3.1)
Requirement already satisfied: jsonschema in /usr/local/lib/python3.6/site-packages (from openapi-spec-validator<0.3,>=0.2.8->datamodel-code-generator==0.7.0->-r requirements-dev.txt (line 3)) (3.2.0)
Collecting chardet~=4.0
  Downloading chardet-4.0.0-py2.py3-none-any.whl (178 kB)
Collecting semver~=2.13
  Downloading semver-2.13.0-py2.py3-none-any.whl (12 kB)
Requirement already satisfied: MarkupSafe>=0.23 in /usr/local/lib/python3.6/site-packages (from jinja2<3.0,>=2.10.1->datamodel-code-generator==0.7.0->-r requirements-dev.txt (line 3)) (1.1.1)
Requirement already satisfied: pyparsing>=2.0.2 in /usr/local/lib/python3.6/site-packages (from packaging->pytest==6.2.0->-r requirements-dev.txt (line 6)) (2.4.7)
Requirement already satisfied: zipp>=0.5 in /usr/local/lib/python3.6/site-packages (from importlib-metadata>=0.12; python_version < "3.8"->pytest==6.2.0->-r requirements-dev.txt (line 6)) (3.1.0)
Collecting distlib<1,>=0.3.1
  Downloading distlib-0.3.1-py2.py3-none-any.whl (335 kB)
Collecting importlib-resources>=1.0; python_version < "3.7"
  Downloading importlib_resources-5.1.0-py3-none-any.whl (24 kB)
Collecting docutils>=0.13.1
  Downloading docutils-0.16-py2.py3-none-any.whl (548 kB)
Requirement already satisfied: Pygments>=2.5.1 in /usr/local/lib/python3.6/site-packages (from readme-renderer>=21.0->twine==3.3.0->-r requirements-dev.txt (line 18)) (2.7.1)
Requirement already satisfied: bleach>=2.1.0 in /usr/local/lib/python3.6/site-packages (from readme-renderer>=21.0->twine==3.3.0->-r requirements-dev.txt (line 18)) (3.2.0)
Requirement already satisfied: certifi>=2017.4.17 in /usr/local/lib/python3.6/site-packages (from requests>=2.20->twine==3.3.0->-r requirements-dev.txt (line 18)) (2020.6.20)
Requirement already satisfied: idna<3,>=2.5 in /usr/local/lib/python3.6/site-packages (from requests>=2.20->twine==3.3.0->-r requirements-dev.txt (line 18)) (2.10)
Requirement already satisfied: urllib3!=1.25.0,!=1.25.1,<1.26,>=1.21.1 in /usr/local/lib/python3.6/site-packages (from requests>=2.20->twine==3.3.0->-r requirements-dev.txt (line 18)) (1.25.10)
Collecting jeepney>=0.4.2; sys_platform == "linux"
  Downloading jeepney-0.6.0-py3-none-any.whl (45 kB)
Collecting SecretStorage>=3.2; sys_platform == "linux"
  Downloading SecretStorage-3.3.0-py3-none-any.whl (14 kB)
Collecting dnspython>=1.15.0
  Downloading dnspython-2.1.0-py3-none-any.whl (241 kB)
Requirement already satisfied: pyrsistent>=0.14.0 in /usr/local/lib/python3.6/site-packages (from jsonschema->openapi-spec-validator<0.3,>=0.2.8->datamodel-code-generator==0.7.0->-r requirements-dev.txt (line 3)) (0.17.3)
Requirement already satisfied: webencodings in /usr/local/lib/python3.6/site-packages (from bleach>=2.1.0->readme-renderer>=21.0->twine==3.3.0->-r requirements-dev.txt (line 18)) (0.5.1)
Collecting cryptography>=2.0
  Downloading cryptography-3.3.1-cp36-abi3-manylinux2010_x86_64.whl (2.6 MB)
Requirement already satisfied: cffi>=1.12 in /usr/local/lib/python3.6/site-packages (from cryptography>=2.0->SecretStorage>=3.2; sys_platform == "linux"->keyring>=15.1->twine==3.3.0->-r requirements-dev.txt (line 18)) (1.14.2)
Requirement already satisfied: pycparser in /usr/local/lib/python3.6/site-packages (from cffi>=1.12->cryptography>=2.0->SecretStorage>=3.2; sys_platform == "linux"->keyring>=15.1->twine==3.3.0->-r requirements-dev.txt (line 18)) (2.20)
Building wheels for collected packages: flake8-black, black, genson, PTable
  Building wheel for flake8-black (setup.py): started
  Building wheel for flake8-black (setup.py): finished with status 'done'
  Created wheel for flake8-black: filename=flake8_black-0.2.1-py2.py3-none-any.whl size=8873 sha256=97b1cba91ca40e242cfcd5e12e39fbc4c4d5f426604a3298dbe704a0201e6f04
  Stored in directory: /builder/home/.cache/pip/wheels/f3/71/20/4bcba7c464da12f8e2d5009d9da66d732d32498be89b8f9d10
  Building wheel for black (PEP 517): started
  Building wheel for black (PEP 517): finished with status 'done'
  Created wheel for black: filename=black-20.8b1-py3-none-any.whl size=124184 sha256=a4e25da9ef9995195db4e3f4d907a15a4aa4060cd29541046c679abfff879b4d
  Stored in directory: /builder/home/.cache/pip/wheels/dd/c8/94/e774504958e4667180d81202d1d45cdc35d6222ae39229871b
  Building wheel for genson (setup.py): started
  Building wheel for genson (setup.py): finished with status 'done'
  Created wheel for genson: filename=genson-1.2.2-py2.py3-none-any.whl size=21261 sha256=0b180976ad8ca5e12a2b048858ff440419f41aff6d0d70bd3cd58cb060ff3fa1
  Stored in directory: /builder/home/.cache/pip/wheels/17/8e/f6/70b78333e594fdb9a14a41c225743d4cad09bcdbf9ebd3a90b
  Building wheel for PTable (setup.py): started
  Building wheel for PTable (setup.py): finished with status 'done'
  Created wheel for PTable: filename=PTable-0.9.2-py3-none-any.whl size=22907 sha256=45c46472ae268389259b8de50cf731d87c1485333257d86bcd11899cb47773dc
  Stored in directory: /builder/home/.cache/pip/wheels/f3/65/67/71f473ec87ea4554d1bdfb1b5128cfe1414c2b113b72a1ee8e
Successfully built flake8-black black genson PTable
Installing collected packages: grpcio, grpcio-tools, toml, genson, dataclasses, dnspython, email-validator, pydantic, PySnooper, inflect, argcomplete, openapi-spec-validator, chardet, semver, prance, isort, pathspec, regex, click, mypy-extensions, typed-ast, appdirs, black, datamodel-code-generator, iniconfig, pytest, pytest-asyncio, filelock, distlib, importlib-resources, virtualenv, tox, pyflakes, pycodestyle, mccabe, flake8, flake8-black, mypy, mypy-protobuf, pkginfo, requests-toolbelt, docutils, readme-renderer, rfc3986, colorama, jeepney, cryptography, SecretStorage, keyring, twine, PTable, pip-licenses
  Attempting uninstall: grpcio
    Found existing installation: grpcio 1.32.0
    Uninstalling grpcio-1.32.0:
      Successfully uninstalled grpcio-1.32.0
  Attempting uninstall: grpcio-tools
    Found existing installation: grpcio-tools 1.32.0
    Uninstalling grpcio-tools-1.32.0:
      Successfully uninstalled grpcio-tools-1.32.0
  Attempting uninstall: chardet
    Found existing installation: chardet 3.0.4
    Uninstalling chardet-3.0.4:
      Successfully uninstalled chardet-3.0.4
  Attempting uninstall: pytest
    Found existing installation: pytest 5.3.1
    Uninstalling pytest-5.3.1:
      Successfully uninstalled pytest-5.3.1
ERROR: After October 2020 you may experience errors when installing or updating packages. This is because pip will change the way that it resolves dependency conflicts.

We recommend you use --use-feature=2020-resolver to test your packages with the new resolver before it becomes the default.

requests 2.24.0 requires chardet<4,>=3.0.2, but you'll have chardet 4.0.0 which is incompatible.
alibi 0.5.2 requires tensorflow>=2.0, but you'll have tensorflow 1.15.2 which is incompatible.
prance 0.20.2 requires requests~=2.25, but you'll have requests 2.24.0 which is incompatible.
Successfully installed PTable-0.9.2 PySnooper-0.4.2 SecretStorage-3.3.0 appdirs-1.4.4 argcomplete-1.12.2 black-20.8b1 chardet-4.0.0 click-7.1.2 colorama-0.4.4 cryptography-3.3.1 dataclasses-0.8 datamodel-code-generator-0.7.0 distlib-0.3.1 dnspython-2.1.0 docutils-0.16 email-validator-1.1.2 filelock-3.0.12 flake8-3.8.3 flake8-black-0.2.1 genson-1.2.2 grpcio-1.35.0 grpcio-tools-1.35.0 importlib-resources-5.1.0 inflect-4.1.1 iniconfig-1.1.1 isort-5.7.0 jeepney-0.6.0 keyring-22.0.1 mccabe-0.6.1 mypy-0.800 mypy-extensions-0.4.3 mypy-protobuf-1.23 openapi-spec-validator-0.2.9 pathspec-0.8.1 pip-licenses-3.3.0 pkginfo-1.7.0 prance-0.20.2 pycodestyle-2.6.0 pydantic-1.7.3 pyflakes-2.2.0 pytest-6.2.0 pytest-asyncio-0.14.0 readme-renderer-28.0 regex-2020.11.13 requests-toolbelt-0.9.1 rfc3986-1.4.0 semver-2.13.0 toml-0.10.2 tox-3.21.0 twine-3.3.0 typed-ast-1.4.2 virtualenv-20.4.2
WARNING: You are using pip version 20.2.3; however, version 21.0.1 is available.
You should consider upgrading via the '/usr/local/bin/python -m pip install --upgrade pip' command.
pip install --editable .
Obtaining file:///workspace/source
Requirement already satisfied: grpcio==1.35.0 in /usr/local/lib/python3.6/site-packages (from mlserver===0.3.0.dev1.tempo) (1.35.0)
Collecting protobuf==3.14.0
  Downloading protobuf-3.14.0-cp36-cp36m-manylinux1_x86_64.whl (1.0 MB)
Collecting fastapi==0.63.0
  Downloading fastapi-0.63.0-py3-none-any.whl (50 kB)
Collecting uvicorn==0.13.3
  Downloading uvicorn-0.13.3-py3-none-any.whl (45 kB)
Collecting orjson==3.4.6
  Downloading orjson-3.4.6-cp36-cp36m-manylinux2014_x86_64.whl (233 kB)
Requirement already satisfied: click==7.1.2 in /usr/local/lib/python3.6/site-packages (from mlserver===0.3.0.dev1.tempo) (7.1.2)
Requirement already satisfied: six>=1.5.2 in /usr/local/lib/python3.6/site-packages (from grpcio==1.35.0->mlserver===0.3.0.dev1.tempo) (1.15.0)
Collecting starlette==0.13.6
  Downloading starlette-0.13.6-py3-none-any.whl (59 kB)
Requirement already satisfied: pydantic<2.0.0,>=1.0.0 in /usr/local/lib/python3.6/site-packages (from fastapi==0.63.0->mlserver===0.3.0.dev1.tempo) (1.7.3)
Collecting h11>=0.8
  Downloading h11-0.12.0-py3-none-any.whl (54 kB)
Requirement already satisfied: typing-extensions; python_version < "3.8" in /usr/local/lib/python3.6/site-packages (from uvicorn==0.13.3->mlserver===0.3.0.dev1.tempo) (3.7.4.3)
Requirement already satisfied: dataclasses>=0.6; python_version < "3.7" in /usr/local/lib/python3.6/site-packages (from pydantic<2.0.0,>=1.0.0->fastapi==0.63.0->mlserver===0.3.0.dev1.tempo) (0.8)
Installing collected packages: protobuf, starlette, fastapi, h11, uvicorn, orjson, mlserver
  Attempting uninstall: protobuf
    Found existing installation: protobuf 3.13.0
    Uninstalling protobuf-3.13.0:
      Successfully uninstalled protobuf-3.13.0
  Running setup.py develop for mlserver
ERROR: After October 2020 you may experience errors when installing or updating packages. This is because pip will change the way that it resolves dependency conflicts.

We recommend you use --use-feature=2020-resolver to test your packages with the new resolver before it becomes the default.

alibi 0.5.2 requires tensorflow>=2.0, but you'll have tensorflow 1.15.2 which is incompatible.
Successfully installed fastapi-0.63.0 h11-0.12.0 mlserver orjson-3.4.6 protobuf-3.14.0 starlette-0.13.6 uvicorn-0.13.3
WARNING: You are using pip version 20.2.3; however, version 21.0.1 is available.
You should consider upgrading via the '/usr/local/bin/python -m pip install --upgrade pip' command.
for _runtime in ./runtimes/*; \
do \
	pip install --editable $_runtime; \
done
Obtaining file:///workspace/source/runtimes/lightgbm
Requirement already satisfied: mlserver in /workspace/source (from mlserver-lightgbm===0.3.0.dev1.tempo) (0.3.0.dev1.tempo)
Collecting lightgbm==2.3.1
  Downloading lightgbm-2.3.1-py2.py3-none-manylinux1_x86_64.whl (1.2 MB)
Collecting pandas==0.25.3
  Downloading pandas-0.25.3-cp36-cp36m-manylinux1_x86_64.whl (10.4 MB)
Requirement already satisfied: grpcio==1.35.0 in /usr/local/lib/python3.6/site-packages (from mlserver->mlserver-lightgbm===0.3.0.dev1.tempo) (1.35.0)
Requirement already satisfied: protobuf==3.14.0 in /usr/local/lib/python3.6/site-packages (from mlserver->mlserver-lightgbm===0.3.0.dev1.tempo) (3.14.0)
Requirement already satisfied: fastapi==0.63.0 in /usr/local/lib/python3.6/site-packages (from mlserver->mlserver-lightgbm===0.3.0.dev1.tempo) (0.63.0)
Requirement already satisfied: uvicorn==0.13.3 in /usr/local/lib/python3.6/site-packages (from mlserver->mlserver-lightgbm===0.3.0.dev1.tempo) (0.13.3)
Requirement already satisfied: orjson==3.4.6 in /usr/local/lib/python3.6/site-packages (from mlserver->mlserver-lightgbm===0.3.0.dev1.tempo) (3.4.6)
Requirement already satisfied: click==7.1.2 in /usr/local/lib/python3.6/site-packages (from mlserver->mlserver-lightgbm===0.3.0.dev1.tempo) (7.1.2)
Requirement already satisfied: scikit-learn in /usr/local/lib/python3.6/site-packages (from lightgbm==2.3.1->mlserver-lightgbm===0.3.0.dev1.tempo) (0.23.2)
Requirement already satisfied: scipy in /usr/local/lib/python3.6/site-packages (from lightgbm==2.3.1->mlserver-lightgbm===0.3.0.dev1.tempo) (1.5.2)
Requirement already satisfied: numpy in /usr/local/lib/python3.6/site-packages (from lightgbm==2.3.1->mlserver-lightgbm===0.3.0.dev1.tempo) (1.19.2)
Requirement already satisfied: pytz>=2017.2 in /usr/local/lib/python3.6/site-packages (from pandas==0.25.3->mlserver-lightgbm===0.3.0.dev1.tempo) (2020.1)
Requirement already satisfied: python-dateutil>=2.6.1 in /usr/local/lib/python3.6/site-packages (from pandas==0.25.3->mlserver-lightgbm===0.3.0.dev1.tempo) (2.8.1)
Requirement already satisfied: six>=1.5.2 in /usr/local/lib/python3.6/site-packages (from grpcio==1.35.0->mlserver->mlserver-lightgbm===0.3.0.dev1.tempo) (1.15.0)
Requirement already satisfied: pydantic<2.0.0,>=1.0.0 in /usr/local/lib/python3.6/site-packages (from fastapi==0.63.0->mlserver->mlserver-lightgbm===0.3.0.dev1.tempo) (1.7.3)
Requirement already satisfied: starlette==0.13.6 in /usr/local/lib/python3.6/site-packages (from fastapi==0.63.0->mlserver->mlserver-lightgbm===0.3.0.dev1.tempo) (0.13.6)
Requirement already satisfied: typing-extensions; python_version < "3.8" in /usr/local/lib/python3.6/site-packages (from uvicorn==0.13.3->mlserver->mlserver-lightgbm===0.3.0.dev1.tempo) (3.7.4.3)
Requirement already satisfied: h11>=0.8 in /usr/local/lib/python3.6/site-packages (from uvicorn==0.13.3->mlserver->mlserver-lightgbm===0.3.0.dev1.tempo) (0.12.0)
Requirement already satisfied: joblib>=0.11 in /usr/local/lib/python3.6/site-packages (from scikit-learn->lightgbm==2.3.1->mlserver-lightgbm===0.3.0.dev1.tempo) (0.16.0)
Requirement already satisfied: threadpoolctl>=2.0.0 in /usr/local/lib/python3.6/site-packages (from scikit-learn->lightgbm==2.3.1->mlserver-lightgbm===0.3.0.dev1.tempo) (2.1.0)
Requirement already satisfied: dataclasses>=0.6; python_version < "3.7" in /usr/local/lib/python3.6/site-packages (from pydantic<2.0.0,>=1.0.0->fastapi==0.63.0->mlserver->mlserver-lightgbm===0.3.0.dev1.tempo) (0.8)
Installing collected packages: lightgbm, pandas, mlserver-lightgbm
  Attempting uninstall: pandas
    Found existing installation: pandas 1.1.2
    Uninstalling pandas-1.1.2:
      Successfully uninstalled pandas-1.1.2
  Running setup.py develop for mlserver-lightgbm
ERROR: After October 2020 you may experience errors when installing or updating packages. This is because pip will change the way that it resolves dependency conflicts.

We recommend you use --use-feature=2020-resolver to test your packages with the new resolver before it becomes the default.

alibi 0.5.2 requires tensorflow>=2.0, but you'll have tensorflow 1.15.2 which is incompatible.
Successfully installed lightgbm-2.3.1 mlserver-lightgbm pandas-0.25.3
WARNING: You are using pip version 20.2.3; however, version 21.0.1 is available.
You should consider upgrading via the '/usr/local/bin/python -m pip install --upgrade pip' command.
Obtaining file:///workspace/source/runtimes/mllib
Requirement already satisfied: mlserver in /workspace/source (from mlserver-mllib===0.3.0.dev1.tempo) (0.3.0.dev1.tempo)
Collecting pyspark==3.0.1
  Downloading pyspark-3.0.1.tar.gz (204.2 MB)
Requirement already satisfied: grpcio==1.35.0 in /usr/local/lib/python3.6/site-packages (from mlserver->mlserver-mllib===0.3.0.dev1.tempo) (1.35.0)
Requirement already satisfied: protobuf==3.14.0 in /usr/local/lib/python3.6/site-packages (from mlserver->mlserver-mllib===0.3.0.dev1.tempo) (3.14.0)
Requirement already satisfied: fastapi==0.63.0 in /usr/local/lib/python3.6/site-packages (from mlserver->mlserver-mllib===0.3.0.dev1.tempo) (0.63.0)
Requirement already satisfied: uvicorn==0.13.3 in /usr/local/lib/python3.6/site-packages (from mlserver->mlserver-mllib===0.3.0.dev1.tempo) (0.13.3)
Requirement already satisfied: orjson==3.4.6 in /usr/local/lib/python3.6/site-packages (from mlserver->mlserver-mllib===0.3.0.dev1.tempo) (3.4.6)
Requirement already satisfied: click==7.1.2 in /usr/local/lib/python3.6/site-packages (from mlserver->mlserver-mllib===0.3.0.dev1.tempo) (7.1.2)
Collecting py4j==0.10.9
  Downloading py4j-0.10.9-py2.py3-none-any.whl (198 kB)
Requirement already satisfied: six>=1.5.2 in /usr/local/lib/python3.6/site-packages (from grpcio==1.35.0->mlserver->mlserver-mllib===0.3.0.dev1.tempo) (1.15.0)
Requirement already satisfied: pydantic<2.0.0,>=1.0.0 in /usr/local/lib/python3.6/site-packages (from fastapi==0.63.0->mlserver->mlserver-mllib===0.3.0.dev1.tempo) (1.7.3)
Requirement already satisfied: starlette==0.13.6 in /usr/local/lib/python3.6/site-packages (from fastapi==0.63.0->mlserver->mlserver-mllib===0.3.0.dev1.tempo) (0.13.6)
Requirement already satisfied: h11>=0.8 in /usr/local/lib/python3.6/site-packages (from uvicorn==0.13.3->mlserver->mlserver-mllib===0.3.0.dev1.tempo) (0.12.0)
Requirement already satisfied: typing-extensions; python_version < "3.8" in /usr/local/lib/python3.6/site-packages (from uvicorn==0.13.3->mlserver->mlserver-mllib===0.3.0.dev1.tempo) (3.7.4.3)
Requirement already satisfied: dataclasses>=0.6; python_version < "3.7" in /usr/local/lib/python3.6/site-packages (from pydantic<2.0.0,>=1.0.0->fastapi==0.63.0->mlserver->mlserver-mllib===0.3.0.dev1.tempo) (0.8)
Building wheels for collected packages: pyspark
  Building wheel for pyspark (setup.py): started
  Building wheel for pyspark (setup.py): finished with status 'done'
  Created wheel for pyspark: filename=pyspark-3.0.1-py2.py3-none-any.whl size=204612243 sha256=ecc4172ef415137627ce14cb39a1882ddf68e4d1c1d897c7cad4244233a4b589
  Stored in directory: /builder/home/.cache/pip/wheels/32/d6/81/b226c0fb07391610277bc3e3fcc50b24bae5040b71d9dba360
Successfully built pyspark
Installing collected packages: py4j, pyspark, mlserver-mllib
  Running setup.py develop for mlserver-mllib
Successfully installed mlserver-mllib py4j-0.10.9 pyspark-3.0.1
WARNING: You are using pip version 20.2.3; however, version 21.0.1 is available.
You should consider upgrading via the '/usr/local/bin/python -m pip install --upgrade pip' command.
Obtaining file:///workspace/source/runtimes/sklearn
Requirement already satisfied: mlserver in /workspace/source (from mlserver-sklearn===0.3.0.dev1.tempo) (0.3.0.dev1.tempo)
Requirement already satisfied: scikit-learn in /usr/local/lib/python3.6/site-packages (from mlserver-sklearn===0.3.0.dev1.tempo) (0.23.2)
Requirement already satisfied: joblib in /usr/local/lib/python3.6/site-packages (from mlserver-sklearn===0.3.0.dev1.tempo) (0.16.0)
Requirement already satisfied: grpcio==1.35.0 in /usr/local/lib/python3.6/site-packages (from mlserver->mlserver-sklearn===0.3.0.dev1.tempo) (1.35.0)
Requirement already satisfied: protobuf==3.14.0 in /usr/local/lib/python3.6/site-packages (from mlserver->mlserver-sklearn===0.3.0.dev1.tempo) (3.14.0)
Requirement already satisfied: fastapi==0.63.0 in /usr/local/lib/python3.6/site-packages (from mlserver->mlserver-sklearn===0.3.0.dev1.tempo) (0.63.0)
Requirement already satisfied: uvicorn==0.13.3 in /usr/local/lib/python3.6/site-packages (from mlserver->mlserver-sklearn===0.3.0.dev1.tempo) (0.13.3)
Requirement already satisfied: orjson==3.4.6 in /usr/local/lib/python3.6/site-packages (from mlserver->mlserver-sklearn===0.3.0.dev1.tempo) (3.4.6)
Requirement already satisfied: click==7.1.2 in /usr/local/lib/python3.6/site-packages (from mlserver->mlserver-sklearn===0.3.0.dev1.tempo) (7.1.2)
Requirement already satisfied: scipy>=0.19.1 in /usr/local/lib/python3.6/site-packages (from scikit-learn->mlserver-sklearn===0.3.0.dev1.tempo) (1.5.2)
Requirement already satisfied: numpy>=1.13.3 in /usr/local/lib/python3.6/site-packages (from scikit-learn->mlserver-sklearn===0.3.0.dev1.tempo) (1.19.2)
Requirement already satisfied: threadpoolctl>=2.0.0 in /usr/local/lib/python3.6/site-packages (from scikit-learn->mlserver-sklearn===0.3.0.dev1.tempo) (2.1.0)
Requirement already satisfied: six>=1.5.2 in /usr/local/lib/python3.6/site-packages (from grpcio==1.35.0->mlserver->mlserver-sklearn===0.3.0.dev1.tempo) (1.15.0)
Requirement already satisfied: pydantic<2.0.0,>=1.0.0 in /usr/local/lib/python3.6/site-packages (from fastapi==0.63.0->mlserver->mlserver-sklearn===0.3.0.dev1.tempo) (1.7.3)
Requirement already satisfied: starlette==0.13.6 in /usr/local/lib/python3.6/site-packages (from fastapi==0.63.0->mlserver->mlserver-sklearn===0.3.0.dev1.tempo) (0.13.6)
Requirement already satisfied: typing-extensions; python_version < "3.8" in /usr/local/lib/python3.6/site-packages (from uvicorn==0.13.3->mlserver->mlserver-sklearn===0.3.0.dev1.tempo) (3.7.4.3)
Requirement already satisfied: h11>=0.8 in /usr/local/lib/python3.6/site-packages (from uvicorn==0.13.3->mlserver->mlserver-sklearn===0.3.0.dev1.tempo) (0.12.0)
Requirement already satisfied: dataclasses>=0.6; python_version < "3.7" in /usr/local/lib/python3.6/site-packages (from pydantic<2.0.0,>=1.0.0->fastapi==0.63.0->mlserver->mlserver-sklearn===0.3.0.dev1.tempo) (0.8)
Installing collected packages: mlserver-sklearn
  Running setup.py develop for mlserver-sklearn
Successfully installed mlserver-sklearn
WARNING: You are using pip version 20.2.3; however, version 21.0.1 is available.
You should consider upgrading via the '/usr/local/bin/python -m pip install --upgrade pip' command.
Obtaining file:///workspace/source/runtimes/tempo
Requirement already satisfied: mlserver in /workspace/source (from mlserver-tempo===0.3.0.dev1.tempo) (0.3.0.dev1.tempo)
Collecting tempo@ git+ssh://git@github.com/SeldonIO/tempo#egg=tempo
  Cloning ssh://****@github.com/SeldonIO/tempo to /tmp/pip-install-rf7nu7mf/tempo
ERROR: Command errored out with exit status 128: git clone -q 'ssh://****@github.com/SeldonIO/tempo' /tmp/pip-install-rf7nu7mf/tempo Check the logs for full command output.
WARNING: You are using pip version 20.2.3; however, version 21.0.1 is available.
You should consider upgrading via the '/usr/local/bin/python -m pip install --upgrade pip' command.
Obtaining file:///workspace/source/runtimes/xgboost
Requirement already satisfied: mlserver in /workspace/source (from mlserver-xgboost===0.3.0.dev1.tempo) (0.3.0.dev1.tempo)
Collecting xgboost==1.1.1
  Downloading xgboost-1.1.1-py3-none-manylinux2010_x86_64.whl (127.6 MB)
Requirement already satisfied: grpcio==1.35.0 in /usr/local/lib/python3.6/site-packages (from mlserver->mlserver-xgboost===0.3.0.dev1.tempo) (1.35.0)
Requirement already satisfied: protobuf==3.14.0 in /usr/local/lib/python3.6/site-packages (from mlserver->mlserver-xgboost===0.3.0.dev1.tempo) (3.14.0)
Requirement already satisfied: fastapi==0.63.0 in /usr/local/lib/python3.6/site-packages (from mlserver->mlserver-xgboost===0.3.0.dev1.tempo) (0.63.0)
Requirement already satisfied: uvicorn==0.13.3 in /usr/local/lib/python3.6/site-packages (from mlserver->mlserver-xgboost===0.3.0.dev1.tempo) (0.13.3)
Requirement already satisfied: orjson==3.4.6 in /usr/local/lib/python3.6/site-packages (from mlserver->mlserver-xgboost===0.3.0.dev1.tempo) (3.4.6)
Requirement already satisfied: click==7.1.2 in /usr/local/lib/python3.6/site-packages (from mlserver->mlserver-xgboost===0.3.0.dev1.tempo) (7.1.2)
Requirement already satisfied: numpy in /usr/local/lib/python3.6/site-packages (from xgboost==1.1.1->mlserver-xgboost===0.3.0.dev1.tempo) (1.19.2)
Requirement already satisfied: scipy in /usr/local/lib/python3.6/site-packages (from xgboost==1.1.1->mlserver-xgboost===0.3.0.dev1.tempo) (1.5.2)
Requirement already satisfied: six>=1.5.2 in /usr/local/lib/python3.6/site-packages (from grpcio==1.35.0->mlserver->mlserver-xgboost===0.3.0.dev1.tempo) (1.15.0)
Requirement already satisfied: pydantic<2.0.0,>=1.0.0 in /usr/local/lib/python3.6/site-packages (from fastapi==0.63.0->mlserver->mlserver-xgboost===0.3.0.dev1.tempo) (1.7.3)
Requirement already satisfied: starlette==0.13.6 in /usr/local/lib/python3.6/site-packages (from fastapi==0.63.0->mlserver->mlserver-xgboost===0.3.0.dev1.tempo) (0.13.6)
Requirement already satisfied: typing-extensions; python_version < "3.8" in /usr/local/lib/python3.6/site-packages (from uvicorn==0.13.3->mlserver->mlserver-xgboost===0.3.0.dev1.tempo) (3.7.4.3)
Requirement already satisfied: h11>=0.8 in /usr/local/lib/python3.6/site-packages (from uvicorn==0.13.3->mlserver->mlserver-xgboost===0.3.0.dev1.tempo) (0.12.0)
Requirement already satisfied: dataclasses>=0.6; python_version < "3.7" in /usr/local/lib/python3.6/site-packages (from pydantic<2.0.0,>=1.0.0->fastapi==0.63.0->mlserver->mlserver-xgboost===0.3.0.dev1.tempo) (0.8)
Installing collected packages: xgboost, mlserver-xgboost
  Running setup.py develop for mlserver-xgboost
Successfully installed mlserver-xgboost xgboost-1.1.1
WARNING: You are using pip version 20.2.3; however, version 21.0.1 is available.
You should consider upgrading via the '/usr/local/bin/python -m pip install --upgrade pip' command.
./hack/generate-types.sh
Writing mypy to dataplane_pb2.pyi
Writing mypy to model_repository_pb2.pyi
black . \
	--exclude "(mlserver/grpc/dataplane_pb2*)"
reformatted /workspace/source/mlserver/grpc/model_repository_pb2_grpc.py
reformatted /workspace/source/mlserver/grpc/model_repository_pb2.pyi
reformatted /workspace/source/mlserver/types/model_repository.py
reformatted /workspace/source/mlserver/types/dataplane.py
reformatted /workspace/source/mlserver/grpc/model_repository_pb2.py
All done! ✨ 🍰 ✨
5 files reformatted, 82 files left unchanged.
flake8 .
mypy ./mlserver
Success: no issues found in 33 source files
for _runtime in ./runtimes/*; \
do \
	mypy $_runtime; \
done
Success: no issues found in 6 source files
Success: no issues found in 6 source files
Success: no issues found in 6 source files
Success: no issues found in 6 source files
Success: no issues found in 6 source files
mypy ./benchmarking
Success: no issues found in 2 source files
mypy ./examples
Success: no issues found in 1 source file
# Check if something has changed after generation
git \
	--no-pager diff \
	--exit-code \
	.

Showing logs for build [32mseldonio-mlserver-pr-109-pr-bui-cjdqc-8[0m stage [32mtest[0m and container [32mstep-credential-initializer-22jf4[0m
{"level":"info","ts":1612437047.9480007,"logger":"fallback-logger","caller":"logging/config.go:69","msg":"Fetch GitHub commit ID from kodata failed: open /var/run/ko/refs/heads/0.8.0-ns-support: no such file or directory"}
{"level":"info","ts":1612437047.94846,"logger":"fallback-logger","caller":"creds-init/main.go:40","msg":"Credentials initialized."}

Showing logs for build [32mseldonio-mlserver-pr-109-pr-bui-cjdqc-8[0m stage [32mtest[0m and container [32mstep-working-dir-initializer-dx7nh[0m
{"level":"info","ts":1612437051.5600336,"logger":"fallback-logger","caller":"logging/config.go:69","msg":"Fetch GitHub commit ID from kodata failed: open /var/run/ko/HEAD: no such file or directory"}
{"level":"info","ts":1612437051.563345,"logger":"fallback-logger","caller":"bash/main.go:64","msg":"Successfully executed command \"sh -c mkdir -p /workspace/source\"; output "}

Showing logs for build [32mseldonio-mlserver-pr-109-pr-bui-cjdqc-8[0m stage [32mtest[0m and container [32mstep-place-tools[0m

Showing logs for build [32mseldonio-mlserver-pr-109-pr-bui-cjdqc-8[0m stage [32mtest[0m and container [32mstep-git-source-seldonio-mlserver-pr-109-pr-bui-cjdqc-fgtng[0m
{"level":"info","ts":1612437127.6011658,"logger":"fallback-logger","caller":"logging/config.go:69","msg":"Fetch GitHub commit ID from kodata failed: open /var/run/ko/refs/heads/0.8.0-ns-support: no such file or directory"}
{"level":"info","ts":1612437130.0564299,"logger":"fallback-logger","caller":"git/git.go:103","msg":"Successfully cloned https://github.com/SeldonIO/MLServer.git @ master in path /workspace/source"}

Showing logs for build [32mseldonio-mlserver-pr-109-pr-bui-cjdqc-8[0m stage [32mtest[0m and container [32mstep-setup-builder-home[0m

Showing logs for build [32mseldonio-mlserver-pr-109-pr-bui-cjdqc-8[0m stage [32mtest[0m and container [32mstep-git-merge[0m
Using SHAs from PULL_REFS=master:9a7c77f93dd61ac395e389280195d8adc413aad7,109:0f17318cf2310d62370b95100d710eb1de8687cc
DEBUG: LC_ALL=C JX_LOG_LEVEL=error git fetch origin --unshallow 0f17318cf2310d62370b95100d710eb1de8687cc: 9a7c77f93dd61ac395e389280195d8adc413aad7:
DEBUG: ran git fetch --unshallow origin 0f17318cf2310d62370b95100d710eb1de8687cc: 9a7c77f93dd61ac395e389280195d8adc413aad7: in 
DEBUG: LC_ALL=C JX_LOG_LEVEL=error git branch
DEBUG: LC_ALL=C JX_LOG_LEVEL=error git checkout master
DEBUG: ran git checkout master in 
DEBUG: LC_ALL=C JX_LOG_LEVEL=error git reset --hard 9a7c77f93dd61ac395e389280195d8adc413aad7
DEBUG: ran git reset --hard 9a7c77f93dd61ac395e389280195d8adc413aad7 in 
DEBUG: LC_ALL=C JX_LOG_LEVEL=error git clean -fd .
DEBUG: ran clean --force -d . in 
DEBUG: JX_LOG_LEVEL=error LC_ALL=C git merge 0f17318cf2310d62370b95100d710eb1de8687cc
DEBUG: ran git merge 0f17318cf2310d62370b95100d710eb1de8687cc in 
DEBUG: LC_ALL=C JX_LOG_LEVEL=error git log --format=%H%x1f%an%x1f%ae%x1f%cn%x1f%ce%x1f%s%n%b%x1e 9a7c77f93dd61ac395e389280195d8adc413aad7..HEAD
Merged SHA 0f17318cf2310d62370b95100d710eb1de8687cc with commit message 'Bump version to 0.3.0.dev1.tempo' into base branch master
Merged SHA 1b8bee837907d5dc91afbeeb8879455e55bb7387 with commit message 'Remove unused imports' into base branch master
Merged SHA 8847482142a2fd8516054cd782595de8d2140bf8 with commit message 'Add some temporary changes while tempo is not published' into base branch master
Merged SHA df974f78b980e4cfc99e8cf26202dd0da79676fc with commit message 'Bump version to tempo-specific dev release' into base branch master
Merged SHA 0317297abc313a6ef88a83bea56bb60820f82b5a with commit message 'Add tempo to docs' into base branch master
Merged SHA 4f8d267ccd33fcd29b94212798564a9710d5857d with commit message 'Clear all outputs and fix example' into base branch master
Merged SHA eb228a15a6cb4facf363e26fd64523133ae89299 with commit message 'Fix tests' into base branch master
Merged SHA d6511bfaa08f8c3d256b0f42d4800f18c2d7da06 with commit message 'Rename example to Tempo' into base branch master
Merged SHA 1781cff934d5b4d9c8ffe9231408db249c7ad028 with commit message 'Rename mlops to tempo' into base branch master
Merged SHA 1967515c7f6ecc196cb03bb7ddd85826c700785f with commit message 'Update MLOps example' into base branch master
Merged SHA 79279cfc5283836d935d12c79e9f1c5f6a501c53 with commit message 'Updated mlops runtime' into base branch master
Merged SHA b2e0702d422feb6b5ba1ef400aa5afbfcbc61e1e with commit message 'Unpickle using cloudpickle' into base branch master
Merged SHA ff2a8ff176cc8dc499a830de1bcd6ed70979c12e with commit message 'Add example for mlops pipeline' into base branch master
Merged SHA 6fa4d6363743c9ac29e40aed4497d035d3d00a13 with commit message 'Use cloudpickle to serialise class object' into base branch master
Merged SHA 25f1cc064b4c84470785fbb963939cff292365a2 with commit message 'Add mlserver-mlops to tests' into base branch master
Merged SHA d0f6b3327ff4b46cc6346e7cbee85d4c3f2d2f07 with commit message 'Add runtime for MLOps pipelines' into base branch master

Showing logs for build [32mseldonio-mlserver-pr-109-pr-bui-cjdqc-8[0m stage [32mtest[0m and container [32mstep-step2[0m
pip install -r requirements-dev.txt
Collecting grpcio-tools==1.35.0
  Downloading grpcio_tools-1.35.0-cp36-cp36m-manylinux2014_x86_64.whl (2.5 MB)
Collecting datamodel-code-generator==0.7.0
  Downloading datamodel_code_generator-0.7.0-py3-none-any.whl (188 kB)
Collecting pytest==6.2.0
  Downloading pytest-6.2.0-py3-none-any.whl (279 kB)
Collecting pytest-asyncio==0.14.0
  Downloading pytest_asyncio-0.14.0-py3-none-any.whl (11 kB)
Collecting tox==3.21.0
  Downloading tox-3.21.0-py2.py3-none-any.whl (84 kB)
Collecting flake8==3.8.3
  Downloading flake8-3.8.3-py2.py3-none-any.whl (72 kB)
Collecting flake8-black==0.2.1
  Downloading flake8-black-0.2.1.tar.gz (9.1 kB)
Collecting mypy==0.800
  Downloading mypy-0.800-cp36-cp36m-manylinux2010_x86_64.whl (21.6 MB)
Collecting mypy-protobuf==1.23
  Downloading mypy_protobuf-1.23-py3-none-any.whl (7.4 kB)
Collecting black==20.8b1
  Downloading black-20.8b1.tar.gz (1.1 MB)
  Installing build dependencies: started
  Installing build dependencies: finished with status 'done'
  Getting requirements to build wheel: started
  Getting requirements to build wheel: finished with status 'done'
    Preparing wheel metadata: started
    Preparing wheel metadata: finished with status 'done'
Collecting twine==3.3.0
  Downloading twine-3.3.0-py3-none-any.whl (34 kB)
Collecting pip-licenses==3.3.0
  Downloading pip_licenses-3.3.0-py3-none-any.whl (16 kB)
Requirement already satisfied: protobuf<4.0dev,>=3.5.0.post1 in /usr/local/lib/python3.6/site-packages (from grpcio-tools==1.35.0->-r requirements-dev.txt (line 2)) (3.13.0)
Requirement already satisfied: setuptools in /usr/local/lib/python3.6/site-packages (from grpcio-tools==1.35.0->-r requirements-dev.txt (line 2)) (50.3.0)
Collecting grpcio>=1.35.0
  Downloading grpcio-1.35.0-cp36-cp36m-manylinux2014_x86_64.whl (4.1 MB)
Collecting prance<1.0,>=0.18.2
  Downloading prance-0.20.2-py2.py3-none-any.whl (34 kB)
Requirement already satisfied: jinja2<3.0,>=2.10.1 in /usr/local/lib/python3.6/site-packages (from datamodel-code-generator==0.7.0->-r requirements-dev.txt (line 3)) (2.11.2)
Collecting inflect<5.0,>=4.1.0
  Downloading inflect-4.1.1-py3-none-any.whl (31 kB)
Collecting argcomplete<2.0,>=1.10
  Downloading argcomplete-1.12.2-py2.py3-none-any.whl (38 kB)
Collecting isort<6.0,>=4.3.21
  Downloading isort-5.7.0-py3-none-any.whl (104 kB)
Collecting openapi-spec-validator<0.3,>=0.2.8
  Downloading openapi_spec_validator-0.2.9-py3-none-any.whl (25 kB)
Collecting genson<2.0,>=1.2.1
  Downloading genson-1.2.2.tar.gz (34 kB)
Collecting pydantic[email]<2.0,>=1.5.1; python_version < "3.9"
  Downloading pydantic-1.7.3-cp36-cp36m-manylinux2014_x86_64.whl (9.2 MB)
Collecting toml<1.0.0,>=0.10.0
  Downloading toml-0.10.2-py2.py3-none-any.whl (16 kB)
Collecting PySnooper<1.0.0,>=0.4.1
  Downloading PySnooper-0.4.2-py2.py3-none-any.whl (14 kB)
Collecting iniconfig
  Downloading iniconfig-1.1.1-py2.py3-none-any.whl (5.0 kB)
Requirement already satisfied: attrs>=19.2.0 in /usr/local/lib/python3.6/site-packages (from pytest==6.2.0->-r requirements-dev.txt (line 6)) (20.2.0)
Requirement already satisfied: py>=1.8.2 in /usr/local/lib/python3.6/site-packages (from pytest==6.2.0->-r requirements-dev.txt (line 6)) (1.9.0)
Requirement already satisfied: pluggy<1.0.0a1,>=0.12 in /usr/local/lib/python3.6/site-packages (from pytest==6.2.0->-r requirements-dev.txt (line 6)) (0.13.1)
Requirement already satisfied: importlib-metadata>=0.12; python_version < "3.8" in /usr/local/lib/python3.6/site-packages (from pytest==6.2.0->-r requirements-dev.txt (line 6)) (1.7.0)
Requirement already satisfied: packaging in /usr/local/lib/python3.6/site-packages (from pytest==6.2.0->-r requirements-dev.txt (line 6)) (20.4)
Requirement already satisfied: six>=1.14.0 in /usr/local/lib/python3.6/site-packages (from tox==3.21.0->-r requirements-dev.txt (line 8)) (1.15.0)
Collecting virtualenv!=20.0.0,!=20.0.1,!=20.0.2,!=20.0.3,!=20.0.4,!=20.0.5,!=20.0.6,!=20.0.7,>=16.0.0
  Downloading virtualenv-20.4.2-py2.py3-none-any.whl (7.2 MB)
Collecting filelock>=3.0.0
  Downloading filelock-3.0.12-py3-none-any.whl (7.6 kB)
Collecting mccabe<0.7.0,>=0.6.0
  Downloading mccabe-0.6.1-py2.py3-none-any.whl (8.6 kB)
Collecting pycodestyle<2.7.0,>=2.6.0a1
  Downloading pycodestyle-2.6.0-py2.py3-none-any.whl (41 kB)
Collecting pyflakes<2.3.0,>=2.2.0
  Downloading pyflakes-2.2.0-py2.py3-none-any.whl (66 kB)
Requirement already satisfied: typing-extensions>=3.7.4 in /usr/local/lib/python3.6/site-packages (from mypy==0.800->-r requirements-dev.txt (line 13)) (3.7.4.3)
Collecting typed-ast<1.5.0,>=1.4.0
  Downloading typed_ast-1.4.2-cp36-cp36m-manylinux1_x86_64.whl (743 kB)
Collecting mypy-extensions<0.5.0,>=0.4.3
  Downloading mypy_extensions-0.4.3-py2.py3-none-any.whl (4.5 kB)
Collecting dataclasses>=0.6; python_version < "3.7"
  Downloading dataclasses-0.8-py3-none-any.whl (19 kB)
Collecting appdirs
  Downloading appdirs-1.4.4-py2.py3-none-any.whl (9.6 kB)
Collecting click>=7.1.2
  Downloading click-7.1.2-py2.py3-none-any.whl (82 kB)
Collecting pathspec<1,>=0.6
  Downloading pathspec-0.8.1-py2.py3-none-any.whl (28 kB)
Collecting regex>=2020.1.8
  Downloading regex-2020.11.13-cp36-cp36m-manylinux2014_x86_64.whl (723 kB)
Collecting requests-toolbelt!=0.9.0,>=0.8.0
  Downloading requests_toolbelt-0.9.1-py2.py3-none-any.whl (54 kB)
Collecting readme-renderer>=21.0
  Downloading readme_renderer-28.0-py2.py3-none-any.whl (15 kB)
Collecting pkginfo>=1.4.2
  Downloading pkginfo-1.7.0-py2.py3-none-any.whl (25 kB)
Requirement already satisfied: tqdm>=4.14 in /usr/local/lib/python3.6/site-packages (from twine==3.3.0->-r requirements-dev.txt (line 18)) (4.49.0)
Requirement already satisfied: requests>=2.20 in /usr/local/lib/python3.6/site-packages (from twine==3.3.0->-r requirements-dev.txt (line 18)) (2.24.0)
Collecting rfc3986>=1.4.0
  Downloading rfc3986-1.4.0-py2.py3-none-any.whl (31 kB)
Collecting keyring>=15.1
  Downloading keyring-22.0.1-py3-none-any.whl (32 kB)
Collecting colorama>=0.4.3
  Downloading colorama-0.4.4-py2.py3-none-any.whl (16 kB)
Collecting PTable
  Downloading PTable-0.9.2.tar.gz (31 kB)
Requirement already satisfied: PyYAML~=5.3 in /usr/local/lib/python3.6/site-packages (from prance<1.0,>=0.18.2->datamodel-code-generator==0.7.0->-r requirements-dev.txt (line 3)) (5.3.1)
Collecting chardet~=4.0
  Downloading chardet-4.0.0-py2.py3-none-any.whl (178 kB)
Collecting semver~=2.13
  Downloading semver-2.13.0-py2.py3-none-any.whl (12 kB)
Requirement already satisfied: MarkupSafe>=0.23 in /usr/local/lib/python3.6/site-packages (from jinja2<3.0,>=2.10.1->datamodel-code-generator==0.7.0->-r requirements-dev.txt (line 3)) (1.1.1)
Requirement already satisfied: jsonschema in /usr/local/lib/python3.6/site-packages (from openapi-spec-validator<0.3,>=0.2.8->datamodel-code-generator==0.7.0->-r requirements-dev.txt (line 3)) (3.2.0)
Collecting email-validator>=1.0.3; extra == "email"
  Downloading email_validator-1.1.2-py2.py3-none-any.whl (17 kB)
Requirement already satisfied: zipp>=0.5 in /usr/local/lib/python3.6/site-packages (from importlib-metadata>=0.12; python_version < "3.8"->pytest==6.2.0->-r requirements-dev.txt (line 6)) (3.1.0)
Requirement already satisfied: pyparsing>=2.0.2 in /usr/local/lib/python3.6/site-packages (from packaging->pytest==6.2.0->-r requirements-dev.txt (line 6)) (2.4.7)
Collecting importlib-resources>=1.0; python_version < "3.7"
  Downloading importlib_resources-5.1.0-py3-none-any.whl (24 kB)
Collecting distlib<1,>=0.3.1
  Downloading distlib-0.3.1-py2.py3-none-any.whl (335 kB)
Requirement already satisfied: Pygments>=2.5.1 in /usr/local/lib/python3.6/site-packages (from readme-renderer>=21.0->twine==3.3.0->-r requirements-dev.txt (line 18)) (2.7.1)
Collecting docutils>=0.13.1
  Downloading docutils-0.16-py2.py3-none-any.whl (548 kB)
Requirement already satisfied: bleach>=2.1.0 in /usr/local/lib/python3.6/site-packages (from readme-renderer>=21.0->twine==3.3.0->-r requirements-dev.txt (line 18)) (3.2.0)
Requirement already satisfied: certifi>=2017.4.17 in /usr/local/lib/python3.6/site-packages (from requests>=2.20->twine==3.3.0->-r requirements-dev.txt (line 18)) (2020.6.20)
Requirement already satisfied: idna<3,>=2.5 in /usr/local/lib/python3.6/site-packages (from requests>=2.20->twine==3.3.0->-r requirements-dev.txt (line 18)) (2.10)
Requirement already satisfied: urllib3!=1.25.0,!=1.25.1,<1.26,>=1.21.1 in /usr/local/lib/python3.6/site-packages (from requests>=2.20->twine==3.3.0->-r requirements-dev.txt (line 18)) (1.25.10)
Collecting jeepney>=0.4.2; sys_platform == "linux"
  Downloading jeepney-0.6.0-py3-none-any.whl (45 kB)
Collecting SecretStorage>=3.2; sys_platform == "linux"
  Downloading SecretStorage-3.3.0-py3-none-any.whl (14 kB)
Requirement already satisfied: pyrsistent>=0.14.0 in /usr/local/lib/python3.6/site-packages (from jsonschema->openapi-spec-validator<0.3,>=0.2.8->datamodel-code-generator==0.7.0->-r requirements-dev.txt (line 3)) (0.17.3)
Collecting dnspython>=1.15.0
  Downloading dnspython-2.1.0-py3-none-any.whl (241 kB)
Requirement already satisfied: webencodings in /usr/local/lib/python3.6/site-packages (from bleach>=2.1.0->readme-renderer>=21.0->twine==3.3.0->-r requirements-dev.txt (line 18)) (0.5.1)
Collecting cryptography>=2.0
  Downloading cryptography-3.3.1-cp36-abi3-manylinux2010_x86_64.whl (2.6 MB)
Requirement already satisfied: cffi>=1.12 in /usr/local/lib/python3.6/site-packages (from cryptography>=2.0->SecretStorage>=3.2; sys_platform == "linux"->keyring>=15.1->twine==3.3.0->-r requirements-dev.txt (line 18)) (1.14.2)
Requirement already satisfied: pycparser in /usr/local/lib/python3.6/site-packages (from cffi>=1.12->cryptography>=2.0->SecretStorage>=3.2; sys_platform == "linux"->keyring>=15.1->twine==3.3.0->-r requirements-dev.txt (line 18)) (2.20)
Building wheels for collected packages: flake8-black, black, genson, PTable
  Building wheel for flake8-black (setup.py): started
  Building wheel for flake8-black (setup.py): finished with status 'done'
  Created wheel for flake8-black: filename=flake8_black-0.2.1-py2.py3-none-any.whl size=8873 sha256=97b1cba91ca40e242cfcd5e12e39fbc4c4d5f426604a3298dbe704a0201e6f04
  Stored in directory: /builder/home/.cache/pip/wheels/f3/71/20/4bcba7c464da12f8e2d5009d9da66d732d32498be89b8f9d10
  Building wheel for black (PEP 517): started
  Building wheel for black (PEP 517): finished with status 'done'
  Created wheel for black: filename=black-20.8b1-py3-none-any.whl size=124184 sha256=8722b9131ee127f21d9b1e61ca482ccbf2c62a44c377e17c0f31769bce6f45da
  Stored in directory: /builder/home/.cache/pip/wheels/dd/c8/94/e774504958e4667180d81202d1d45cdc35d6222ae39229871b
  Building wheel for genson (setup.py): started
  Building wheel for genson (setup.py): finished with status 'done'
  Created wheel for genson: filename=genson-1.2.2-py2.py3-none-any.whl size=21261 sha256=0b180976ad8ca5e12a2b048858ff440419f41aff6d0d70bd3cd58cb060ff3fa1
  Stored in directory: /builder/home/.cache/pip/wheels/17/8e/f6/70b78333e594fdb9a14a41c225743d4cad09bcdbf9ebd3a90b
  Building wheel for PTable (setup.py): started
  Building wheel for PTable (setup.py): finished with status 'done'
  Created wheel for PTable: filename=PTable-0.9.2-py3-none-any.whl size=22907 sha256=36d7a1a312da04e58621a0610b2261973220388f41fb9fca6708f8117e772858
  Stored in directory: /builder/home/.cache/pip/wheels/f3/65/67/71f473ec87ea4554d1bdfb1b5128cfe1414c2b113b72a1ee8e
Successfully built flake8-black black genson PTable
Installing collected packages: grpcio, grpcio-tools, chardet, semver, prance, inflect, argcomplete, isort, openapi-spec-validator, genson, dataclasses, dnspython, email-validator, pydantic, toml, mypy-extensions, typed-ast, appdirs, click, pathspec, regex, black, PySnooper, datamodel-code-generator, iniconfig, pytest, pytest-asyncio, importlib-resources, distlib, filelock, virtualenv, tox, mccabe, pycodestyle, pyflakes, flake8, flake8-black, mypy, mypy-protobuf, requests-toolbelt, docutils, readme-renderer, pkginfo, rfc3986, jeepney, cryptography, SecretStorage, keyring, colorama, twine, PTable, pip-licenses
  Attempting uninstall: grpcio
    Found existing installation: grpcio 1.32.0
    Uninstalling grpcio-1.32.0:
      Successfully uninstalled grpcio-1.32.0
  Attempting uninstall: grpcio-tools
    Found existing installation: grpcio-tools 1.32.0
    Uninstalling grpcio-tools-1.32.0:
      Successfully uninstalled grpcio-tools-1.32.0
  Attempting uninstall: chardet
    Found existing installation: chardet 3.0.4
    Uninstalling chardet-3.0.4:
      Successfully uninstalled chardet-3.0.4
  Attempting uninstall: pytest
    Found existing installation: pytest 5.3.1
    Uninstalling pytest-5.3.1:
      Successfully uninstalled pytest-5.3.1
ERROR: After October 2020 you may experience errors when installing or updating packages. This is because pip will change the way that it resolves dependency conflicts.

We recommend you use --use-feature=2020-resolver to test your packages with the new resolver before it becomes the default.

requests 2.24.0 requires chardet<4,>=3.0.2, but you'll have chardet 4.0.0 which is incompatible.
alibi 0.5.2 requires tensorflow>=2.0, but you'll have tensorflow 1.15.2 which is incompatible.
Successfully installed PTable-0.9.2 PySnooper-0.4.2 SecretStorage-3.3.0 appdirs-1.4.4 argcomplete-1.12.2 black-20.8b1 chardet-4.0.0 click-7.1.2 colorama-0.4.4 cryptography-3.3.1 dataclasses-0.8 datamodel-code-generator-0.7.0 distlib-0.3.1 dnspython-2.1.0 docutils-0.16 email-validator-1.1.2 filelock-3.0.12 flake8-3.8.3 flake8-black-0.2.1 genson-1.2.2 grpcio-1.35.0 grpcio-tools-1.35.0 importlib-resources-5.1.0 inflect-4.1.1 iniconfig-1.1.1 isort-5.7.0 jeepney-0.6.0 keyring-22.0.1 mccabe-0.6.1 mypy-0.800 mypy-extensions-0.4.3 mypy-protobuf-1.23 openapi-spec-validator-0.2.9 pathspec-0.8.1 pip-licenses-3.3.0 pkginfo-1.7.0 prance-0.20.2 pycodestyle-2.6.0 pydantic-1.7.3 pyflakes-2.2.0 pytest-6.2.0 pytest-asyncio-0.14.0 readme-renderer-28.0 regex-2020.11.13 requests-toolbelt-0.9.1 rfc3986-1.4.0 semver-2.13.0 toml-0.10.2 tox-3.21.0 twine-3.3.0 typed-ast-1.4.2 virtualenv-20.4.2
prance 0.20.2 requires requests~=2.25, but you'll have requests 2.24.0 which is incompatible.
WARNING: You are using pip version 20.2.3; however, version 21.0.1 is available.
You should consider upgrading via the '/usr/local/bin/python -m pip install --upgrade pip' command.
pip install --editable .
Obtaining file:///workspace/source
Requirement already satisfied: grpcio==1.35.0 in /usr/local/lib/python3.6/site-packages (from mlserver===0.3.0.dev1.tempo) (1.35.0)
Collecting protobuf==3.14.0
  Downloading protobuf-3.14.0-cp36-cp36m-manylinux1_x86_64.whl (1.0 MB)
Collecting fastapi==0.63.0
  Downloading fastapi-0.63.0-py3-none-any.whl (50 kB)
Collecting uvicorn==0.13.3
  Downloading uvicorn-0.13.3-py3-none-any.whl (45 kB)
Collecting orjson==3.4.6
  Downloading orjson-3.4.6-cp36-cp36m-manylinux2014_x86_64.whl (233 kB)
Requirement already satisfied: click==7.1.2 in /usr/local/lib/python3.6/site-packages (from mlserver===0.3.0.dev1.tempo) (7.1.2)
Requirement already satisfied: six>=1.5.2 in /usr/local/lib/python3.6/site-packages (from grpcio==1.35.0->mlserver===0.3.0.dev1.tempo) (1.15.0)
Requirement already satisfied: pydantic<2.0.0,>=1.0.0 in /usr/local/lib/python3.6/site-packages (from fastapi==0.63.0->mlserver===0.3.0.dev1.tempo) (1.7.3)
Collecting starlette==0.13.6
  Downloading starlette-0.13.6-py3-none-any.whl (59 kB)
Requirement already satisfied: typing-extensions; python_version < "3.8" in /usr/local/lib/python3.6/site-packages (from uvicorn==0.13.3->mlserver===0.3.0.dev1.tempo) (3.7.4.3)
Collecting h11>=0.8
  Downloading h11-0.12.0-py3-none-any.whl (54 kB)
Requirement already satisfied: dataclasses>=0.6; python_version < "3.7" in /usr/local/lib/python3.6/site-packages (from pydantic<2.0.0,>=1.0.0->fastapi==0.63.0->mlserver===0.3.0.dev1.tempo) (0.8)
Installing collected packages: protobuf, starlette, fastapi, h11, uvicorn, orjson, mlserver
  Attempting uninstall: protobuf
    Found existing installation: protobuf 3.13.0
    Uninstalling protobuf-3.13.0:
      Successfully uninstalled protobuf-3.13.0
  Running setup.py develop for mlserver
ERROR: After October 2020 you may experience errors when installing or updating packages. This is because pip will change the way that it resolves dependency conflicts.

We recommend you use --use-feature=2020-resolver to test your packages with the new resolver before it becomes the default.

alibi 0.5.2 requires tensorflow>=2.0, but you'll have tensorflow 1.15.2 which is incompatible.
Successfully installed fastapi-0.63.0 h11-0.12.0 mlserver orjson-3.4.6 protobuf-3.14.0 starlette-0.13.6 uvicorn-0.13.3
WARNING: You are using pip version 20.2.3; however, version 21.0.1 is available.
You should consider upgrading via the '/usr/local/bin/python -m pip install --upgrade pip' command.
for _runtime in ./runtimes/*; \
do \
	pip install --editable $_runtime; \
done
Obtaining file:///workspace/source/runtimes/lightgbm
Requirement already satisfied: mlserver in /workspace/source (from mlserver-lightgbm===0.3.0.dev1.tempo) (0.3.0.dev1.tempo)
Collecting lightgbm==2.3.1
  Downloading lightgbm-2.3.1-py2.py3-none-manylinux1_x86_64.whl (1.2 MB)
Collecting pandas==0.25.3
  Downloading pandas-0.25.3-cp36-cp36m-manylinux1_x86_64.whl (10.4 MB)
Requirement already satisfied: grpcio==1.35.0 in /usr/local/lib/python3.6/site-packages (from mlserver->mlserver-lightgbm===0.3.0.dev1.tempo) (1.35.0)
Requirement already satisfied: protobuf==3.14.0 in /usr/local/lib/python3.6/site-packages (from mlserver->mlserver-lightgbm===0.3.0.dev1.tempo) (3.14.0)
Requirement already satisfied: fastapi==0.63.0 in /usr/local/lib/python3.6/site-packages (from mlserver->mlserver-lightgbm===0.3.0.dev1.tempo) (0.63.0)
Requirement already satisfied: uvicorn==0.13.3 in /usr/local/lib/python3.6/site-packages (from mlserver->mlserver-lightgbm===0.3.0.dev1.tempo) (0.13.3)
Requirement already satisfied: orjson==3.4.6 in /usr/local/lib/python3.6/site-packages (from mlserver->mlserver-lightgbm===0.3.0.dev1.tempo) (3.4.6)
Requirement already satisfied: click==7.1.2 in /usr/local/lib/python3.6/site-packages (from mlserver->mlserver-lightgbm===0.3.0.dev1.tempo) (7.1.2)
Requirement already satisfied: scipy in /usr/local/lib/python3.6/site-packages (from lightgbm==2.3.1->mlserver-lightgbm===0.3.0.dev1.tempo) (1.5.2)
Requirement already satisfied: numpy in /usr/local/lib/python3.6/site-packages (from lightgbm==2.3.1->mlserver-lightgbm===0.3.0.dev1.tempo) (1.19.2)
Requirement already satisfied: scikit-learn in /usr/local/lib/python3.6/site-packages (from lightgbm==2.3.1->mlserver-lightgbm===0.3.0.dev1.tempo) (0.23.2)
Requirement already satisfied: pytz>=2017.2 in /usr/local/lib/python3.6/site-packages (from pandas==0.25.3->mlserver-lightgbm===0.3.0.dev1.tempo) (2020.1)
Requirement already satisfied: python-dateutil>=2.6.1 in /usr/local/lib/python3.6/site-packages (from pandas==0.25.3->mlserver-lightgbm===0.3.0.dev1.tempo) (2.8.1)
Requirement already satisfied: six>=1.5.2 in /usr/local/lib/python3.6/site-packages (from grpcio==1.35.0->mlserver->mlserver-lightgbm===0.3.0.dev1.tempo) (1.15.0)
Requirement already satisfied: starlette==0.13.6 in /usr/local/lib/python3.6/site-packages (from fastapi==0.63.0->mlserver->mlserver-lightgbm===0.3.0.dev1.tempo) (0.13.6)
Requirement already satisfied: pydantic<2.0.0,>=1.0.0 in /usr/local/lib/python3.6/site-packages (from fastapi==0.63.0->mlserver->mlserver-lightgbm===0.3.0.dev1.tempo) (1.7.3)
Requirement already satisfied: h11>=0.8 in /usr/local/lib/python3.6/site-packages (from uvicorn==0.13.3->mlserver->mlserver-lightgbm===0.3.0.dev1.tempo) (0.12.0)
Requirement already satisfied: typing-extensions; python_version < "3.8" in /usr/local/lib/python3.6/site-packages (from uvicorn==0.13.3->mlserver->mlserver-lightgbm===0.3.0.dev1.tempo) (3.7.4.3)
Requirement already satisfied: threadpoolctl>=2.0.0 in /usr/local/lib/python3.6/site-packages (from scikit-learn->lightgbm==2.3.1->mlserver-lightgbm===0.3.0.dev1.tempo) (2.1.0)
Requirement already satisfied: joblib>=0.11 in /usr/local/lib/python3.6/site-packages (from scikit-learn->lightgbm==2.3.1->mlserver-lightgbm===0.3.0.dev1.tempo) (0.16.0)
Requirement already satisfied: dataclasses>=0.6; python_version < "3.7" in /usr/local/lib/python3.6/site-packages (from pydantic<2.0.0,>=1.0.0->fastapi==0.63.0->mlserver->mlserver-lightgbm===0.3.0.dev1.tempo) (0.8)
Installing collected packages: lightgbm, pandas, mlserver-lightgbm
  Attempting uninstall: pandas
    Found existing installation: pandas 1.1.2
    Uninstalling pandas-1.1.2:
      Successfully uninstalled pandas-1.1.2
  Running setup.py develop for mlserver-lightgbm
ERROR: After October 2020 you may experience errors when installing or updating packages. This is because pip will change the way that it resolves dependency conflicts.

We recommend you use --use-feature=2020-resolver to test your packages with the new resolver before it becomes the default.

alibi 0.5.2 requires tensorflow>=2.0, but you'll have tensorflow 1.15.2 which is incompatible.
Successfully installed lightgbm-2.3.1 mlserver-lightgbm pandas-0.25.3
WARNING: You are using pip version 20.2.3; however, version 21.0.1 is available.
You should consider upgrading via the '/usr/local/bin/python -m pip install --upgrade pip' command.
Obtaining file:///workspace/source/runtimes/mllib
Requirement already satisfied: mlserver in /workspace/source (from mlserver-mllib===0.3.0.dev1.tempo) (0.3.0.dev1.tempo)
Collecting pyspark==3.0.1
  Downloading pyspark-3.0.1.tar.gz (204.2 MB)
Requirement already satisfied: grpcio==1.35.0 in /usr/local/lib/python3.6/site-packages (from mlserver->mlserver-mllib===0.3.0.dev1.tempo) (1.35.0)
Requirement already satisfied: protobuf==3.14.0 in /usr/local/lib/python3.6/site-packages (from mlserver->mlserver-mllib===0.3.0.dev1.tempo) (3.14.0)
Requirement already satisfied: fastapi==0.63.0 in /usr/local/lib/python3.6/site-packages (from mlserver->mlserver-mllib===0.3.0.dev1.tempo) (0.63.0)
Requirement already satisfied: uvicorn==0.13.3 in /usr/local/lib/python3.6/site-packages (from mlserver->mlserver-mllib===0.3.0.dev1.tempo) (0.13.3)
Requirement already satisfied: orjson==3.4.6 in /usr/local/lib/python3.6/site-packages (from mlserver->mlserver-mllib===0.3.0.dev1.tempo) (3.4.6)
Requirement already satisfied: click==7.1.2 in /usr/local/lib/python3.6/site-packages (from mlserver->mlserver-mllib===0.3.0.dev1.tempo) (7.1.2)
Collecting py4j==0.10.9
  Downloading py4j-0.10.9-py2.py3-none-any.whl (198 kB)
Requirement already satisfied: six>=1.5.2 in /usr/local/lib/python3.6/site-packages (from grpcio==1.35.0->mlserver->mlserver-mllib===0.3.0.dev1.tempo) (1.15.0)
Requirement already satisfied: pydantic<2.0.0,>=1.0.0 in /usr/local/lib/python3.6/site-packages (from fastapi==0.63.0->mlserver->mlserver-mllib===0.3.0.dev1.tempo) (1.7.3)
Requirement already satisfied: starlette==0.13.6 in /usr/local/lib/python3.6/site-packages (from fastapi==0.63.0->mlserver->mlserver-mllib===0.3.0.dev1.tempo) (0.13.6)
Requirement already satisfied: typing-extensions; python_version < "3.8" in /usr/local/lib/python3.6/site-packages (from uvicorn==0.13.3->mlserver->mlserver-mllib===0.3.0.dev1.tempo) (3.7.4.3)
Requirement already satisfied: h11>=0.8 in /usr/local/lib/python3.6/site-packages (from uvicorn==0.13.3->mlserver->mlserver-mllib===0.3.0.dev1.tempo) (0.12.0)
Requirement already satisfied: dataclasses>=0.6; python_version < "3.7" in /usr/local/lib/python3.6/site-packages (from pydantic<2.0.0,>=1.0.0->fastapi==0.63.0->mlserver->mlserver-mllib===0.3.0.dev1.tempo) (0.8)
Building wheels for collected packages: pyspark
  Building wheel for pyspark (setup.py): started
  Building wheel for pyspark (setup.py): finished with status 'done'
  Created wheel for pyspark: filename=pyspark-3.0.1-py2.py3-none-any.whl size=204612243 sha256=8658abd8aea70e29eace36a566f685e0cc47809e9ad486e2828d1f6f569af968
  Stored in directory: /builder/home/.cache/pip/wheels/32/d6/81/b226c0fb07391610277bc3e3fcc50b24bae5040b71d9dba360
Successfully built pyspark
Installing collected packages: py4j, pyspark, mlserver-mllib
  Running setup.py develop for mlserver-mllib
Successfully installed mlserver-mllib py4j-0.10.9 pyspark-3.0.1
WARNING: You are using pip version 20.2.3; however, version 21.0.1 is available.
You should consider upgrading via the '/usr/local/bin/python -m pip install --upgrade pip' command.
Obtaining file:///workspace/source/runtimes/sklearn
Requirement already satisfied: mlserver in /workspace/source (from mlserver-sklearn===0.3.0.dev1.tempo) (0.3.0.dev1.tempo)
Requirement already satisfied: scikit-learn in /usr/local/lib/python3.6/site-packages (from mlserver-sklearn===0.3.0.dev1.tempo) (0.23.2)
Requirement already satisfied: joblib in /usr/local/lib/python3.6/site-packages (from mlserver-sklearn===0.3.0.dev1.tempo) (0.16.0)
Requirement already satisfied: grpcio==1.35.0 in /usr/local/lib/python3.6/site-packages (from mlserver->mlserver-sklearn===0.3.0.dev1.tempo) (1.35.0)
Requirement already satisfied: protobuf==3.14.0 in /usr/local/lib/python3.6/site-packages (from mlserver->mlserver-sklearn===0.3.0.dev1.tempo) (3.14.0)
Requirement already satisfied: fastapi==0.63.0 in /usr/local/lib/python3.6/site-packages (from mlserver->mlserver-sklearn===0.3.0.dev1.tempo) (0.63.0)
Requirement already satisfied: uvicorn==0.13.3 in /usr/local/lib/python3.6/site-packages (from mlserver->mlserver-sklearn===0.3.0.dev1.tempo) (0.13.3)
Requirement already satisfied: orjson==3.4.6 in /usr/local/lib/python3.6/site-packages (from mlserver->mlserver-sklearn===0.3.0.dev1.tempo) (3.4.6)
Requirement already satisfied: click==7.1.2 in /usr/local/lib/python3.6/site-packages (from mlserver->mlserver-sklearn===0.3.0.dev1.tempo) (7.1.2)
Requirement already satisfied: scipy>=0.19.1 in /usr/local/lib/python3.6/site-packages (from scikit-learn->mlserver-sklearn===0.3.0.dev1.tempo) (1.5.2)
Requirement already satisfied: threadpoolctl>=2.0.0 in /usr/local/lib/python3.6/site-packages (from scikit-learn->mlserver-sklearn===0.3.0.dev1.tempo) (2.1.0)
Requirement already satisfied: numpy>=1.13.3 in /usr/local/lib/python3.6/site-packages (from scikit-learn->mlserver-sklearn===0.3.0.dev1.tempo) (1.19.2)
Requirement already satisfied: six>=1.5.2 in /usr/local/lib/python3.6/site-packages (from grpcio==1.35.0->mlserver->mlserver-sklearn===0.3.0.dev1.tempo) (1.15.0)
Requirement already satisfied: pydantic<2.0.0,>=1.0.0 in /usr/local/lib/python3.6/site-packages (from fastapi==0.63.0->mlserver->mlserver-sklearn===0.3.0.dev1.tempo) (1.7.3)
Requirement already satisfied: starlette==0.13.6 in /usr/local/lib/python3.6/site-packages (from fastapi==0.63.0->mlserver->mlserver-sklearn===0.3.0.dev1.tempo) (0.13.6)
Requirement already satisfied: typing-extensions; python_version < "3.8" in /usr/local/lib/python3.6/site-packages (from uvicorn==0.13.3->mlserver->mlserver-sklearn===0.3.0.dev1.tempo) (3.7.4.3)
Requirement already satisfied: h11>=0.8 in /usr/local/lib/python3.6/site-packages (from uvicorn==0.13.3->mlserver->mlserver-sklearn===0.3.0.dev1.tempo) (0.12.0)
Requirement already satisfied: dataclasses>=0.6; python_version < "3.7" in /usr/local/lib/python3.6/site-packages (from pydantic<2.0.0,>=1.0.0->fastapi==0.63.0->mlserver->mlserver-sklearn===0.3.0.dev1.tempo) (0.8)
Installing collected packages: mlserver-sklearn
  Running setup.py develop for mlserver-sklearn
Successfully installed mlserver-sklearn
WARNING: You are using pip version 20.2.3; however, version 21.0.1 is available.
You should consider upgrading via the '/usr/local/bin/python -m pip install --upgrade pip' command.
Obtaining file:///workspace/source/runtimes/tempo
Requirement already satisfied: mlserver in /workspace/source (from mlserver-tempo===0.3.0.dev1.tempo) (0.3.0.dev1.tempo)
Collecting tempo@ git+ssh://git@github.com/SeldonIO/tempo#egg=tempo
  Cloning ssh://****@github.com/SeldonIO/tempo to /tmp/pip-install-242d48yz/tempo
ERROR: Command errored out with exit status 128: git clone -q 'ssh://****@github.com/SeldonIO/tempo' /tmp/pip-install-242d48yz/tempo Check the logs for full command output.
WARNING: You are using pip version 20.2.3; however, version 21.0.1 is available.
You should consider upgrading via the '/usr/local/bin/python -m pip install --upgrade pip' command.
Obtaining file:///workspace/source/runtimes/xgboost
Requirement already satisfied: mlserver in /workspace/source (from mlserver-xgboost===0.3.0.dev1.tempo) (0.3.0.dev1.tempo)
Collecting xgboost==1.1.1
  Downloading xgboost-1.1.1-py3-none-manylinux2010_x86_64.whl (127.6 MB)
Requirement already satisfied: grpcio==1.35.0 in /usr/local/lib/python3.6/site-packages (from mlserver->mlserver-xgboost===0.3.0.dev1.tempo) (1.35.0)
Requirement already satisfied: protobuf==3.14.0 in /usr/local/lib/python3.6/site-packages (from mlserver->mlserver-xgboost===0.3.0.dev1.tempo) (3.14.0)
Requirement already satisfied: fastapi==0.63.0 in /usr/local/lib/python3.6/site-packages (from mlserver->mlserver-xgboost===0.3.0.dev1.tempo) (0.63.0)
Requirement already satisfied: uvicorn==0.13.3 in /usr/local/lib/python3.6/site-packages (from mlserver->mlserver-xgboost===0.3.0.dev1.tempo) (0.13.3)
Requirement already satisfied: orjson==3.4.6 in /usr/local/lib/python3.6/site-packages (from mlserver->mlserver-xgboost===0.3.0.dev1.tempo) (3.4.6)
Requirement already satisfied: click==7.1.2 in /usr/local/lib/python3.6/site-packages (from mlserver->mlserver-xgboost===0.3.0.dev1.tempo) (7.1.2)
Requirement already satisfied: numpy in /usr/local/lib/python3.6/site-packages (from xgboost==1.1.1->mlserver-xgboost===0.3.0.dev1.tempo) (1.19.2)
Requirement already satisfied: scipy in /usr/local/lib/python3.6/site-packages (from xgboost==1.1.1->mlserver-xgboost===0.3.0.dev1.tempo) (1.5.2)
Requirement already satisfied: six>=1.5.2 in /usr/local/lib/python3.6/site-packages (from grpcio==1.35.0->mlserver->mlserver-xgboost===0.3.0.dev1.tempo) (1.15.0)
Requirement already satisfied: pydantic<2.0.0,>=1.0.0 in /usr/local/lib/python3.6/site-packages (from fastapi==0.63.0->mlserver->mlserver-xgboost===0.3.0.dev1.tempo) (1.7.3)
Requirement already satisfied: starlette==0.13.6 in /usr/local/lib/python3.6/site-packages (from fastapi==0.63.0->mlserver->mlserver-xgboost===0.3.0.dev1.tempo) (0.13.6)
Requirement already satisfied: h11>=0.8 in /usr/local/lib/python3.6/site-packages (from uvicorn==0.13.3->mlserver->mlserver-xgboost===0.3.0.dev1.tempo) (0.12.0)
Requirement already satisfied: typing-extensions; python_version < "3.8" in /usr/local/lib/python3.6/site-packages (from uvicorn==0.13.3->mlserver->mlserver-xgboost===0.3.0.dev1.tempo) (3.7.4.3)
Requirement already satisfied: dataclasses>=0.6; python_version < "3.7" in /usr/local/lib/python3.6/site-packages (from pydantic<2.0.0,>=1.0.0->fastapi==0.63.0->mlserver->mlserver-xgboost===0.3.0.dev1.tempo) (0.8)
Installing collected packages: xgboost, mlserver-xgboost
  Running setup.py develop for mlserver-xgboost
Successfully installed mlserver-xgboost xgboost-1.1.1
WARNING: You are using pip version 20.2.3; however, version 21.0.1 is available.
You should consider upgrading via the '/usr/local/bin/python -m pip install --upgrade pip' command.
tox
GLOB sdist-make: /workspace/source/setup.py
py3 create: /workspace/source/.tox/py3
py3 installdeps: -r/workspace/source/requirements-dev.txt
py3 inst: /workspace/source/.tox/.tmp/package/1/mlserver-0.3.0.dev1.tempo.zip
py3 installed: appdirs==1.4.4,argcomplete==1.12.2,attrs==20.3.0,black==20.8b1,bleach==3.3.0,certifi==2020.12.5,cffi==1.14.4,chardet==4.0.0,click==7.1.2,colorama==0.4.4,cryptography==3.3.1,dataclasses==0.8,datamodel-code-generator==0.7.0,distlib==0.3.1,dnspython==2.1.0,docutils==0.16,email-validator==1.1.2,fastapi==0.63.0,filelock==3.0.12,flake8==3.8.3,flake8-black==0.2.1,genson==1.2.2,grpcio==1.35.0,grpcio-tools==1.35.0,h11==0.12.0,idna==2.10,importlib-metadata==3.4.0,importlib-resources==5.1.0,inflect==4.1.1,iniconfig==1.1.1,isort==5.7.0,jeepney==0.6.0,Jinja2==2.11.3,jsonschema==3.2.0,keyring==22.0.1,MarkupSafe==1.1.1,mccabe==0.6.1,mlserver===0.3.0.dev1.tempo,mypy==0.800,mypy-extensions==0.4.3,mypy-protobuf==1.23,openapi-spec-validator==0.2.9,orjson==3.4.6,packaging==20.9,pathspec==0.8.1,pip-licenses==3.3.0,pkginfo==1.7.0,pluggy==0.13.1,prance==0.20.2,protobuf==3.14.0,PTable==0.9.2,py==1.10.0,pycodestyle==2.6.0,pycparser==2.20,pydantic==1.7.3,pyflakes==2.2.0,Pygments==2.7.4,pyparsing==2.4.7,pyrsistent==0.17.3,PySnooper==0.4.2,pytest==6.2.0,pytest-asyncio==0.14.0,PyYAML==5.4.1,readme-renderer==28.0,regex==2020.11.13,requests==2.25.1,requests-toolbelt==0.9.1,rfc3986==1.4.0,SecretStorage==3.3.0,semver==2.13.0,six==1.15.0,starlette==0.13.6,toml==0.10.2,tox==3.21.0,tqdm==4.56.0,twine==3.3.0,typed-ast==1.4.2,typing-extensions==3.7.4.3,urllib3==1.26.3,uvicorn==0.13.3,virtualenv==20.4.2,webencodings==0.5.1,zipp==3.4.0
py3 run-test-pre: PYTHONHASHSEED='3840183565'
py3 run-test: commands[0] | pytest /workspace/source/tests
============================= test session starts ==============================
platform linux -- Python 3.6.10, pytest-6.2.0, py-1.10.0, pluggy-0.13.1
cachedir: .tox/py3/.pytest_cache
rootdir: /workspace/source
plugins: asyncio-0.14.0
collected 72 items

tests/test_registry.py .......                                           [  9%]
tests/test_repository.py ....                                            [ 15%]
tests/test_settings.py ..                                                [ 18%]
tests/test_types.py ......                                               [ 26%]
tests/cli/test_serve.py ..                                               [ 29%]
tests/grpc/test_converters.py ......                                     [ 37%]
tests/grpc/test_servicers.py ............                                [ 54%]
tests/handlers/test_dataplane.py ...........                             [ 69%]
tests/handlers/test_model_repository.py ........                         [ 80%]
tests/rest/test_endpoints.py ............                                [ 97%]
tests/rest/test_utils.py ..                                              [100%]

============================== 72 passed in 2.63s ==============================
sklearn create: /workspace/source/.tox/sklearn
sklearn installdeps: -e/workspace/source, -e/workspace/source/runtimes/sklearn, -r/workspace/source/requirements-dev.txt
sklearn inst: /workspace/source/.tox/.tmp/package/1/mlserver-0.3.0.dev1.tempo.zip
sklearn installed: appdirs==1.4.4,argcomplete==1.12.2,attrs==20.3.0,black==20.8b1,bleach==3.3.0,certifi==2020.12.5,cffi==1.14.4,chardet==4.0.0,click==7.1.2,colorama==0.4.4,cryptography==3.3.1,dataclasses==0.8,datamodel-code-generator==0.7.0,distlib==0.3.1,dnspython==2.1.0,docutils==0.16,email-validator==1.1.2,fastapi==0.63.0,filelock==3.0.12,flake8==3.8.3,flake8-black==0.2.1,genson==1.2.2,grpcio==1.35.0,grpcio-tools==1.35.0,h11==0.12.0,idna==2.10,importlib-metadata==3.4.0,importlib-resources==5.1.0,inflect==4.1.1,iniconfig==1.1.1,isort==5.7.0,jeepney==0.6.0,Jinja2==2.11.3,joblib==1.0.0,jsonschema==3.2.0,keyring==22.0.1,MarkupSafe==1.1.1,mccabe==0.6.1,mlserver===0.3.0.dev1.tempo,-e git+https://github.com/SeldonIO/MLServer.git@0f17318cf2310d62370b95100d710eb1de8687cc#egg=mlserver_sklearn&subdirectory=runtimes/sklearn,mypy==0.800,mypy-extensions==0.4.3,mypy-protobuf==1.23,numpy==1.19.5,openapi-spec-validator==0.2.9,orjson==3.4.6,packaging==20.9,pathspec==0.8.1,pip-licenses==3.3.0,pkginfo==1.7.0,pluggy==0.13.1,prance==0.20.2,protobuf==3.14.0,PTable==0.9.2,py==1.10.0,pycodestyle==2.6.0,pycparser==2.20,pydantic==1.7.3,pyflakes==2.2.0,Pygments==2.7.4,pyparsing==2.4.7,pyrsistent==0.17.3,PySnooper==0.4.2,pytest==6.2.0,pytest-asyncio==0.14.0,PyYAML==5.4.1,readme-renderer==28.0,regex==2020.11.13,requests==2.25.1,requests-toolbelt==0.9.1,rfc3986==1.4.0,scikit-learn==0.24.1,scipy==1.5.4,SecretStorage==3.3.0,semver==2.13.0,six==1.15.0,starlette==0.13.6,threadpoolctl==2.1.0,toml==0.10.2,tox==3.21.0,tqdm==4.56.0,twine==3.3.0,typed-ast==1.4.2,typing-extensions==3.7.4.3,urllib3==1.26.3,uvicorn==0.13.3,virtualenv==20.4.2,webencodings==0.5.1,zipp==3.4.0
sklearn run-test-pre: PYTHONHASHSEED='3840183565'
sklearn run-test: commands[0] | pytest /workspace/source/runtimes/sklearn
============================= test session starts ==============================
platform linux -- Python 3.6.10, pytest-6.2.0, py-1.10.0, pluggy-0.13.1
cachedir: /workspace/source/.tox/sklearn/.pytest_cache
rootdir: /workspace/source/runtimes/sklearn
plugins: asyncio-0.14.0
collected 8 items

runtimes/sklearn/tests/test_sklearn.py ........                          [100%]

============================== 8 passed in 0.16s ===============================
xgboost create: /workspace/source/.tox/xgboost
xgboost installdeps: -e/workspace/source, -e/workspace/source/runtimes/xgboost, -r/workspace/source/requirements-dev.txt
xgboost inst: /workspace/source/.tox/.tmp/package/1/mlserver-0.3.0.dev1.tempo.zip
xgboost installed: appdirs==1.4.4,argcomplete==1.12.2,attrs==20.3.0,black==20.8b1,bleach==3.3.0,certifi==2020.12.5,cffi==1.14.4,chardet==4.0.0,click==7.1.2,colorama==0.4.4,cryptography==3.3.1,dataclasses==0.8,datamodel-code-generator==0.7.0,distlib==0.3.1,dnspython==2.1.0,docutils==0.16,email-validator==1.1.2,fastapi==0.63.0,filelock==3.0.12,flake8==3.8.3,flake8-black==0.2.1,genson==1.2.2,grpcio==1.35.0,grpcio-tools==1.35.0,h11==0.12.0,idna==2.10,importlib-metadata==3.4.0,importlib-resources==5.1.0,inflect==4.1.1,iniconfig==1.1.1,isort==5.7.0,jeepney==0.6.0,Jinja2==2.11.3,jsonschema==3.2.0,keyring==22.0.1,MarkupSafe==1.1.1,mccabe==0.6.1,mlserver===0.3.0.dev1.tempo,-e git+https://github.com/SeldonIO/MLServer.git@0f17318cf2310d62370b95100d710eb1de8687cc#egg=mlserver_xgboost&subdirectory=runtimes/xgboost,mypy==0.800,mypy-extensions==0.4.3,mypy-protobuf==1.23,numpy==1.19.5,openapi-spec-validator==0.2.9,orjson==3.4.6,packaging==20.9,pathspec==0.8.1,pip-licenses==3.3.0,pkginfo==1.7.0,pluggy==0.13.1,prance==0.20.2,protobuf==3.14.0,PTable==0.9.2,py==1.10.0,pycodestyle==2.6.0,pycparser==2.20,pydantic==1.7.3,pyflakes==2.2.0,Pygments==2.7.4,pyparsing==2.4.7,pyrsistent==0.17.3,PySnooper==0.4.2,pytest==6.2.0,pytest-asyncio==0.14.0,PyYAML==5.4.1,readme-renderer==28.0,regex==2020.11.13,requests==2.25.1,requests-toolbelt==0.9.1,rfc3986==1.4.0,scipy==1.5.4,SecretStorage==3.3.0,semver==2.13.0,six==1.15.0,starlette==0.13.6,toml==0.10.2,tox==3.21.0,tqdm==4.56.0,twine==3.3.0,typed-ast==1.4.2,typing-extensions==3.7.4.3,urllib3==1.26.3,uvicorn==0.13.3,virtualenv==20.4.2,webencodings==0.5.1,xgboost==1.1.1,zipp==3.4.0
xgboost run-test-pre: PYTHONHASHSEED='3840183565'
xgboost run-test: commands[0] | pytest /workspace/source/runtimes/xgboost
============================= test session starts ==============================
platform linux -- Python 3.6.10, pytest-6.2.0, py-1.10.0, pluggy-0.13.1
cachedir: /workspace/source/.tox/xgboost/.pytest_cache
rootdir: /workspace/source/runtimes/xgboost
plugins: asyncio-0.14.0
collected 5 items

runtimes/xgboost/tests/test_xgboost.py .....                             [100%]

============================== 5 passed in 5.74s ===============================
lightgbm create: /workspace/source/.tox/lightgbm
lightgbm installdeps: -e/workspace/source, -e/workspace/source/runtimes/lightgbm, -r/workspace/source/requirements-dev.txt
lightgbm inst: /workspace/source/.tox/.tmp/package/1/mlserver-0.3.0.dev1.tempo.zip
lightgbm installed: appdirs==1.4.4,argcomplete==1.12.2,attrs==20.3.0,black==20.8b1,bleach==3.3.0,certifi==2020.12.5,cffi==1.14.4,chardet==4.0.0,click==7.1.2,colorama==0.4.4,cryptography==3.3.1,dataclasses==0.8,datamodel-code-generator==0.7.0,distlib==0.3.1,dnspython==2.1.0,docutils==0.16,email-validator==1.1.2,fastapi==0.63.0,filelock==3.0.12,flake8==3.8.3,flake8-black==0.2.1,genson==1.2.2,grpcio==1.35.0,grpcio-tools==1.35.0,h11==0.12.0,idna==2.10,importlib-metadata==3.4.0,importlib-resources==5.1.0,inflect==4.1.1,iniconfig==1.1.1,isort==5.7.0,jeepney==0.6.0,Jinja2==2.11.3,joblib==1.0.0,jsonschema==3.2.0,keyring==22.0.1,lightgbm==2.3.1,MarkupSafe==1.1.1,mccabe==0.6.1,mlserver===0.3.0.dev1.tempo,-e git+https://github.com/SeldonIO/MLServer.git@0f17318cf2310d62370b95100d710eb1de8687cc#egg=mlserver_lightgbm&subdirectory=runtimes/lightgbm,mypy==0.800,mypy-extensions==0.4.3,mypy-protobuf==1.23,numpy==1.19.5,openapi-spec-validator==0.2.9,orjson==3.4.6,packaging==20.9,pandas==0.25.3,pathspec==0.8.1,pip-licenses==3.3.0,pkginfo==1.7.0,pluggy==0.13.1,prance==0.20.2,protobuf==3.14.0,PTable==0.9.2,py==1.10.0,pycodestyle==2.6.0,pycparser==2.20,pydantic==1.7.3,pyflakes==2.2.0,Pygments==2.7.4,pyparsing==2.4.7,pyrsistent==0.17.3,PySnooper==0.4.2,pytest==6.2.0,pytest-asyncio==0.14.0,python-dateutil==2.8.1,pytz==2021.1,PyYAML==5.4.1,readme-renderer==28.0,regex==2020.11.13,requests==2.25.1,requests-toolbelt==0.9.1,rfc3986==1.4.0,scikit-learn==0.24.1,scipy==1.5.4,SecretStorage==3.3.0,semver==2.13.0,six==1.15.0,starlette==0.13.6,threadpoolctl==2.1.0,toml==0.10.2,tox==3.21.0,tqdm==4.56.0,twine==3.3.0,typed-ast==1.4.2,typing-extensions==3.7.4.3,urllib3==1.26.3,uvicorn==0.13.3,virtualenv==20.4.2,webencodings==0.5.1,zipp==3.4.0
lightgbm run-test-pre: PYTHONHASHSEED='3840183565'
lightgbm run-test: commands[0] | pytest /workspace/source/runtimes/lightgbm
============================= test session starts ==============================
platform linux -- Python 3.6.10, pytest-6.2.0, py-1.10.0, pluggy-0.13.1
cachedir: /workspace/source/.tox/lightgbm/.pytest_cache
rootdir: /workspace/source/runtimes/lightgbm
plugins: asyncio-0.14.0
collected 4 items

runtimes/lightgbm/tests/test_lightgbm.py ....                            [100%]

============================== 4 passed in 6.87s ===============================
tempo create: /workspace/source/.tox/tempo
tempo installdeps: -e/workspace/source, -e/workspace/source/runtimes/tempo, -r/workspace/source/requirements-dev.txt
ERROR: invocation failed (exit code 1), logfile: /workspace/source/.tox/tempo/log/tempo-1.log
================================== log start ===================================
Obtaining file:///workspace/source
Obtaining file:///workspace/source/runtimes/tempo
Collecting grpcio-tools==1.35.0
  Using cached grpcio_tools-1.35.0-cp36-cp36m-manylinux2014_x86_64.whl (2.5 MB)
Collecting datamodel-code-generator==0.7.0
  Using cached datamodel_code_generator-0.7.0-py3-none-any.whl (188 kB)
Collecting pytest==6.2.0
  Using cached pytest-6.2.0-py3-none-any.whl (279 kB)
Collecting pytest-asyncio==0.14.0
  Using cached pytest_asyncio-0.14.0-py3-none-any.whl (11 kB)
Collecting tox==3.21.0
  Using cached tox-3.21.0-py2.py3-none-any.whl (84 kB)
Collecting flake8==3.8.3
  Using cached flake8-3.8.3-py2.py3-none-any.whl (72 kB)
Collecting flake8-black==0.2.1
  Using cached flake8_black-0.2.1-py2.py3-none-any.whl
Collecting mypy==0.800
  Using cached mypy-0.800-cp36-cp36m-manylinux2010_x86_64.whl (21.6 MB)
Collecting mypy-protobuf==1.23
  Using cached mypy_protobuf-1.23-py3-none-any.whl (7.4 kB)
Collecting black==20.8b1
  Using cached black-20.8b1-py3-none-any.whl
Collecting twine==3.3.0
  Using cached twine-3.3.0-py3-none-any.whl (34 kB)
Collecting pip-licenses==3.3.0
  Using cached pip_licenses-3.3.0-py3-none-any.whl (16 kB)
Collecting grpcio==1.35.0
  Using cached grpcio-1.35.0-cp36-cp36m-manylinux2014_x86_64.whl (4.1 MB)
Collecting protobuf==3.14.0
  Using cached protobuf-3.14.0-cp36-cp36m-manylinux1_x86_64.whl (1.0 MB)
Collecting fastapi==0.63.0
  Using cached fastapi-0.63.0-py3-none-any.whl (50 kB)
Collecting uvicorn==0.13.3
  Using cached uvicorn-0.13.3-py3-none-any.whl (45 kB)
Collecting orjson==3.4.6
  Using cached orjson-3.4.6-cp36-cp36m-manylinux2014_x86_64.whl (233 kB)
Collecting click==7.1.2
  Using cached click-7.1.2-py2.py3-none-any.whl (82 kB)
Collecting tempo@ git+ssh://git@github.com/SeldonIO/tempo#egg=tempo
  Cloning ssh://****@github.com/SeldonIO/tempo to /tmp/pip-install-v3yg7v2x/tempo_49aca0629d524b47a0d13cfa19980ddb
  Running command git clone -q 'ssh://****@github.com/SeldonIO/tempo' /tmp/pip-install-v3yg7v2x/tempo_49aca0629d524b47a0d13cfa19980ddb
  Host key verification failed.
  fatal: Could not read from remote repository.

  Please make sure you have the correct access rights
  and the repository exists.
WARNING: Discarding git+ssh://****@github.com/SeldonIO/tempo#egg=tempo. Command errored out with exit status 128: git clone -q 'ssh://****@github.com/SeldonIO/tempo' /tmp/pip-install-v3yg7v2x/tempo_49aca0629d524b47a0d13cfa19980ddb Check the logs for full command output.
INFO: pip is looking at multiple versions of mlserver to determine which version is compatible with other requirements. This could take a while.
ERROR: Could not find a version that satisfies the requirement tempo (unavailable) (from mlserver-tempo)
ERROR: No matching distribution found for tempo (unavailable)

=================================== log end ====================================
ERROR: could not install deps [-e/workspace/source, -e/workspace/source/runtimes/tempo, -r/workspace/source/requirements-dev.txt]; v = InvocationError('/workspace/source/.tox/tempo/bin/python -m pip install -e/workspace/source -e/workspace/source/runtimes/tempo -r/workspace/source/requirements-dev.txt', 1)
all create: /workspace/source/.tox/all
all installdeps: -e/workspace/source, -e/workspace/source/runtimes/sklearn, -e/workspace/source/runtimes/xgboost, -e/workspace/source/runtimes/mllib, -e/workspace/source/runtimes/lightgbm, -e/workspace/source/runtimes/tempo, -r/workspace/source/requirements-dev.txt
ERROR: invocation failed (exit code 1), logfile: /workspace/source/.tox/all/log/all-1.log
================================== log start ===================================
Obtaining file:///workspace/source
Obtaining file:///workspace/source/runtimes/sklearn
Obtaining file:///workspace/source/runtimes/xgboost
Obtaining file:///workspace/source/runtimes/mllib
Obtaining file:///workspace/source/runtimes/lightgbm
Obtaining file:///workspace/source/runtimes/tempo
Collecting grpcio-tools==1.35.0
  Using cached grpcio_tools-1.35.0-cp36-cp36m-manylinux2014_x86_64.whl (2.5 MB)
Collecting datamodel-code-generator==0.7.0
  Using cached datamodel_code_generator-0.7.0-py3-none-any.whl (188 kB)
Collecting pytest==6.2.0
  Using cached pytest-6.2.0-py3-none-any.whl (279 kB)
Collecting pytest-asyncio==0.14.0
  Using cached pytest_asyncio-0.14.0-py3-none-any.whl (11 kB)
Collecting tox==3.21.0
  Using cached tox-3.21.0-py2.py3-none-any.whl (84 kB)
Collecting flake8==3.8.3
  Using cached flake8-3.8.3-py2.py3-none-any.whl (72 kB)
Collecting flake8-black==0.2.1
  Using cached flake8_black-0.2.1-py2.py3-none-any.whl
Collecting mypy==0.800
  Using cached mypy-0.800-cp36-cp36m-manylinux2010_x86_64.whl (21.6 MB)
Collecting mypy-protobuf==1.23
  Using cached mypy_protobuf-1.23-py3-none-any.whl (7.4 kB)
Collecting black==20.8b1
  Using cached black-20.8b1-py3-none-any.whl
Collecting twine==3.3.0
  Using cached twine-3.3.0-py3-none-any.whl (34 kB)
Collecting pip-licenses==3.3.0
  Using cached pip_licenses-3.3.0-py3-none-any.whl (16 kB)
Collecting grpcio==1.35.0
  Using cached grpcio-1.35.0-cp36-cp36m-manylinux2014_x86_64.whl (4.1 MB)
Collecting protobuf==3.14.0
  Using cached protobuf-3.14.0-cp36-cp36m-manylinux1_x86_64.whl (1.0 MB)
Collecting fastapi==0.63.0
  Using cached fastapi-0.63.0-py3-none-any.whl (50 kB)
Collecting uvicorn==0.13.3
  Using cached uvicorn-0.13.3-py3-none-any.whl (45 kB)
Collecting orjson==3.4.6
  Using cached orjson-3.4.6-cp36-cp36m-manylinux2014_x86_64.whl (233 kB)
Collecting click==7.1.2
  Using cached click-7.1.2-py2.py3-none-any.whl (82 kB)
Collecting lightgbm==2.3.1
  Using cached lightgbm-2.3.1-py2.py3-none-manylinux1_x86_64.whl (1.2 MB)
Collecting pandas==0.25.3
  Using cached pandas-0.25.3-cp36-cp36m-manylinux1_x86_64.whl (10.4 MB)
Collecting pyspark==3.0.1
  Using cached pyspark-3.0.1-py2.py3-none-any.whl
Collecting scikit-learn
  Using cached scikit_learn-0.24.1-cp36-cp36m-manylinux2010_x86_64.whl (22.2 MB)
Collecting joblib
  Using cached joblib-1.0.0-py3-none-any.whl (302 kB)
Collecting tempo@ git+ssh://git@github.com/SeldonIO/tempo#egg=tempo
  Cloning ssh://****@github.com/SeldonIO/tempo to /tmp/pip-install-sx1rinpm/tempo_b635f0fbfe0140bb83f92d144c1c8817
  Running command git clone -q 'ssh://****@github.com/SeldonIO/tempo' /tmp/pip-install-sx1rinpm/tempo_b635f0fbfe0140bb83f92d144c1c8817
  Host key verification failed.
  fatal: Could not read from remote repository.

  Please make sure you have the correct access rights
  and the repository exists.
WARNING: Discarding git+ssh://****@github.com/SeldonIO/tempo#egg=tempo. Command errored out with exit status 128: git clone -q 'ssh://****@github.com/SeldonIO/tempo' /tmp/pip-install-sx1rinpm/tempo_b635f0fbfe0140bb83f92d144c1c8817 Check the logs for full command output.
INFO: pip is looking at multiple versions of mlserver-sklearn to determine which version is compatible with other requirements. This could take a while.
INFO: pip is looking at multiple versions of mlserver-mllib to determine which version is compatible with other requirements. This could take a while.
INFO: pip is looking at multiple versions of mlserver-lightgbm to determine which version is compatible with other requirements. This could take a while.
INFO: pip is looking at multiple versions of mlserver to determine which version is compatible with other requirements. This could take a while.
ERROR: Could not find a version that satisfies the requirement tempo (unavailable) (from mlserver-tempo)
ERROR: No matching distribution found for tempo (unavailable)

=================================== log end ====================================
ERROR: could not install deps [-e/workspace/source, -e/workspace/source/runtimes/sklearn, -e/workspace/source/runtimes/xgboost, -e/workspace/source/runtimes/mllib, -e/workspace/source/runtimes/lightgbm, -e/workspace/source/runtimes/tempo, -r/workspace/source/requirements-dev.txt]; v = InvocationError('/workspace/source/.tox/all/bin/python -m pip install -e/workspace/source -e/workspace/source/runtimes/sklearn -e/workspace/source/runtimes/xgboost -e/workspace/source/runtimes/mllib -e/workspace/source/runtimes/lightgbm -e/workspace/source/runtimes/tempo -r/workspace/source/requirements-dev.txt', 1)
___________________________________ summary ____________________________________
  py3: commands succeeded
  sklearn: commands succeeded
  xgboost: commands succeeded
  lightgbm: commands succeeded
ERROR:   tempo: could not install deps [-e/workspace/source, -e/workspace/source/runtimes/tempo, -r/workspace/source/requirements-dev.txt]; v = InvocationError('/workspace/source/.tox/tempo/bin/python -m pip install -e/workspace/source -e/workspace/source/runtimes/tempo -r/workspace/source/requirements-dev.txt', 1)
ERROR:   all: could not install deps [-e/workspace/source, -e/workspace/source/runtimes/sklearn, -e/workspace/source/runtimes/xgboost, -e/workspace/source/runtimes/mllib, -e/workspace/source/runtimes/lightgbm, -e/workspace/source/runtimes/tempo, -r/workspace/source/requirements-dev.txt]; v = InvocationError('/workspace/source/.tox/all/bin/python -m pip install -e/workspace/source -e/workspace/source/runtimes/sklearn -e/workspace/source/runtimes/xgboost -e/workspace/source/runtimes/mllib -e/workspace/source/runtimes/lightgbm -e/workspace/source/runtimes/tempo -r/workspace/source/requirements-dev.txt', 1)
make: *** [Makefile:58: test] Error 1
[31m
Pipeline failed on stage 'test' : container 'step-step2'. The execution of the pipeline has stopped.[0m
